#
# There is insufficient memory for the Java Runtime Environment to continue.
# Native memory allocation (malloc) failed to allocate 1798256 bytes for Chunk::new
# Possible reasons:
#   The system is out of physical RAM or swap space
#   The process is running with CompressedOops enabled, and the Java Heap may be blocking the growth of the native heap
# Possible solutions:
#   Reduce memory load on the system
#   Increase physical memory or swap space
#   Check if swap backing store is full
#   Decrease Java heap size (-Xmx/-Xms)
#   Decrease number of Java threads
#   Decrease Java thread stack sizes (-Xss)
#   Set larger code cache with -XX:ReservedCodeCacheSize=
#   JVM is running with Unscaled Compressed Oops mode in which the Java heap is
#     placed in the first 4GB address space. The Java Heap base address is the
#     maximum limit for the native heap growth. Please use -XX:HeapBaseMinAddress
#     to set the Java Heap base and to place the Java Heap above 4GB virtual address.
# This output file may be truncated or incomplete.
#
#  Out of Memory Error (t:/workspace/open/src/hotspot/share/memory/arena.cpp:196), pid=13596, tid=11248
#
# JRE version: Java(TM) SE Runtime Environment (13.0.2+8) (build 13.0.2+8)
# Java VM: Java HotSpot(TM) 64-Bit Server VM (13.0.2+8, mixed mode, sharing, tiered, compressed oops, g1 gc, windows-amd64)
# No core dump will be written. Minidumps are not enabled by default on client versions of Windows
#

---------------  S U M M A R Y ------------

Command Line: --add-opens=java.base/java.util=ALL-UNNAMED --add-opens=java.base/java.lang=ALL-UNNAMED --add-opens=java.base/java.lang.invoke=ALL-UNNAMED --add-opens=java.prefs/java.util.prefs=ALL-UNNAMED -Xmx2048m -Dfile.encoding=windows-1251 -Duser.country=RU -Duser.language=ru -Duser.variant org.gradle.launcher.daemon.bootstrap.GradleDaemon 6.1.1

Host: Intel(R) Core(TM) i5-8250U CPU @ 1.60GHz, 8 cores, 7G,  Windows 10 , 64 bit Build 18362 (10.0.18362.1082)
Time: Sun Oct 11 19:36:02 2020 RTZ 2 (ceia) elapsed time: 17 seconds (0d 0h 0m 17s)

---------------  T H R E A D  ---------------

Current thread (0x000001c458b57800):  JavaThread "C2 CompilerThread0" daemon [_thread_in_native, id=11248, stack(0x0000002678b00000,0x0000002678c00000)]


Current CompileTask:
C2:  17839 10930 %     4       com.android.tools.r8.dex.n::m @ 65 (2047 bytes)

Stack: [0x0000002678b00000,0x0000002678c00000]
Native frames: (J=compiled Java code, j=interpreted, Vv=VM code, C=native code)
V  [jvm.dll+0x624f9a]
V  [jvm.dll+0x770cfa]
V  [jvm.dll+0x7724af]
V  [jvm.dll+0x772ab3]
V  [jvm.dll+0x24bf08]
V  [jvm.dll+0xc1e47]
V  [jvm.dll+0xc23cc]
V  [jvm.dll+0x35c068]
V  [jvm.dll+0x327803]
V  [jvm.dll+0x326bda]
V  [jvm.dll+0x205c27]
V  [jvm.dll+0x204e3f]
V  [jvm.dll+0x189c2c]
V  [jvm.dll+0x213e6d]
V  [jvm.dll+0x2120bb]
V  [jvm.dll+0x736bb6]
V  [jvm.dll+0x72fcaa]
V  [jvm.dll+0x623ea6]
C  [ucrtbase.dll+0x20e82]
C  [KERNEL32.DLL+0x17bd4]
C  [ntdll.dll+0x6ce51]


---------------  P R O C E S S  ---------------

Threads class SMR info:
_java_thread_list=0x000001c462a92310, length=60, elements={
0x000001c439ba2000, 0x000001c458b37000, 0x000001c458b3b800, 0x000001c458b55800,
0x000001c458b56800, 0x000001c458b57800, 0x000001c459480800, 0x000001c4594c1000,
0x000001c4595a8800, 0x000001c4595ec000, 0x000001c45a767000, 0x000001c45acb6800,
0x000001c45ae7d000, 0x000001c45a2be000, 0x000001c45a2c0000, 0x000001c45afea800,
0x000001c45afec800, 0x000001c45b141000, 0x000001c45ae78800, 0x000001c45ae6e800,
0x000001c45b37f000, 0x000001c45b37c800, 0x000001c45b380000, 0x000001c45b381000,
0x000001c45b37d800, 0x000001c45b37c000, 0x000001c45b37b000, 0x000001c45b37e800,
0x000001c45d261800, 0x000001c45d263800, 0x000001c45d268000, 0x000001c45d262000,
0x000001c45d266000, 0x000001c45d267000, 0x000001c45d264800, 0x000001c45d268800,
0x000001c45d265800, 0x000001c45d263000, 0x000001c45d26c000, 0x000001c45d26e800,
0x000001c45d26d800, 0x000001c45d26c800, 0x000001c45d269800, 0x000001c45d26f000,
0x000001c45d270000, 0x000001c45d26a800, 0x000001c45d26b000, 0x000001c45b147800,
0x000001c45b146800, 0x000001c45b145800, 0x000001c45b149000, 0x000001c45b143000,
0x000001c45b148000, 0x000001c45b149800, 0x000001c45b144000, 0x000001c45b14c000,
0x000001c45b14d000, 0x000001c45b14a800, 0x000001c45b14e000, 0x000001c45b14e800
}

Java Threads: ( => current thread )
  0x000001c439ba2000 JavaThread "main" [_thread_blocked, id=15252, stack(0x0000002678000000,0x0000002678100000)]
  0x000001c458b37000 JavaThread "Reference Handler" daemon [_thread_blocked, id=3608, stack(0x0000002678700000,0x0000002678800000)]
  0x000001c458b3b800 JavaThread "Finalizer" daemon [_thread_blocked, id=12704, stack(0x0000002678800000,0x0000002678900000)]
  0x000001c458b55800 JavaThread "Signal Dispatcher" daemon [_thread_blocked, id=13756, stack(0x0000002678900000,0x0000002678a00000)]
  0x000001c458b56800 JavaThread "Attach Listener" daemon [_thread_blocked, id=13496, stack(0x0000002678a00000,0x0000002678b00000)]
=>0x000001c458b57800 JavaThread "C2 CompilerThread0" daemon [_thread_in_native, id=11248, stack(0x0000002678b00000,0x0000002678c00000)]
  0x000001c459480800 JavaThread "C1 CompilerThread0" daemon [_thread_blocked, id=2876, stack(0x0000002678c00000,0x0000002678d00000)]
  0x000001c4594c1000 JavaThread "Sweeper thread" daemon [_thread_blocked, id=14064, stack(0x0000002678d00000,0x0000002678e00000)]
  0x000001c4595a8800 JavaThread "Common-Cleaner" daemon [_thread_blocked, id=11388, stack(0x0000002678e00000,0x0000002678f00000)]
  0x000001c4595ec000 JavaThread "Service Thread" daemon [_thread_blocked, id=4244, stack(0x0000002678f00000,0x0000002679000000)]
  0x000001c45a767000 JavaThread "Daemon health stats" [_thread_blocked, id=9352, stack(0x0000002679400000,0x0000002679500000)]
  0x000001c45acb6800 JavaThread "Incoming local TCP Connector on port 51246" [_thread_in_native, id=13464, stack(0x0000002679100000,0x0000002679200000)]
  0x000001c45ae7d000 JavaThread "Daemon periodic checks" [_thread_blocked, id=15608, stack(0x0000002679500000,0x0000002679600000)]
  0x000001c45a2be000 JavaThread "Daemon" [_thread_blocked, id=10084, stack(0x0000002679600000,0x0000002679700000)]
  0x000001c45a2c0000 JavaThread "Handler for socket connection from /127.0.0.1:51246 to /127.0.0.1:51247" [_thread_in_native, id=17036, stack(0x0000002679700000,0x0000002679800000)]
  0x000001c45afea800 JavaThread "Cancel handler" [_thread_blocked, id=7884, stack(0x0000002679800000,0x0000002679900000)]
  0x000001c45afec800 JavaThread "Daemon worker" [_thread_blocked, id=9036, stack(0x0000002679900000,0x0000002679a00000)]
  0x000001c45b141000 JavaThread "Asynchronous log dispatcher for DefaultDaemonConnection: socket connection from /127.0.0.1:51246 to /127.0.0.1:51247" [_thread_blocked, id=13676, stack(0x0000002679a00000,0x0000002679b00000)]
  0x000001c45ae78800 JavaThread "Stdin handler" [_thread_blocked, id=14988, stack(0x0000002679b00000,0x0000002679c00000)]
  0x000001c45ae6e800 JavaThread "Thread-8" [_thread_blocked, id=3844, stack(0x0000002679c00000,0x0000002679d00000)]
  0x000001c45b37f000 JavaThread "Cache worker for journal cache (C:\Users\User\.gradle\caches\journal-1)" [_thread_blocked, id=10868, stack(0x0000002679d00000,0x0000002679e00000)]
  0x000001c45b37c800 JavaThread "File lock request listener" [_thread_in_native, id=7584, stack(0x0000002679e00000,0x0000002679f00000)]
  0x000001c45b380000 JavaThread "Cache worker for file hash cache (C:\Users\User\.gradle\caches\6.1.1\fileHashes)" [_thread_blocked, id=14560, stack(0x000000267a400000,0x000000267a500000)]
  0x000001c45b381000 JavaThread "Cache worker for checksums cache (E:\Practice\FoodApp\.gradle\checksums)" [_thread_blocked, id=1976, stack(0x000000267a600000,0x000000267a700000)]
  0x000001c45b37d800 JavaThread "Cache worker for file hash cache (E:\Practice\FoodApp\.gradle\6.1.1\fileHashes)" [_thread_blocked, id=17516, stack(0x000000267a700000,0x000000267a800000)]
  0x000001c45b37c000 JavaThread "Cache worker for cache directory md-supplier (C:\Users\User\.gradle\caches\6.1.1\md-supplier)" [_thread_blocked, id=5416, stack(0x000000267a800000,0x000000267a900000)]
  0x000001c45b37b000 JavaThread "Cache worker for cache directory md-rule (C:\Users\User\.gradle\caches\6.1.1\md-rule)" [_thread_blocked, id=10468, stack(0x000000267a900000,0x000000267aa00000)]
  0x000001c45b37e800 JavaThread "Cache worker for execution history cache (C:\Users\User\.gradle\caches\6.1.1\executionHistory)" [_thread_blocked, id=12244, stack(0x000000267aa00000,0x000000267ab00000)]
  0x000001c45d261800 JavaThread "Build operations" [_thread_blocked, id=16296, stack(0x000000267ac00000,0x000000267ad00000)]
  0x000001c45d263800 JavaThread "Build operations Thread 2" [_thread_blocked, id=812, stack(0x000000267ad00000,0x000000267ae00000)]
  0x000001c45d268000 JavaThread "Build operations Thread 3" [_thread_blocked, id=9536, stack(0x000000267ae00000,0x000000267af00000)]
  0x000001c45d262000 JavaThread "Build operations Thread 4" [_thread_blocked, id=11920, stack(0x000000267af00000,0x000000267b000000)]
  0x000001c45d266000 JavaThread "Build operations Thread 5" [_thread_blocked, id=12424, stack(0x000000267b000000,0x000000267b100000)]
  0x000001c45d267000 JavaThread "Build operations Thread 6" [_thread_blocked, id=17172, stack(0x000000267b100000,0x000000267b200000)]
  0x000001c45d264800 JavaThread "Build operations Thread 7" [_thread_blocked, id=12480, stack(0x000000267b200000,0x000000267b300000)]
  0x000001c45d268800 JavaThread "Build operations Thread 8" [_thread_blocked, id=14400, stack(0x000000267b300000,0x000000267b400000)]
  0x000001c45d265800 JavaThread "Cache worker for Build Output Cleanup Cache (E:\Practice\FoodApp\.gradle\buildOutputCleanup)" [_thread_blocked, id=10336, stack(0x000000267b400000,0x000000267b500000)]
  0x000001c45d263000 JavaThread "Memory manager" [_thread_blocked, id=12700, stack(0x000000267b500000,0x000000267b600000)]
  0x000001c45d26c000 JavaThread "Cache worker for file content cache (C:\Users\User\.gradle\caches\6.1.1\fileContent)" [_thread_blocked, id=9940, stack(0x000000267b600000,0x000000267b700000)]
  0x000001c45d26e800 JavaThread "Cache worker for file content cache (E:\Practice\FoodApp\.gradle\6.1.1\fileContent)" [_thread_blocked, id=7928, stack(0x000000267b700000,0x000000267b800000)]
  0x000001c45d26d800 JavaThread "Execution worker for ':'" [_thread_blocked, id=6200, stack(0x000000267b800000,0x000000267b900000)]
  0x000001c45d26c800 JavaThread "Execution worker for ':' Thread 2" [_thread_blocked, id=10560, stack(0x000000267b900000,0x000000267ba00000)]
  0x000001c45d269800 JavaThread "Execution worker for ':' Thread 3" [_thread_blocked, id=16104, stack(0x000000267ba00000,0x000000267bb00000)]
  0x000001c45d26f000 JavaThread "Execution worker for ':' Thread 4" [_thread_blocked, id=13356, stack(0x000000267bb00000,0x000000267bc00000)]
  0x000001c45d270000 JavaThread "Execution worker for ':' Thread 5" [_thread_blocked, id=11984, stack(0x000000267bc00000,0x000000267bd00000)]
  0x000001c45d26a800 JavaThread "Execution worker for ':' Thread 6" [_thread_blocked, id=10396, stack(0x000000267bd00000,0x000000267be00000)]
  0x000001c45d26b000 JavaThread "Execution worker for ':' Thread 7" [_thread_blocked, id=9716, stack(0x000000267be00000,0x000000267bf00000)]
  0x000001c45b147800 JavaThread "Cache worker for execution history cache (E:\Practice\FoodApp\.gradle\6.1.1\executionHistory)" [_thread_blocked, id=8760, stack(0x000000267bf00000,0x000000267c000000)]
  0x000001c45b146800 JavaThread "WorkerExecutor Queue" [_thread_blocked, id=16412, stack(0x000000267a500000,0x000000267a600000)]
  0x000001c45b145800 JavaThread "pool-2-thread-1" [_thread_blocked, id=17012, stack(0x000000267c100000,0x000000267c200000)]
  0x000001c45b149000 JavaThread "stderr" [_thread_in_native, id=16604, stack(0x000000267c200000,0x000000267c300000)]
  0x000001c45b143000 JavaThread "stdout" [_thread_in_native, id=1800, stack(0x000000267c300000,0x000000267c400000)]
  0x000001c45b148000 JavaThread "WorkerExecutor Queue Thread 3" [_thread_blocked, id=15224, stack(0x000000267c000000,0x000000267c100000)]
  0x000001c45b149800 JavaThread "WorkerExecutor Queue Thread 4" [_thread_blocked, id=5420, stack(0x000000267c400000,0x000000267c500000)]
  0x000001c45b144000 JavaThread "WorkerExecutor Queue Thread 5" [_thread_blocked, id=7912, stack(0x000000267c500000,0x000000267c600000)]
  0x000001c45b14c000 JavaThread "WorkerExecutor Queue Thread 6" [_thread_blocked, id=6128, stack(0x000000267c600000,0x000000267c700000)]
  0x000001c45b14d000 JavaThread "WorkerExecutor Queue Thread 7" [_thread_blocked, id=17932, stack(0x000000267c700000,0x000000267c800000)]
  0x000001c45b14a800 JavaThread "WorkerExecutor Queue Thread 8" [_thread_blocked, id=13876, stack(0x000000267c800000,0x000000267c900000)]
  0x000001c45b14e000 JavaThread "WorkerExecutor Queue Thread 9" [_thread_blocked, id=15612, stack(0x000000267c900000,0x000000267ca00000)]
  0x000001c45b14e800 JavaThread "WorkerExecutor Queue Thread 10" [_thread_blocked, id=11636, stack(0x000000267ca00000,0x000000267cb00000)]

Other Threads:
  0x000001c458b0c800 VMThread "VM Thread" [stack: 0x0000002678600000,0x0000002678700000] [id=15872]
  0x000001c4595ec800 WatcherThread [stack: 0x0000002679000000,0x0000002679100000] [id=3252]
  0x000001c439be5000 GCTaskThread "GC Thread#0" [stack: 0x0000002678100000,0x0000002678200000] [id=11736]
  0x000001c459e7f800 GCTaskThread "GC Thread#1" [stack: 0x0000002679200000,0x0000002679300000] [id=8144]
  0x000001c45a18f800 GCTaskThread "GC Thread#2" [stack: 0x0000002679300000,0x0000002679400000] [id=8600]
  0x000001c45b326000 GCTaskThread "GC Thread#3" [stack: 0x0000002679f00000,0x000000267a000000] [id=4808]
  0x000001c45b321800 GCTaskThread "GC Thread#4" [stack: 0x000000267a000000,0x000000267a100000] [id=7028]
  0x000001c45b10d800 GCTaskThread "GC Thread#5" [stack: 0x000000267a100000,0x000000267a200000] [id=13984]
  0x000001c45b135800 GCTaskThread "GC Thread#6" [stack: 0x000000267a200000,0x000000267a300000] [id=1924]
  0x000001c45b104800 GCTaskThread "GC Thread#7" [stack: 0x000000267a300000,0x000000267a400000] [id=2636]
  0x000001c439bf8800 ConcurrentGCThread "G1 Main Marker" [stack: 0x0000002678200000,0x0000002678300000] [id=8104]
  0x000001c439bfa800 ConcurrentGCThread "G1 Conc#0" [stack: 0x0000002678300000,0x0000002678400000] [id=17760]
  0x000001c45b796800 ConcurrentGCThread "G1 Conc#1" [stack: 0x000000267ab00000,0x000000267ac00000] [id=10328]
  0x000001c439c6e000 ConcurrentGCThread "G1 Refine#0" [stack: 0x0000002678400000,0x0000002678500000] [id=15756]
  0x000001c45898a800 ConcurrentGCThread "G1 Young RemSet Sampling" [stack: 0x0000002678500000,0x0000002678600000] [id=6880]

Threads with active compile tasks:
C2 CompilerThread0    17937 10930 %     4       com.android.tools.r8.dex.n::m @ 65 (2047 bytes)
C1 CompilerThread0    17937 11651       2       com.android.tools.r8.ir.conversion.N::a (3075 bytes)

VM state:at safepoint (normal execution)

VM Mutex/Monitor currently owned by a thread:  ([mutex/lock_event])
[0x000001c439b9f030] Threads_lock - owner thread: 0x000001c458b0c800
[0x000001c439b9e340] Heap_lock - owner thread: 0x000001c439bf8800

Heap address: 0x0000000080000000, size: 2048 MB, Compressed Oops mode: 32-bit
Narrow klass base: 0x0000000800000000, Narrow klass shift: 3
Compressed class space size: 1073741824 Address: 0x0000000800b40000

Heap:
 garbage-first heap   total 281600K, used 165230K [0x0000000080000000, 0x0000000100000000)
  region size 1024K, 30 young (30720K), 7 survivors (7168K)
 Metaspace       used 83282K, capacity 85701K, committed 86172K, reserved 1124352K
  class space    used 11155K, capacity 12057K, committed 12236K, reserved 1048576K
Heap Regions: E=young(eden), S=young(survivor), O=old, HS=humongous(starts), HC=humongous(continues), CS=collection set, F=free, A=archive, TAMS=top-at-mark-start (previous, next)
|   0|0x0000000080000000, 0x0000000080100000, 0x0000000080100000|100%|HS|  |TAMS 0x0000000080100000, 0x0000000080000000| Complete 
|   1|0x0000000080100000, 0x0000000080200000, 0x0000000080200000|100%|HC|  |TAMS 0x0000000080200000, 0x0000000080100000| Complete 
|   2|0x0000000080200000, 0x0000000080300000, 0x0000000080300000|100%| O|  |TAMS 0x0000000080300000, 0x0000000080200000| Updating 
|   3|0x0000000080300000, 0x0000000080400000, 0x0000000080400000|100%|HS|  |TAMS 0x0000000080400000, 0x0000000080300000| Complete 
|   4|0x0000000080400000, 0x0000000080500000, 0x0000000080500000|100%|HC|  |TAMS 0x0000000080500000, 0x0000000080400000| Complete 
|   5|0x0000000080500000, 0x0000000080600000, 0x0000000080600000|100%|HC|  |TAMS 0x0000000080600000, 0x0000000080500000| Complete 
|   6|0x0000000080600000, 0x0000000080700000, 0x0000000080700000|100%| O|  |TAMS 0x0000000080700000, 0x0000000080600000| Updating 
|   7|0x0000000080700000, 0x0000000080800000, 0x0000000080800000|100%| O|  |TAMS 0x0000000080800000, 0x0000000080700000| Updating 
|   8|0x0000000080800000, 0x0000000080900000, 0x0000000080900000|100%| O|  |TAMS 0x0000000080900000, 0x0000000080800000| Updating 
|   9|0x0000000080900000, 0x0000000080a00000, 0x0000000080a00000|100%|HS|  |TAMS 0x0000000080a00000, 0x0000000080900000| Complete 
|  10|0x0000000080a00000, 0x0000000080b00000, 0x0000000080b00000|100%|HC|  |TAMS 0x0000000080b00000, 0x0000000080a00000| Complete 
|  11|0x0000000080b00000, 0x0000000080c00000, 0x0000000080c00000|100%|HC|  |TAMS 0x0000000080c00000, 0x0000000080b00000| Complete 
|  12|0x0000000080c00000, 0x0000000080d00000, 0x0000000080d00000|100%|HS|  |TAMS 0x0000000080d00000, 0x0000000080c00000| Complete 
|  13|0x0000000080d00000, 0x0000000080e00000, 0x0000000080e00000|100%|HC|  |TAMS 0x0000000080e00000, 0x0000000080d00000| Complete 
|  14|0x0000000080e00000, 0x0000000080f00000, 0x0000000080f00000|100%|HC|  |TAMS 0x0000000080f00000, 0x0000000080e00000| Complete 
|  15|0x0000000080f00000, 0x0000000081000000, 0x0000000081000000|100%|HC|  |TAMS 0x0000000081000000, 0x0000000080f00000| Complete 
|  16|0x0000000081000000, 0x0000000081100000, 0x0000000081100000|100%| O|  |TAMS 0x0000000081100000, 0x0000000081000000| Updating 
|  17|0x0000000081100000, 0x0000000081200000, 0x0000000081200000|100%| O|  |TAMS 0x0000000081200000, 0x0000000081100000| Updating 
|  18|0x0000000081200000, 0x0000000081300000, 0x0000000081300000|100%| O|  |TAMS 0x0000000081300000, 0x0000000081200000| Updating 
|  19|0x0000000081300000, 0x0000000081400000, 0x0000000081400000|100%| O|  |TAMS 0x0000000081400000, 0x0000000081300000| Updating 
|  20|0x0000000081400000, 0x0000000081500000, 0x0000000081500000|100%| O|  |TAMS 0x0000000081500000, 0x0000000081400000| Updating 
|  21|0x0000000081500000, 0x0000000081600000, 0x0000000081600000|100%| O|  |TAMS 0x0000000081600000, 0x0000000081500000| Updating 
|  22|0x0000000081600000, 0x0000000081700000, 0x0000000081700000|100%| O|  |TAMS 0x0000000081700000, 0x0000000081600000| Updating 
|  23|0x0000000081700000, 0x0000000081800000, 0x0000000081800000|100%| O|  |TAMS 0x0000000081800000, 0x0000000081700000| Updating 
|  24|0x0000000081800000, 0x0000000081823200, 0x0000000081900000| 13%| O|  |TAMS 0x0000000081823200, 0x0000000081800000| Updating 
|  25|0x0000000081900000, 0x0000000081a00000, 0x0000000081a00000|100%| O|  |TAMS 0x0000000081a00000, 0x0000000081900000| Updating 
|  26|0x0000000081a00000, 0x0000000081b00000, 0x0000000081b00000|100%| O|  |TAMS 0x0000000081b00000, 0x0000000081a00000| Updating 
|  27|0x0000000081b00000, 0x0000000081c00000, 0x0000000081c00000|100%| O|  |TAMS 0x0000000081c00000, 0x0000000081b00000| Updating 
|  28|0x0000000081c00000, 0x0000000081d00000, 0x0000000081d00000|100%| O|  |TAMS 0x0000000081d00000, 0x0000000081c00000| Updating 
|  29|0x0000000081d00000, 0x0000000081e00000, 0x0000000081e00000|100%| O|  |TAMS 0x0000000081e00000, 0x0000000081d00000| Updating 
|  30|0x0000000081e00000, 0x0000000081f00000, 0x0000000081f00000|100%| O|  |TAMS 0x0000000081f00000, 0x0000000081e00000| Updating 
|  31|0x0000000081f00000, 0x0000000082000000, 0x0000000082000000|100%| O|  |TAMS 0x0000000082000000, 0x0000000081f00000| Updating 
|  32|0x0000000082000000, 0x0000000082100000, 0x0000000082100000|100%| O|  |TAMS 0x0000000082100000, 0x0000000082000000| Updating 
|  33|0x0000000082100000, 0x0000000082200000, 0x0000000082200000|100%| O|  |TAMS 0x0000000082200000, 0x0000000082100000| Updating 
|  34|0x0000000082200000, 0x0000000082300000, 0x0000000082300000|100%|HS|  |TAMS 0x0000000082300000, 0x0000000082200000| Complete 
|  35|0x0000000082300000, 0x0000000082400000, 0x0000000082400000|100%|HC|  |TAMS 0x0000000082400000, 0x0000000082300000| Complete 
|  36|0x0000000082400000, 0x0000000082500000, 0x0000000082500000|100%|HC|  |TAMS 0x0000000082500000, 0x0000000082400000| Complete 
|  37|0x0000000082500000, 0x0000000082600000, 0x0000000082600000|100%|HS|  |TAMS 0x0000000082600000, 0x0000000082500000| Complete 
|  38|0x0000000082600000, 0x0000000082700000, 0x0000000082700000|100%|HC|  |TAMS 0x0000000082700000, 0x0000000082600000| Complete 
|  39|0x0000000082700000, 0x0000000082800000, 0x0000000082800000|100%|HC|  |TAMS 0x0000000082800000, 0x0000000082700000| Complete 
|  40|0x0000000082800000, 0x0000000082900000, 0x0000000082900000|100%|HS|  |TAMS 0x0000000082900000, 0x0000000082800000| Complete 
|  41|0x0000000082900000, 0x0000000082a00000, 0x0000000082a00000|100%|HC|  |TAMS 0x0000000082a00000, 0x0000000082900000| Complete 
|  42|0x0000000082a00000, 0x0000000082b00000, 0x0000000082b00000|100%| O|  |TAMS 0x0000000082b00000, 0x0000000082a00000| Updating 
|  43|0x0000000082b00000, 0x0000000082c00000, 0x0000000082c00000|100%| O|  |TAMS 0x0000000082c00000, 0x0000000082b00000| Updating 
|  44|0x0000000082c00000, 0x0000000082d00000, 0x0000000082d00000|100%| O|  |TAMS 0x0000000082d00000, 0x0000000082c00000| Updating 
|  45|0x0000000082d00000, 0x0000000082e00000, 0x0000000082e00000|100%| O|  |TAMS 0x0000000082e00000, 0x0000000082d00000| Updating 
|  46|0x0000000082e00000, 0x0000000082f00000, 0x0000000082f00000|100%| O|  |TAMS 0x0000000082f00000, 0x0000000082e00000| Updating 
|  47|0x0000000082f00000, 0x0000000083000000, 0x0000000083000000|100%| O|  |TAMS 0x0000000083000000, 0x0000000082f00000| Updating 
|  48|0x0000000083000000, 0x0000000083100000, 0x0000000083100000|100%| O|  |TAMS 0x0000000083100000, 0x0000000083000000| Updating 
|  49|0x0000000083100000, 0x0000000083200000, 0x0000000083200000|100%| O|  |TAMS 0x0000000083200000, 0x0000000083100000| Updating 
|  50|0x0000000083200000, 0x0000000083300000, 0x0000000083300000|100%| O|  |TAMS 0x0000000083300000, 0x0000000083200000| Updating 
|  51|0x0000000083300000, 0x0000000083400000, 0x0000000083400000|100%| O|  |TAMS 0x0000000083400000, 0x0000000083300000| Updating 
|  52|0x0000000083400000, 0x0000000083500000, 0x0000000083500000|100%| O|  |TAMS 0x0000000083500000, 0x0000000083400000| Updating 
|  53|0x0000000083500000, 0x0000000083600000, 0x0000000083600000|100%| O|  |TAMS 0x0000000083600000, 0x0000000083500000| Updating 
|  54|0x0000000083600000, 0x0000000083700000, 0x0000000083700000|100%| O|  |TAMS 0x0000000083700000, 0x0000000083600000| Updating 
|  55|0x0000000083700000, 0x0000000083800000, 0x0000000083800000|100%| O|  |TAMS 0x0000000083800000, 0x0000000083700000| Updating 
|  56|0x0000000083800000, 0x0000000083900000, 0x0000000083900000|100%| O|  |TAMS 0x0000000083900000, 0x0000000083800000| Updating 
|  57|0x0000000083900000, 0x0000000083a00000, 0x0000000083a00000|100%| O|  |TAMS 0x0000000083a00000, 0x0000000083900000| Updating 
|  58|0x0000000083a00000, 0x0000000083b00000, 0x0000000083b00000|100%| O|  |TAMS 0x0000000083b00000, 0x0000000083a00000| Updating 
|  59|0x0000000083b00000, 0x0000000083c00000, 0x0000000083c00000|100%| O|  |TAMS 0x0000000083c00000, 0x0000000083b00000| Updating 
|  60|0x0000000083c00000, 0x0000000083d00000, 0x0000000083d00000|100%| O|  |TAMS 0x0000000083d00000, 0x0000000083c00000| Updating 
|  61|0x0000000083d00000, 0x0000000083e00000, 0x0000000083e00000|100%| O|  |TAMS 0x0000000083e00000, 0x0000000083d00000| Updating 
|  62|0x0000000083e00000, 0x0000000083f00000, 0x0000000083f00000|100%| O|  |TAMS 0x0000000083f00000, 0x0000000083e00000| Updating 
|  63|0x0000000083f00000, 0x0000000084000000, 0x0000000084000000|100%| O|  |TAMS 0x0000000084000000, 0x0000000083f00000| Updating 
|  64|0x0000000084000000, 0x0000000084100000, 0x0000000084100000|100%| O|  |TAMS 0x0000000084100000, 0x0000000084000000| Updating 
|  65|0x0000000084100000, 0x0000000084200000, 0x0000000084200000|100%| O|  |TAMS 0x0000000084200000, 0x0000000084100000| Updating 
|  66|0x0000000084200000, 0x0000000084300000, 0x0000000084300000|100%| O|  |TAMS 0x0000000084300000, 0x0000000084200000| Updating 
|  67|0x0000000084300000, 0x0000000084400000, 0x0000000084400000|100%| O|  |TAMS 0x0000000084400000, 0x0000000084300000| Updating 
|  68|0x0000000084400000, 0x0000000084500000, 0x0000000084500000|100%| O|  |TAMS 0x0000000084500000, 0x0000000084400000| Updating 
|  69|0x0000000084500000, 0x0000000084600000, 0x0000000084600000|100%| O|  |TAMS 0x0000000084600000, 0x0000000084500000| Updating 
|  70|0x0000000084600000, 0x0000000084700000, 0x0000000084700000|100%| O|  |TAMS 0x0000000084700000, 0x0000000084600000| Updating 
|  71|0x0000000084700000, 0x0000000084800000, 0x0000000084800000|100%| O|  |TAMS 0x0000000084800000, 0x0000000084700000| Updating 
|  72|0x0000000084800000, 0x0000000084900000, 0x0000000084900000|100%| O|  |TAMS 0x0000000084900000, 0x0000000084800000| Updating 
|  73|0x0000000084900000, 0x0000000084a00000, 0x0000000084a00000|100%| O|  |TAMS 0x0000000084a00000, 0x0000000084900000| Updating 
|  74|0x0000000084a00000, 0x0000000084b00000, 0x0000000084b00000|100%| O|  |TAMS 0x0000000084b00000, 0x0000000084a00000| Updating 
|  75|0x0000000084b00000, 0x0000000084c00000, 0x0000000084c00000|100%| O|  |TAMS 0x0000000084c00000, 0x0000000084b00000| Updating 
|  76|0x0000000084c00000, 0x0000000084d00000, 0x0000000084d00000|100%| O|  |TAMS 0x0000000084d00000, 0x0000000084c00000| Updating 
|  77|0x0000000084d00000, 0x0000000084e00000, 0x0000000084e00000|100%| O|  |TAMS 0x0000000084e00000, 0x0000000084d00000| Updating 
|  78|0x0000000084e00000, 0x0000000084f00000, 0x0000000084f00000|100%| O|  |TAMS 0x0000000084f00000, 0x0000000084e00000| Updating 
|  79|0x0000000084f00000, 0x0000000085000000, 0x0000000085000000|100%| O|  |TAMS 0x0000000085000000, 0x0000000084f00000| Updating 
|  80|0x0000000085000000, 0x0000000085100000, 0x0000000085100000|100%| O|  |TAMS 0x0000000085100000, 0x0000000085000000| Updating 
|  81|0x0000000085100000, 0x0000000085200000, 0x0000000085200000|100%| O|  |TAMS 0x0000000085200000, 0x0000000085100000| Updating 
|  82|0x0000000085200000, 0x0000000085300000, 0x0000000085300000|100%| O|  |TAMS 0x0000000085300000, 0x0000000085200000| Updating 
|  83|0x0000000085300000, 0x0000000085400000, 0x0000000085400000|100%| O|  |TAMS 0x0000000085400000, 0x0000000085300000| Updating 
|  84|0x0000000085400000, 0x0000000085500000, 0x0000000085500000|100%| O|  |TAMS 0x0000000085500000, 0x0000000085400000| Updating 
|  85|0x0000000085500000, 0x0000000085600000, 0x0000000085600000|100%| O|  |TAMS 0x0000000085600000, 0x0000000085500000| Updating 
|  86|0x0000000085600000, 0x0000000085700000, 0x0000000085700000|100%| O|  |TAMS 0x0000000085700000, 0x0000000085600000| Updating 
|  87|0x0000000085700000, 0x0000000085800000, 0x0000000085800000|100%| O|  |TAMS 0x0000000085800000, 0x0000000085700000| Updating 
|  88|0x0000000085800000, 0x0000000085900000, 0x0000000085900000|100%|HS|  |TAMS 0x0000000085900000, 0x0000000085800000| Complete 
|  89|0x0000000085900000, 0x0000000085a00000, 0x0000000085a00000|100%|HS|  |TAMS 0x0000000085a00000, 0x0000000085900000| Complete 
|  90|0x0000000085a00000, 0x0000000085b00000, 0x0000000085b00000|100%|HS|  |TAMS 0x0000000085b00000, 0x0000000085a00000| Complete 
|  91|0x0000000085b00000, 0x0000000085c00000, 0x0000000085c00000|100%|HS|  |TAMS 0x0000000085c00000, 0x0000000085b00000| Complete 
|  92|0x0000000085c00000, 0x0000000085d00000, 0x0000000085d00000|100%|HC|  |TAMS 0x0000000085d00000, 0x0000000085c00000| Complete 
|  93|0x0000000085d00000, 0x0000000085e00000, 0x0000000085e00000|100%|HS|  |TAMS 0x0000000085e00000, 0x0000000085d00000| Complete 
|  94|0x0000000085e00000, 0x0000000085f00000, 0x0000000085f00000|100%|HS|  |TAMS 0x0000000085f00000, 0x0000000085e00000| Complete 
|  95|0x0000000085f00000, 0x0000000086000000, 0x0000000086000000|100%|HC|  |TAMS 0x0000000086000000, 0x0000000085f00000| Complete 
|  96|0x0000000086000000, 0x0000000086100000, 0x0000000086100000|100%|HS|  |TAMS 0x0000000086100000, 0x0000000086000000| Complete 
|  97|0x0000000086100000, 0x0000000086200000, 0x0000000086200000|100%| O|  |TAMS 0x0000000086200000, 0x0000000086100000| Updating 
|  98|0x0000000086200000, 0x0000000086300000, 0x0000000086300000|100%| O|  |TAMS 0x0000000086300000, 0x0000000086200000| Updating 
|  99|0x0000000086300000, 0x0000000086400000, 0x0000000086400000|100%| O|  |TAMS 0x0000000086400000, 0x0000000086300000| Updating 
| 100|0x0000000086400000, 0x0000000086500000, 0x0000000086500000|100%| O|  |TAMS 0x0000000086400000, 0x0000000086400000| Untracked 
| 101|0x0000000086500000, 0x0000000086600000, 0x0000000086600000|100%|HS|  |TAMS 0x0000000086600000, 0x0000000086500000| Complete 
| 102|0x0000000086600000, 0x0000000086700000, 0x0000000086700000|100%| O|  |TAMS 0x0000000086600000, 0x0000000086600000| Untracked 
| 103|0x0000000086700000, 0x0000000086800000, 0x0000000086800000|100%|HS|  |TAMS 0x0000000086800000, 0x0000000086700000| Complete 
| 104|0x0000000086800000, 0x0000000086900000, 0x0000000086900000|100%| O|  |TAMS 0x0000000086800000, 0x0000000086800000| Untracked 
| 105|0x0000000086900000, 0x0000000086a00000, 0x0000000086a00000|100%|HS|  |TAMS 0x0000000086a00000, 0x0000000086900000| Complete 
| 106|0x0000000086a00000, 0x0000000086b00000, 0x0000000086b00000|100%| O|  |TAMS 0x0000000086a00000, 0x0000000086a00000| Untracked 
| 107|0x0000000086b00000, 0x0000000086c00000, 0x0000000086c00000|100%| O|  |TAMS 0x0000000086b00000, 0x0000000086b00000| Untracked 
| 108|0x0000000086c00000, 0x0000000086d00000, 0x0000000086d00000|100%|HS|  |TAMS 0x0000000086d00000, 0x0000000086c00000| Complete 
| 109|0x0000000086d00000, 0x0000000086e00000, 0x0000000086e00000|100%|HC|  |TAMS 0x0000000086e00000, 0x0000000086d00000| Complete 
| 110|0x0000000086e00000, 0x0000000086f00000, 0x0000000086f00000|100%| O|  |TAMS 0x0000000086e00000, 0x0000000086e00000| Untracked 
| 111|0x0000000086f00000, 0x0000000087000000, 0x0000000087000000|100%|HS|  |TAMS 0x0000000087000000, 0x0000000086f00000| Complete 
| 112|0x0000000087000000, 0x0000000087100000, 0x0000000087100000|100%| O|  |TAMS 0x0000000087000000, 0x0000000087000000| Untracked 
| 113|0x0000000087100000, 0x0000000087200000, 0x0000000087200000|100%| O|  |TAMS 0x0000000087100000, 0x0000000087100000| Untracked 
| 114|0x0000000087200000, 0x0000000087300000, 0x0000000087300000|100%|HS|  |TAMS 0x0000000087300000, 0x0000000087200000| Complete 
| 115|0x0000000087300000, 0x0000000087400000, 0x0000000087400000|100%|HC|  |TAMS 0x0000000087400000, 0x0000000087300000| Complete 
| 116|0x0000000087400000, 0x0000000087500000, 0x0000000087500000|100%| O|  |TAMS 0x0000000087400000, 0x0000000087400000| Untracked 
| 117|0x0000000087500000, 0x0000000087600000, 0x0000000087600000|100%|HS|  |TAMS 0x0000000087600000, 0x0000000087500000| Complete 
| 118|0x0000000087600000, 0x0000000087700000, 0x0000000087700000|100%| O|  |TAMS 0x0000000087700000, 0x0000000087600000| Updating 
| 119|0x0000000087700000, 0x0000000087800000, 0x0000000087800000|100%| O|  |TAMS 0x0000000087800000, 0x0000000087700000| Updating 
| 120|0x0000000087800000, 0x0000000087900000, 0x0000000087900000|100%| O|  |TAMS 0x0000000087900000, 0x0000000087800000| Updating 
| 121|0x0000000087900000, 0x0000000087a00000, 0x0000000087a00000|100%| O|  |TAMS 0x0000000087a00000, 0x0000000087900000| Updating 
| 122|0x0000000087a00000, 0x0000000087b00000, 0x0000000087b00000|100%| O|  |TAMS 0x0000000087b00000, 0x0000000087a00000| Updating 
| 123|0x0000000087b00000, 0x0000000087c00000, 0x0000000087c00000|100%| O|  |TAMS 0x0000000087c00000, 0x0000000087b00000| Updating 
| 124|0x0000000087c00000, 0x0000000087d00000, 0x0000000087d00000|100%| O|  |TAMS 0x0000000087d00000, 0x0000000087c00000| Updating 
| 125|0x0000000087d00000, 0x0000000087e00000, 0x0000000087e00000|100%| O|  |TAMS 0x0000000087e00000, 0x0000000087d00000| Updating 
| 126|0x0000000087e00000, 0x0000000087f00000, 0x0000000087f00000|100%| O|  |TAMS 0x0000000087f00000, 0x0000000087e00000| Updating 
| 127|0x0000000087f00000, 0x0000000088000000, 0x0000000088000000|100%| O|  |TAMS 0x0000000088000000, 0x0000000087f00000| Updating 
| 128|0x0000000088000000, 0x0000000088100000, 0x0000000088100000|100%| O|  |TAMS 0x0000000088100000, 0x0000000088000000| Updating 
| 129|0x0000000088100000, 0x0000000088200000, 0x0000000088200000|100%| O|  |TAMS 0x0000000088200000, 0x0000000088100000| Updating 
| 130|0x0000000088200000, 0x0000000088300000, 0x0000000088300000|100%| O|  |TAMS 0x000000008820dc00, 0x0000000088200000| Untracked 
| 131|0x0000000088300000, 0x0000000088400000, 0x0000000088400000|100%| O|  |TAMS 0x0000000088300000, 0x0000000088300000| Untracked 
| 132|0x0000000088400000, 0x0000000088500000, 0x0000000088500000|100%| O|  |TAMS 0x0000000088400000, 0x0000000088400000| Untracked 
| 133|0x0000000088500000, 0x0000000088538600, 0x0000000088600000| 22%| O|  |TAMS 0x0000000088500000, 0x0000000088500000| Updating 
| 134|0x0000000088600000, 0x0000000088700000, 0x0000000088700000|100%|HS|  |TAMS 0x0000000088600000, 0x0000000088600000| Complete 
| 135|0x0000000088700000, 0x0000000088700000, 0x0000000088800000|  0%| F|  |TAMS 0x0000000088700000, 0x0000000088700000| Untracked 
| 136|0x0000000088800000, 0x0000000088800000, 0x0000000088900000|  0%| F|  |TAMS 0x0000000088800000, 0x0000000088800000| Untracked 
| 137|0x0000000088900000, 0x0000000088900000, 0x0000000088a00000|  0%| F|  |TAMS 0x0000000088900000, 0x0000000088900000| Untracked 
| 138|0x0000000088a00000, 0x0000000088a00000, 0x0000000088b00000|  0%| F|  |TAMS 0x0000000088a00000, 0x0000000088a00000| Untracked 
| 139|0x0000000088b00000, 0x0000000088b00000, 0x0000000088c00000|  0%| F|  |TAMS 0x0000000088b00000, 0x0000000088b00000| Untracked 
| 140|0x0000000088c00000, 0x0000000088c00000, 0x0000000088d00000|  0%| F|  |TAMS 0x0000000088c00000, 0x0000000088c00000| Untracked 
| 141|0x0000000088d00000, 0x0000000088d00000, 0x0000000088e00000|  0%| F|  |TAMS 0x0000000088d00000, 0x0000000088d00000| Untracked 
| 142|0x0000000088e00000, 0x0000000088e00000, 0x0000000088f00000|  0%| F|  |TAMS 0x0000000088e00000, 0x0000000088e00000| Untracked 
| 143|0x0000000088f00000, 0x0000000088f00000, 0x0000000089000000|  0%| F|  |TAMS 0x0000000088f00000, 0x0000000088f00000| Untracked 
| 144|0x0000000089000000, 0x0000000089000000, 0x0000000089100000|  0%| F|  |TAMS 0x0000000089000000, 0x0000000089000000| Untracked 
| 145|0x0000000089100000, 0x0000000089100000, 0x0000000089200000|  0%| F|  |TAMS 0x0000000089100000, 0x0000000089100000| Untracked 
| 146|0x0000000089200000, 0x0000000089200000, 0x0000000089300000|  0%| F|  |TAMS 0x0000000089200000, 0x0000000089200000| Untracked 
| 147|0x0000000089300000, 0x0000000089300000, 0x0000000089400000|  0%| F|  |TAMS 0x0000000089300000, 0x0000000089300000| Untracked 
| 148|0x0000000089400000, 0x0000000089400000, 0x0000000089500000|  0%| F|  |TAMS 0x0000000089400000, 0x0000000089400000| Untracked 
| 149|0x0000000089500000, 0x0000000089500000, 0x0000000089600000|  0%| F|  |TAMS 0x0000000089500000, 0x0000000089500000| Untracked 
| 150|0x0000000089600000, 0x0000000089600000, 0x0000000089700000|  0%| F|  |TAMS 0x0000000089600000, 0x0000000089600000| Untracked 
| 151|0x0000000089700000, 0x0000000089700000, 0x0000000089800000|  0%| F|  |TAMS 0x0000000089700000, 0x0000000089700000| Untracked 
| 152|0x0000000089800000, 0x0000000089800000, 0x0000000089900000|  0%| F|  |TAMS 0x0000000089800000, 0x0000000089800000| Untracked 
| 153|0x0000000089900000, 0x0000000089900000, 0x0000000089a00000|  0%| F|  |TAMS 0x0000000089900000, 0x0000000089900000| Untracked 
| 154|0x0000000089a00000, 0x0000000089a00000, 0x0000000089b00000|  0%| F|  |TAMS 0x0000000089a00000, 0x0000000089a00000| Untracked 
| 155|0x0000000089b00000, 0x0000000089b00000, 0x0000000089c00000|  0%| F|  |TAMS 0x0000000089b00000, 0x0000000089b00000| Untracked 
| 156|0x0000000089c00000, 0x0000000089c00000, 0x0000000089d00000|  0%| F|  |TAMS 0x0000000089c00000, 0x0000000089c00000| Untracked 
| 157|0x0000000089d00000, 0x0000000089d00000, 0x0000000089e00000|  0%| F|  |TAMS 0x0000000089d00000, 0x0000000089d00000| Untracked 
| 158|0x0000000089e00000, 0x0000000089e00000, 0x0000000089f00000|  0%| F|  |TAMS 0x0000000089e00000, 0x0000000089e00000| Untracked 
| 159|0x0000000089f00000, 0x0000000089f00000, 0x000000008a000000|  0%| F|  |TAMS 0x0000000089f00000, 0x0000000089f00000| Untracked 
| 160|0x000000008a000000, 0x000000008a000000, 0x000000008a100000|  0%| F|  |TAMS 0x000000008a000000, 0x000000008a000000| Untracked 
| 161|0x000000008a100000, 0x000000008a100000, 0x000000008a200000|  0%| F|  |TAMS 0x000000008a100000, 0x000000008a100000| Untracked 
| 162|0x000000008a200000, 0x000000008a200000, 0x000000008a300000|  0%| F|  |TAMS 0x000000008a200000, 0x000000008a200000| Untracked 
| 163|0x000000008a300000, 0x000000008a300000, 0x000000008a400000|  0%| F|  |TAMS 0x000000008a300000, 0x000000008a300000| Untracked 
| 164|0x000000008a400000, 0x000000008a400000, 0x000000008a500000|  0%| F|  |TAMS 0x000000008a400000, 0x000000008a400000| Untracked 
| 165|0x000000008a500000, 0x000000008a500000, 0x000000008a600000|  0%| F|  |TAMS 0x000000008a500000, 0x000000008a500000| Untracked 
| 166|0x000000008a600000, 0x000000008a600000, 0x000000008a700000|  0%| F|  |TAMS 0x000000008a600000, 0x000000008a600000| Untracked 
| 167|0x000000008a700000, 0x000000008a700000, 0x000000008a800000|  0%| F|  |TAMS 0x000000008a700000, 0x000000008a700000| Untracked 
| 168|0x000000008a800000, 0x000000008a800000, 0x000000008a900000|  0%| F|  |TAMS 0x000000008a800000, 0x000000008a800000| Untracked 
| 169|0x000000008a900000, 0x000000008a900000, 0x000000008aa00000|  0%| F|  |TAMS 0x000000008a900000, 0x000000008a900000| Untracked 
| 170|0x000000008aa00000, 0x000000008aa00000, 0x000000008ab00000|  0%| F|  |TAMS 0x000000008aa00000, 0x000000008aa00000| Untracked 
| 171|0x000000008ab00000, 0x000000008ab00000, 0x000000008ac00000|  0%| F|  |TAMS 0x000000008ab00000, 0x000000008ab00000| Untracked 
| 172|0x000000008ac00000, 0x000000008ac00000, 0x000000008ad00000|  0%| F|  |TAMS 0x000000008ac00000, 0x000000008ac00000| Untracked 
| 173|0x000000008ad00000, 0x000000008ad00000, 0x000000008ae00000|  0%| F|  |TAMS 0x000000008ad00000, 0x000000008ad00000| Untracked 
| 174|0x000000008ae00000, 0x000000008ae00000, 0x000000008af00000|  0%| F|  |TAMS 0x000000008ae00000, 0x000000008ae00000| Untracked 
| 175|0x000000008af00000, 0x000000008af00000, 0x000000008b000000|  0%| F|  |TAMS 0x000000008af00000, 0x000000008af00000| Untracked 
| 176|0x000000008b000000, 0x000000008b000000, 0x000000008b100000|  0%| F|  |TAMS 0x000000008b000000, 0x000000008b000000| Untracked 
| 177|0x000000008b100000, 0x000000008b100000, 0x000000008b200000|  0%| F|  |TAMS 0x000000008b100000, 0x000000008b100000| Untracked 
| 178|0x000000008b200000, 0x000000008b200000, 0x000000008b300000|  0%| F|  |TAMS 0x000000008b200000, 0x000000008b200000| Untracked 
| 179|0x000000008b300000, 0x000000008b300000, 0x000000008b400000|  0%| F|  |TAMS 0x000000008b300000, 0x000000008b300000| Untracked 
| 180|0x000000008b400000, 0x000000008b400000, 0x000000008b500000|  0%| F|  |TAMS 0x000000008b400000, 0x000000008b400000| Untracked 
| 181|0x000000008b500000, 0x000000008b500000, 0x000000008b600000|  0%| F|  |TAMS 0x000000008b500000, 0x000000008b500000| Untracked 
| 182|0x000000008b600000, 0x000000008b600000, 0x000000008b700000|  0%| F|  |TAMS 0x000000008b600000, 0x000000008b600000| Untracked 
| 183|0x000000008b700000, 0x000000008b700000, 0x000000008b800000|  0%| F|  |TAMS 0x000000008b700000, 0x000000008b700000| Untracked 
| 184|0x000000008b800000, 0x000000008b800000, 0x000000008b900000|  0%| F|  |TAMS 0x000000008b800000, 0x000000008b800000| Untracked 
| 185|0x000000008b900000, 0x000000008b900000, 0x000000008ba00000|  0%| F|  |TAMS 0x000000008b900000, 0x000000008b900000| Untracked 
| 186|0x000000008ba00000, 0x000000008bb00000, 0x000000008bb00000|100%| S|CS|TAMS 0x000000008ba00000, 0x000000008ba00000| Complete 
| 187|0x000000008bb00000, 0x000000008bc00000, 0x000000008bc00000|100%| S|CS|TAMS 0x000000008bb00000, 0x000000008bb00000| Complete 
| 188|0x000000008bc00000, 0x000000008bd00000, 0x000000008bd00000|100%| S|CS|TAMS 0x000000008bc00000, 0x000000008bc00000| Complete 
| 189|0x000000008bd00000, 0x000000008be00000, 0x000000008be00000|100%| S|CS|TAMS 0x000000008bd00000, 0x000000008bd00000| Complete 
| 190|0x000000008be00000, 0x000000008bf00000, 0x000000008bf00000|100%| S|CS|TAMS 0x000000008be00000, 0x000000008be00000| Complete 
| 191|0x000000008bf00000, 0x000000008c000000, 0x000000008c000000|100%| S|CS|TAMS 0x000000008bf00000, 0x000000008bf00000| Complete 
| 192|0x000000008c000000, 0x000000008c100000, 0x000000008c100000|100%| S|CS|TAMS 0x000000008c000000, 0x000000008c000000| Complete 
| 193|0x000000008c100000, 0x000000008c100000, 0x000000008c200000|  0%| F|  |TAMS 0x000000008c100000, 0x000000008c100000| Untracked 
| 194|0x000000008c200000, 0x000000008c200000, 0x000000008c300000|  0%| F|  |TAMS 0x000000008c200000, 0x000000008c200000| Untracked 
| 195|0x000000008c300000, 0x000000008c300000, 0x000000008c400000|  0%| F|  |TAMS 0x000000008c300000, 0x000000008c300000| Untracked 
| 196|0x000000008c400000, 0x000000008c400000, 0x000000008c500000|  0%| F|  |TAMS 0x000000008c400000, 0x000000008c400000| Untracked 
| 197|0x000000008c500000, 0x000000008c500000, 0x000000008c600000|  0%| F|  |TAMS 0x000000008c500000, 0x000000008c500000| Untracked 
| 198|0x000000008c600000, 0x000000008c600000, 0x000000008c700000|  0%| F|  |TAMS 0x000000008c600000, 0x000000008c600000| Untracked 
| 199|0x000000008c700000, 0x000000008c700000, 0x000000008c800000|  0%| F|  |TAMS 0x000000008c700000, 0x000000008c700000| Untracked 
| 200|0x000000008c800000, 0x000000008c800000, 0x000000008c900000|  0%| F|  |TAMS 0x000000008c800000, 0x000000008c800000| Untracked 
| 201|0x000000008c900000, 0x000000008c900000, 0x000000008ca00000|  0%| F|  |TAMS 0x000000008c900000, 0x000000008c900000| Untracked 
| 202|0x000000008ca00000, 0x000000008ca00000, 0x000000008cb00000|  0%| F|  |TAMS 0x000000008ca00000, 0x000000008ca00000| Untracked 
| 203|0x000000008cb00000, 0x000000008cb00000, 0x000000008cc00000|  0%| F|  |TAMS 0x000000008cb00000, 0x000000008cb00000| Untracked 
| 204|0x000000008cc00000, 0x000000008cc00000, 0x000000008cd00000|  0%| F|  |TAMS 0x000000008cc00000, 0x000000008cc00000| Untracked 
| 205|0x000000008cd00000, 0x000000008cd00000, 0x000000008ce00000|  0%| F|  |TAMS 0x000000008cd00000, 0x000000008cd00000| Untracked 
| 206|0x000000008ce00000, 0x000000008ce00000, 0x000000008cf00000|  0%| F|  |TAMS 0x000000008ce00000, 0x000000008ce00000| Untracked 
| 207|0x000000008cf00000, 0x000000008cf00000, 0x000000008d000000|  0%| F|  |TAMS 0x000000008cf00000, 0x000000008cf00000| Untracked 
| 208|0x000000008d000000, 0x000000008d000000, 0x000000008d100000|  0%| F|  |TAMS 0x000000008d000000, 0x000000008d000000| Untracked 
| 209|0x000000008d100000, 0x000000008d100000, 0x000000008d200000|  0%| F|  |TAMS 0x000000008d100000, 0x000000008d100000| Untracked 
| 210|0x000000008d200000, 0x000000008d200000, 0x000000008d300000|  0%| F|  |TAMS 0x000000008d200000, 0x000000008d200000| Untracked 
| 211|0x000000008d300000, 0x000000008d300000, 0x000000008d400000|  0%| F|  |TAMS 0x000000008d300000, 0x000000008d300000| Untracked 
| 212|0x000000008d400000, 0x000000008d400000, 0x000000008d500000|  0%| F|  |TAMS 0x000000008d400000, 0x000000008d400000| Untracked 
| 213|0x000000008d500000, 0x000000008d500000, 0x000000008d600000|  0%| F|  |TAMS 0x000000008d500000, 0x000000008d500000| Untracked 
| 214|0x000000008d600000, 0x000000008d600000, 0x000000008d700000|  0%| F|  |TAMS 0x000000008d600000, 0x000000008d600000| Untracked 
| 215|0x000000008d700000, 0x000000008d700000, 0x000000008d800000|  0%| F|  |TAMS 0x000000008d700000, 0x000000008d700000| Untracked 
| 216|0x000000008d800000, 0x000000008d800000, 0x000000008d900000|  0%| F|  |TAMS 0x000000008d800000, 0x000000008d800000| Untracked 
| 217|0x000000008d900000, 0x000000008d900000, 0x000000008da00000|  0%| F|  |TAMS 0x000000008d900000, 0x000000008d900000| Untracked 
| 218|0x000000008da00000, 0x000000008da00000, 0x000000008db00000|  0%| F|  |TAMS 0x000000008da00000, 0x000000008da00000| Untracked 
| 219|0x000000008db00000, 0x000000008db00000, 0x000000008dc00000|  0%| F|  |TAMS 0x000000008db00000, 0x000000008db00000| Untracked 
| 220|0x000000008dc00000, 0x000000008dc00000, 0x000000008dd00000|  0%| F|  |TAMS 0x000000008dc00000, 0x000000008dc00000| Untracked 
| 221|0x000000008dd00000, 0x000000008dd00000, 0x000000008de00000|  0%| F|  |TAMS 0x000000008dd00000, 0x000000008dd00000| Untracked 
| 222|0x000000008de00000, 0x000000008de00000, 0x000000008df00000|  0%| F|  |TAMS 0x000000008de00000, 0x000000008de00000| Untracked 
| 223|0x000000008df00000, 0x000000008df00000, 0x000000008e000000|  0%| F|  |TAMS 0x000000008df00000, 0x000000008df00000| Untracked 
| 224|0x000000008e000000, 0x000000008e000000, 0x000000008e100000|  0%| F|  |TAMS 0x000000008e000000, 0x000000008e000000| Untracked 
| 225|0x000000008e100000, 0x000000008e100000, 0x000000008e200000|  0%| F|  |TAMS 0x000000008e100000, 0x000000008e100000| Untracked 
| 226|0x000000008e200000, 0x000000008e2a24c0, 0x000000008e300000| 63%| E|  |TAMS 0x000000008e200000, 0x000000008e200000| Complete 
| 227|0x000000008e300000, 0x000000008e400000, 0x000000008e400000|100%| E|CS|TAMS 0x000000008e300000, 0x000000008e300000| Complete 
| 228|0x000000008e400000, 0x000000008e500000, 0x000000008e500000|100%| E|CS|TAMS 0x000000008e400000, 0x000000008e400000| Complete 
| 229|0x000000008e500000, 0x000000008e600000, 0x000000008e600000|100%| E|CS|TAMS 0x000000008e500000, 0x000000008e500000| Complete 
| 230|0x000000008e600000, 0x000000008e700000, 0x000000008e700000|100%| E|CS|TAMS 0x000000008e600000, 0x000000008e600000| Complete 
| 231|0x000000008e700000, 0x000000008e800000, 0x000000008e800000|100%| E|CS|TAMS 0x000000008e700000, 0x000000008e700000| Complete 
| 232|0x000000008e800000, 0x000000008e900000, 0x000000008e900000|100%| E|CS|TAMS 0x000000008e800000, 0x000000008e800000| Complete 
| 233|0x000000008e900000, 0x000000008ea00000, 0x000000008ea00000|100%| E|CS|TAMS 0x000000008e900000, 0x000000008e900000| Complete 
| 234|0x000000008ea00000, 0x000000008eb00000, 0x000000008eb00000|100%| E|CS|TAMS 0x000000008ea00000, 0x000000008ea00000| Complete 
| 235|0x000000008eb00000, 0x000000008ec00000, 0x000000008ec00000|100%| E|CS|TAMS 0x000000008eb00000, 0x000000008eb00000| Complete 
| 236|0x000000008ec00000, 0x000000008ed00000, 0x000000008ed00000|100%| E|CS|TAMS 0x000000008ec00000, 0x000000008ec00000| Complete 
| 237|0x000000008ed00000, 0x000000008ee00000, 0x000000008ee00000|100%| E|  |TAMS 0x000000008ed00000, 0x000000008ed00000| Complete 
| 238|0x000000008ee00000, 0x000000008ef00000, 0x000000008ef00000|100%| E|CS|TAMS 0x000000008ee00000, 0x000000008ee00000| Complete 
| 239|0x000000008ef00000, 0x000000008f000000, 0x000000008f000000|100%| E|CS|TAMS 0x000000008ef00000, 0x000000008ef00000| Complete 
| 240|0x000000008f000000, 0x000000008f100000, 0x000000008f100000|100%| E|CS|TAMS 0x000000008f000000, 0x000000008f000000| Complete 
| 241|0x000000008f100000, 0x000000008f200000, 0x000000008f200000|100%| E|CS|TAMS 0x000000008f100000, 0x000000008f100000| Complete 
| 242|0x000000008f200000, 0x000000008f300000, 0x000000008f300000|100%| E|CS|TAMS 0x000000008f200000, 0x000000008f200000| Complete 
| 243|0x000000008f300000, 0x000000008f400000, 0x000000008f400000|100%| E|CS|TAMS 0x000000008f300000, 0x000000008f300000| Complete 
| 244|0x000000008f400000, 0x000000008f500000, 0x000000008f500000|100%| E|CS|TAMS 0x000000008f400000, 0x000000008f400000| Complete 
| 245|0x000000008f500000, 0x000000008f600000, 0x000000008f600000|100%| E|CS|TAMS 0x000000008f500000, 0x000000008f500000| Complete 
| 246|0x000000008f600000, 0x000000008f700000, 0x000000008f700000|100%| E|CS|TAMS 0x000000008f600000, 0x000000008f600000| Complete 
| 247|0x000000008f700000, 0x000000008f800000, 0x000000008f800000|100%| E|CS|TAMS 0x000000008f700000, 0x000000008f700000| Complete 
| 248|0x000000008f800000, 0x000000008f900000, 0x000000008f900000|100%| E|CS|TAMS 0x000000008f800000, 0x000000008f800000| Complete 

Card table byte_map: [0x000001c4518e0000,0x000001c451ce0000] _byte_map_base: 0x000001c4514e0000

Marking Bits (Prev, Next): (CMBitMap*) 0x000001c439be7a68, (CMBitMap*) 0x000001c439be7a28
 Prev Bits: [0x000001c4540e0000, 0x000001c4560e0000)
 Next Bits: [0x000001c4520e0000, 0x000001c4540e0000)

Polling page: 0x000001c437990000

Metaspace:

Usage:
  Non-class:     71.92 MB capacity,    70.44 MB ( 98%) used,     1.24 MB (  2%) free+waste,   249.94 KB ( <1%) overhead. 
      Class:     11.77 MB capacity,    10.89 MB ( 93%) used,   781.43 KB (  6%) free+waste,   120.19 KB ( <1%) overhead. 
       Both:     83.69 MB capacity,    81.33 MB ( 97%) used,     2.00 MB (  2%) free+waste,   370.13 KB ( <1%) overhead. 

Virtual space:
  Non-class space:       74.00 MB reserved,      72.20 MB ( 98%) committed 
      Class space:        1.00 GB reserved,      11.95 MB (  1%) committed 
             Both:        1.07 GB reserved,      84.15 MB (  8%) committed 

Chunk freelists:
   Non-Class:  164.00 KB
       Class:  52.00 KB
        Both:  216.00 KB

MaxMetaspaceSize: 17179869184.00 GB
CompressedClassSpaceSize: 1.00 GB

CodeHeap 'non-profiled nmethods': size=120000Kb used=5074Kb max_used=5074Kb free=114925Kb
 bounds [0x000001c449b70000, 0x000001c44a070000, 0x000001c4510a0000]
CodeHeap 'profiled nmethods': size=120000Kb used=23992Kb max_used=23992Kb free=96007Kb
 bounds [0x000001c442640000, 0x000001c443dc0000, 0x000001c449b70000]
CodeHeap 'non-nmethods': size=5760Kb used=2435Kb max_used=2448Kb free=3324Kb
 bounds [0x000001c4420a0000, 0x000001c442310000, 0x000001c442640000]
 total_blobs=15168 nmethods=10628 adapters=833
 compilation: enabled
              stopped_count=0, restarted_count=0
 full_count=0

Compilation events (20 events):
Event: 17.815 Thread 0x000001c459480800 nmethod 11467 0x000001c44a05c310 code [0x000001c44a05c4a0, 0x000001c44a05c5d8]
Event: 17.815 Thread 0x000001c459480800 11457       1       com.android.tools.r8.s.a.a.a.N::apply (2 bytes)
Event: 17.815 Thread 0x000001c459480800 nmethod 11457 0x000001c44a05c690 code [0x000001c44a05c820, 0x000001c44a05c958]
Event: 17.815 Thread 0x000001c459480800 11433       1       com.android.tools.r8.u.b.h0::u2 (2 bytes)
Event: 17.815 Thread 0x000001c459480800 nmethod 11433 0x000001c44a05ca10 code [0x000001c44a05cba0, 0x000001c44a05ccd8]
Event: 17.815 Thread 0x000001c459480800 11463       1       com.android.tools.r8.ir.analysis.type.f::j (2 bytes)
Event: 17.815 Thread 0x000001c459480800 nmethod 11463 0x000001c44a05cd90 code [0x000001c44a05cf20, 0x000001c44a05d058]
Event: 17.816 Thread 0x000001c459480800 11477       2       java.util.ArrayDeque::<init> (16 bytes)
Event: 17.816 Thread 0x000001c459480800 nmethod 11477 0x000001c443d6bf10 code [0x000001c443d6c0e0, 0x000001c443d6c4c0]
Event: 17.816 Thread 0x000001c459480800 11478       2       com.android.tools.r8.ir.optimize.l::m (763 bytes)
Event: 17.827 Thread 0x000001c459480800 nmethod 11478 0x000001c443d6c610 code [0x000001c443d6cd20, 0x000001c443d700a0]
Event: 17.827 Thread 0x000001c459480800 11479       2       java.util.IdentityHashMap$IdentityHashMapIterator::hasNext (50 bytes)
Event: 17.827 Thread 0x000001c459480800 nmethod 11479 0x000001c443d71d10 code [0x000001c443d71ec0, 0x000001c443d720f8]
Event: 17.827 Thread 0x000001c459480800 11488       2       com.android.tools.r8.s.a.a.b.F2::d (14 bytes)
Event: 17.828 Thread 0x000001c459480800 nmethod 11488 0x000001c443d72210 code [0x000001c443d723c0, 0x000001c443d725f8]
Event: 17.828 Thread 0x000001c459480800 11489       2       com.android.tools.r8.s.a.a.b.F2::iterator (5 bytes)
Event: 17.828 Thread 0x000001c459480800 nmethod 11489 0x000001c443d72690 code [0x000001c443d72840, 0x000001c443d72a78]
Event: 17.828 Thread 0x000001c459480800 11481       2       com.android.tools.r8.u.b.o1::a (82 bytes)
Event: 17.829 Thread 0x000001c459480800 nmethod 11481 0x000001c443d72b10 code [0x000001c443d72d80, 0x000001c443d733c0]
Event: 17.829 Thread 0x000001c459480800 11490       2       java.util.BitSet::get (69 bytes)

GC Heap History (20 events):
Event: 11.943 GC heap before
{Heap before GC invocations=27 (full 0):
 garbage-first heap   total 153600K, used 115009K [0x0000000080000000, 0x0000000100000000)
  region size 1024K, 39 young (39936K), 3 survivors (3072K)
 Metaspace       used 65836K, capacity 67814K, committed 67868K, reserved 1107968K
  class space    used 8862K, capacity 9534K, committed 9548K, reserved 1048576K
}
Event: 11.950 GC heap after
{Heap after GC invocations=28 (full 0):
 garbage-first heap   total 153600K, used 81013K [0x0000000080000000, 0x0000000100000000)
  region size 1024K, 5 young (5120K), 5 survivors (5120K)
 Metaspace       used 65836K, capacity 67814K, committed 67868K, reserved 1107968K
  class space    used 8862K, capacity 9534K, committed 9548K, reserved 1048576K
}
Event: 12.578 GC heap before
{Heap before GC invocations=29 (full 0):
 garbage-first heap   total 153600K, used 116853K [0x0000000080000000, 0x0000000100000000)
  region size 1024K, 41 young (41984K), 5 survivors (5120K)
 Metaspace       used 67860K, capacity 69644K, committed 70300K, reserved 1110016K
  class space    used 9069K, capacity 9671K, committed 9932K, reserved 1048576K
}
Event: 12.584 GC heap after
{Heap after GC invocations=30 (full 0):
 garbage-first heap   total 153600K, used 82577K [0x0000000080000000, 0x0000000100000000)
  region size 1024K, 4 young (4096K), 4 survivors (4096K)
 Metaspace       used 67860K, capacity 69644K, committed 70300K, reserved 1110016K
  class space    used 9069K, capacity 9671K, committed 9932K, reserved 1048576K
}
Event: 15.002 GC heap before
{Heap before GC invocations=30 (full 0):
 garbage-first heap   total 153600K, used 120465K [0x0000000080000000, 0x0000000100000000)
  region size 1024K, 41 young (41984K), 4 survivors (4096K)
 Metaspace       used 70240K, capacity 72138K, committed 72604K, reserved 1112064K
  class space    used 9345K, capacity 9972K, committed 10188K, reserved 1048576K
}
Event: 15.017 GC heap after
{Heap after GC invocations=31 (full 0):
 garbage-first heap   total 184320K, used 87481K [0x0000000080000000, 0x0000000100000000)
  region size 1024K, 6 young (6144K), 6 survivors (6144K)
 Metaspace       used 70240K, capacity 72138K, committed 72604K, reserved 1112064K
  class space    used 9345K, capacity 9972K, committed 10188K, reserved 1048576K
}
Event: 15.698 GC heap before
{Heap before GC invocations=32 (full 0):
 garbage-first heap   total 184320K, used 136633K [0x0000000080000000, 0x0000000100000000)
  region size 1024K, 55 young (56320K), 6 survivors (6144K)
 Metaspace       used 72878K, capacity 74683K, committed 75164K, reserved 1114112K
  class space    used 9652K, capacity 10280K, committed 10444K, reserved 1048576K
}
Event: 15.706 GC heap after
{Heap after GC invocations=33 (full 0):
 garbage-first heap   total 184320K, used 88986K [0x0000000080000000, 0x0000000100000000)
  region size 1024K, 4 young (4096K), 4 survivors (4096K)
 Metaspace       used 72878K, capacity 74683K, committed 75164K, reserved 1114112K
  class space    used 9652K, capacity 10280K, committed 10444K, reserved 1048576K
}
Event: 16.290 GC heap before
{Heap before GC invocations=33 (full 0):
 garbage-first heap   total 184320K, used 138138K [0x0000000080000000, 0x0000000100000000)
  region size 1024K, 53 young (54272K), 4 survivors (4096K)
 Metaspace       used 73947K, capacity 75815K, committed 76060K, reserved 1114112K
  class space    used 9784K, capacity 10424K, committed 10572K, reserved 1048576K
}
Event: 16.300 GC heap after
{Heap after GC invocations=34 (full 0):
 garbage-first heap   total 184320K, used 91259K [0x0000000080000000, 0x0000000100000000)
  region size 1024K, 6 young (6144K), 6 survivors (6144K)
 Metaspace       used 73947K, capacity 75815K, committed 76060K, reserved 1114112K
  class space    used 9784K, capacity 10424K, committed 10572K, reserved 1048576K
}
Event: 16.544 GC heap before
{Heap before GC invocations=35 (full 0):
 garbage-first heap   total 184320K, used 96379K [0x0000000080000000, 0x0000000100000000)
  region size 1024K, 12 young (12288K), 6 survivors (6144K)
 Metaspace       used 74484K, capacity 76383K, committed 76572K, reserved 1116160K
  class space    used 9855K, capacity 10504K, committed 10572K, reserved 1048576K
}
Event: 16.553 GC heap after
{Heap after GC invocations=36 (full 0):
 garbage-first heap   total 184320K, used 91736K [0x0000000080000000, 0x0000000100000000)
  region size 1024K, 4 young (4096K), 4 survivors (4096K)
 Metaspace       used 74484K, capacity 76383K, committed 76572K, reserved 1116160K
  class space    used 9855K, capacity 10504K, committed 10572K, reserved 1048576K
}
Event: 16.821 GC heap before
{Heap before GC invocations=37 (full 0):
 garbage-first heap   total 184320K, used 101976K [0x0000000080000000, 0x0000000100000000)
  region size 1024K, 14 young (14336K), 4 survivors (4096K)
 Metaspace       used 75611K, capacity 77547K, committed 77724K, reserved 1116160K
  class space    used 10019K, capacity 10668K, committed 10700K, reserved 1048576K
}
Event: 16.827 GC heap after
{Heap after GC invocations=38 (full 0):
 garbage-first heap   total 184320K, used 92447K [0x0000000080000000, 0x0000000100000000)
  region size 1024K, 4 young (4096K), 4 survivors (4096K)
 Metaspace       used 75611K, capacity 77547K, committed 77724K, reserved 1116160K
  class space    used 10019K, capacity 10668K, committed 10700K, reserved 1048576K
}
Event: 17.089 GC heap before
{Heap before GC invocations=39 (full 0):
 garbage-first heap   total 188416K, used 121119K [0x0000000080000000, 0x0000000100000000)
  region size 1024K, 25 young (25600K), 4 survivors (4096K)
 Metaspace       used 77346K, capacity 79375K, committed 79516K, reserved 1118208K
  class space    used 10260K, capacity 10940K, committed 10956K, reserved 1048576K
}
Event: 17.099 GC heap after
{Heap after GC invocations=40 (full 0):
 garbage-first heap   total 188416K, used 107762K [0x0000000080000000, 0x0000000100000000)
  region size 1024K, 7 young (7168K), 7 survivors (7168K)
 Metaspace       used 77346K, capacity 79375K, committed 79516K, reserved 1118208K
  class space    used 10260K, capacity 10940K, committed 10956K, reserved 1048576K
}
Event: 17.362 GC heap before
{Heap before GC invocations=41 (full 0):
 garbage-first heap   total 254976K, used 162034K [0x0000000080000000, 0x0000000100000000)
  region size 1024K, 43 young (44032K), 7 survivors (7168K)
 Metaspace       used 78981K, capacity 80998K, committed 81052K, reserved 1120256K
  class space    used 10480K, capacity 11181K, committed 11212K, reserved 1048576K
}
Event: 17.377 GC heap after
{Heap after GC invocations=42 (full 0):
 garbage-first heap   total 254976K, used 129219K [0x0000000080000000, 0x0000000100000000)
  region size 1024K, 6 young (6144K), 6 survivors (6144K)
 Metaspace       used 78981K, capacity 80998K, committed 81052K, reserved 1120256K
  class space    used 10480K, capacity 11181K, committed 11212K, reserved 1048576K
}
Event: 17.710 GC heap before
{Heap before GC invocations=42 (full 0):
 garbage-first heap   total 254976K, used 179395K [0x0000000080000000, 0x0000000100000000)
  region size 1024K, 56 young (57344K), 6 survivors (6144K)
 Metaspace       used 82432K, capacity 84873K, committed 85148K, reserved 1122304K
  class space    used 11069K, capacity 11955K, committed 11980K, reserved 1048576K
}
Event: 17.741 GC heap after
{Heap after GC invocations=43 (full 0):
 garbage-first heap   total 254976K, used 142702K [0x0000000080000000, 0x0000000100000000)
  region size 1024K, 7 young (7168K), 7 survivors (7168K)
 Metaspace       used 82432K, capacity 84873K, committed 85148K, reserved 1122304K
  class space    used 11069K, capacity 11955K, committed 11980K, reserved 1048576K
}

Deoptimization events (20 events):
Event: 17.790 Thread 0x000001c45b14c000 DEOPT UNPACKING pc=0x000001c4420e964e sp=0x000000267c6fc728 mode 0
Event: 17.790 Thread 0x000001c45b144000 DEOPT UNPACKING pc=0x000001c4420e964e sp=0x000000267c5fc598 mode 0
Event: 17.794 Thread 0x000001c45b14c000 DEOPT PACKING pc=0x000001c443d55e36 sp=0x000000267c6fd1f0
Event: 17.794 Thread 0x000001c45b14c000 DEOPT UNPACKING pc=0x000001c4420e964e sp=0x000000267c6fc728 mode 0
Event: 17.795 Thread 0x000001c45b14d000 DEOPT PACKING pc=0x000001c443d1cc93 sp=0x000000267c7fcf30
Event: 17.795 Thread 0x000001c45b14d000 DEOPT UNPACKING pc=0x000001c4420e964e sp=0x000000267c7fc3d0 mode 0
Event: 17.796 Thread 0x000001c45b144000 DEOPT PACKING pc=0x000001c443d55e36 sp=0x000000267c5fd060
Event: 17.796 Thread 0x000001c45b144000 DEOPT UNPACKING pc=0x000001c4420e964e sp=0x000000267c5fc598 mode 0
Event: 17.797 Thread 0x000001c45b144000 DEOPT PACKING pc=0x000001c443d55e36 sp=0x000000267c5fd060
Event: 17.797 Thread 0x000001c45b144000 DEOPT UNPACKING pc=0x000001c4420e964e sp=0x000000267c5fc598 mode 0
Event: 17.798 Thread 0x000001c45b144000 DEOPT PACKING pc=0x000001c443d55e36 sp=0x000000267c5fd060
Event: 17.798 Thread 0x000001c45b144000 DEOPT UNPACKING pc=0x000001c4420e964e sp=0x000000267c5fc598 mode 0
Event: 17.799 Thread 0x000001c45b144000 DEOPT PACKING pc=0x000001c443d55e36 sp=0x000000267c5fd060
Event: 17.799 Thread 0x000001c45b144000 DEOPT UNPACKING pc=0x000001c4420e964e sp=0x000000267c5fc598 mode 0
Event: 17.808 Thread 0x000001c45b149800 Uncommon trap: trap_request=0xffffffd6 fr.pc=0x000001c449ff3014 relative=0x0000000000000854
Event: 17.808 Thread 0x000001c45b149800 Uncommon trap: reason=array_check action=maybe_recompile pc=0x000001c449ff3014 method=java.util.TimSort.binarySort([Ljava/lang/Object;IIILjava/util/Comparator;)V @ 183 c2
Event: 17.808 Thread 0x000001c45b149800 DEOPT PACKING pc=0x000001c449ff3014 sp=0x000000267c4fd590
Event: 17.808 Thread 0x000001c45b149800 DEOPT UNPACKING pc=0x000001c4420e912f sp=0x000000267c4fd538 mode 2
Event: 17.828 Thread 0x000001c45b148000 DEOPT PACKING pc=0x000001c443c765f7 sp=0x000000267c0fd6c0
Event: 17.828 Thread 0x000001c45b148000 DEOPT UNPACKING pc=0x000001c4420e964e sp=0x000000267c0fcd60 mode 0

Classes unloaded (20 events):
Event: 12.051 Thread 0x000001c458b0c800 Unloading class 0x000000080141f040 'org/gradle/api/internal/artifacts/transform/TransformationStep$$Lambda$557'
Event: 12.051 Thread 0x000001c458b0c800 Unloading class 0x000000080141fc40 'org/gradle/api/internal/artifacts/transform/TransformationStep$$Lambda$560'
Event: 12.051 Thread 0x000001c458b0c800 Unloading class 0x000000080141f840 'org/gradle/api/internal/artifacts/transform/TransformationStep$$Lambda$559'
Event: 12.051 Thread 0x000001c458b0c800 Unloading class 0x000000080141c440 'org/gradle/api/internal/artifacts/transform/TransformationStep$$Lambda$555'
Event: 12.051 Thread 0x000001c458b0c800 Unloading class 0x000000080141c040 'org/gradle/api/internal/artifacts/transform/TransformationStep$$Lambda$554'
Event: 12.051 Thread 0x000001c458b0c800 Unloading class 0x000000080141bc40 'org/gradle/api/internal/artifacts/transform/TransformationStep$$Lambda$552'
Event: 12.051 Thread 0x000001c458b0c800 Unloading class 0x000000080141b440 'org/gradle/api/internal/artifacts/transform/TransformationStep$$Lambda$551'
Event: 12.051 Thread 0x000001c458b0c800 Unloading class 0x000000080141b040 'org/gradle/api/internal/artifacts/transform/TransformationStep$$Lambda$550'
Event: 12.051 Thread 0x000001c458b0c800 Unloading class 0x000000080141ac40 'org/gradle/api/internal/artifacts/transform/TransformationStep$$Lambda$549'
Event: 12.051 Thread 0x000001c458b0c800 Unloading class 0x0000000801419c40 'org/gradle/execution/plan/DefaultPlanExecutor$ExecutorWorker$$Lambda$544'
Event: 12.051 Thread 0x000001c458b0c800 Unloading class 0x0000000801419840 'org/gradle/execution/plan/DefaultPlanExecutor$ExecutorWorker$$Lambda$540'
Event: 12.051 Thread 0x000001c458b0c800 Unloading class 0x0000000801419440 'org/gradle/execution/plan/DefaultPlanExecutor$ExecutorWorker$$Lambda$545'
Event: 12.051 Thread 0x000001c458b0c800 Unloading class 0x0000000801418840 'org/gradle/execution/plan/DefaultPlanExecutor$ExecutorWorker$$Lambda$539'
Event: 12.051 Thread 0x000001c458b0c800 Unloading class 0x0000000801418440 'org/gradle/execution/plan/DefaultPlanExecutor$ExecutorWorker$$Lambda$543'
Event: 12.051 Thread 0x000001c458b0c800 Unloading class 0x0000000801418c40 'org/gradle/execution/plan/DefaultPlanExecutor$ExecutorWorker$$Lambda$542'
Event: 12.051 Thread 0x000001c458b0c800 Unloading class 0x0000000801418040 'org/gradle/execution/plan/DefaultPlanExecutor$ExecutorWorker$$Lambda$538'
Event: 12.051 Thread 0x000001c458b0c800 Unloading class 0x00000008013fb440 'org/gradle/execution/plan/DefaultPlanExecutor$ExecutorWorker$$Lambda$537'
Event: 12.052 Thread 0x000001c458b0c800 Unloading class 0x00000008013fb040 'org/gradle/execution/plan/DefaultPlanExecutor$ExecutorWorker$$Lambda$536'
Event: 12.052 Thread 0x000001c458b0c800 Unloading class 0x00000008013fbc40 'org/gradle/execution/plan/DefaultPlanExecutor$ExecutorWorker$$Lambda$535'
Event: 12.052 Thread 0x000001c458b0c800 Unloading class 0x00000008013fb840 'org/gradle/execution/plan/DefaultPlanExecutor$ExecutorWorker$$Lambda$534'

Classes redefined (0 events):
No events

Internal exceptions (20 events):
Event: 16.820 Thread 0x000001c45b14a800 Exception <a 'sun/nio/fs/WindowsException'{0x000000008a6bb888}> (0x000000008a6bb888) 
thrown [t:/workspace/open/src/hotspot/share/prims/jni.cpp, line 598]
Event: 16.872 Thread 0x000001c45b14d000 Exception <a 'sun/nio/fs/WindowsException'{0x000000008ada4fc8}> (0x000000008ada4fc8) 
thrown [t:/workspace/open/src/hotspot/share/prims/jni.cpp, line 598]
Event: 17.038 Thread 0x000001c45b149800 Exception <a 'java/lang/NoSuchMethodError'{0x000000008a8ff898}: 'java.lang.Object java.lang.invoke.DirectMethodHandle$Holder.invokeStatic(java.lang.Object, java.lang.Object, java.lang.Object, java.lang.Object, java.lang.Object, java.lang.Object, java.lang.Object, java.lang.Object, java.lang.Object, java.lang.Object, java.lang.Object, java.lang.Object, java.lang.Object, java.lang.Object, java.lang.Object, java.lang.Object, java.lang.Object, int, java.lang.Object)'> (0x000000008a8ff898) 
thrown [t:/workspace
Event: 17.039 Thread 0x000001c45b149800 Exception <a 'java/lang/NoSuchMethodError'{0x000000008a704a48}: 'java.lang.Object java.lang.invoke.DirectMethodHandle$Holder.invokeStaticInit(java.lang.Object, java.lang.Object, java.lang.Object, java.lang.Object, java.lang.Object, java.lang.Object, java.lang.Object, java.lang.Object, java.lang.Object, java.lang.Object, java.lang.Object, java.lang.Object, java.lang.Object, java.lang.Object, java.lang.Object, java.lang.Object, java.lang.Object, int, java.lang.Object)'> (0x000000008a704a48) 
thrown [t:/works
Event: 17.068 Thread 0x000001c45b148000 Exception <a 'sun/nio/fs/WindowsException'{0x000000008a136488}> (0x000000008a136488) 
thrown [t:/workspace/open/src/hotspot/share/prims/jni.cpp, line 598]
Event: 17.420 Thread 0x000001c45b14e000 Exception <a 'java/lang/NoSuchMethodError'{0x000000008f3cdcc0}: 'void java.lang.invoke.DirectMethodHandle$Holder.invokeStaticInit(java.lang.Object, java.lang.Object, java.lang.Object, java.lang.Object)'> (0x000000008f3cdcc0) 
thrown [t:/workspace/open/src/hotspot/share/interpreter/linkResolver.cpp, line 767]
Event: 17.427 Thread 0x000001c45b144000 Exception <a 'java/lang/NoSuchMethodError'{0x000000008f243738}: 'java.lang.Object java.lang.invoke.DirectMethodHandle$Holder.invokeStatic(java.lang.Object, int, java.lang.Object, java.lang.Object)'> (0x000000008f243738) 
thrown [t:/workspace/open/src/hotspot/share/interpreter/linkResolver.cpp, line 767]
Event: 17.427 Thread 0x000001c45b14a800 Exception <a 'java/lang/NoSuchMethodError'{0x000000008f248df8}: 'java.lang.Object java.lang.invoke.DirectMethodHandle$Holder.invokeStatic(java.lang.Object, int, java.lang.Object, java.lang.Object)'> (0x000000008f248df8) 
thrown [t:/workspace/open/src/hotspot/share/interpreter/linkResolver.cpp, line 767]
Event: 17.427 Thread 0x000001c45b149800 Exception <a 'java/lang/NoSuchMethodError'{0x000000008f2a5c48}: 'java.lang.Object java.lang.invoke.DirectMethodHandle$Holder.invokeStatic(java.lang.Object, int, java.lang.Object, java.lang.Object)'> (0x000000008f2a5c48) 
thrown [t:/workspace/open/src/hotspot/share/interpreter/linkResolver.cpp, line 767]
Event: 17.436 Thread 0x000001c45b14d000 Exception <a 'java/lang/NoSuchMethodError'{0x000000008f18d518}: 'long java.lang.invoke.DirectMethodHandle$Holder.invokeStatic(java.lang.Object, java.lang.Object)'> (0x000000008f18d518) 
thrown [t:/workspace/open/src/hotspot/share/interpreter/linkResolver.cpp, line 767]
Event: 17.436 Thread 0x000001c45b14c000 Exception <a 'java/lang/NoSuchMethodError'{0x000000008f133d18}: 'long java.lang.invoke.DirectMethodHandle$Holder.invokeStatic(java.lang.Object, java.lang.Object)'> (0x000000008f133d18) 
thrown [t:/workspace/open/src/hotspot/share/interpreter/linkResolver.cpp, line 767]
Event: 17.438 Thread 0x000001c45b144000 Exception <a 'java/lang/NoSuchMethodError'{0x000000008f116220}: 'long java.lang.invoke.DirectMethodHandle$Holder.invokeStatic(java.lang.Object, java.lang.Object)'> (0x000000008f116220) 
thrown [t:/workspace/open/src/hotspot/share/interpreter/linkResolver.cpp, line 767]
Event: 17.438 Thread 0x000001c45b14c000 Exception <a 'java/lang/NoSuchMethodError'{0x000000008f1f4830}: 'void java.lang.invoke.DirectMethodHandle$Holder.invokeSpecial(java.lang.Object, java.lang.Object, int, java.lang.Object)'> (0x000000008f1f4830) 
thrown [t:/workspace/open/src/hotspot/share/interpreter/linkResolver.cpp, line 767]
Event: 17.438 Thread 0x000001c45b149800 Exception <a 'java/lang/NoSuchMethodError'{0x000000008f1647e8}: 'void java.lang.invoke.DirectMethodHandle$Holder.invokeSpecial(java.lang.Object, java.lang.Object, int, java.lang.Object)'> (0x000000008f1647e8) 
thrown [t:/workspace/open/src/hotspot/share/interpreter/linkResolver.cpp, line 767]
Event: 17.508 Thread 0x000001c45b14a800 Exception <a 'java/lang/NoSuchMethodError'{0x000000008e10bea8}: 'java.lang.Object java.lang.invoke.DirectMethodHandle$Holder.invokeVirtual(java.lang.Object, java.lang.Object, int, java.lang.Object)'> (0x000000008e10bea8) 
thrown [t:/workspace/open/src/hotspot/share/interpreter/linkResolver.cpp, line 767]
Event: 17.508 Thread 0x000001c45b149800 Exception <a 'java/lang/NoSuchMethodError'{0x000000008ef234e8}: 'java.lang.Object java.lang.invoke.DirectMethodHandle$Holder.invokeVirtual(java.lang.Object, java.lang.Object, int, java.lang.Object)'> (0x000000008ef234e8) 
thrown [t:/workspace/open/src/hotspot/share/interpreter/linkResolver.cpp, line 767]
Event: 17.532 Thread 0x000001c45b144000 Exception <a 'java/lang/NoSuchMethodError'{0x000000008dc102c0}: 'void java.lang.invoke.DirectMethodHandle$Holder.invokeVirtual(java.lang.Object, java.lang.Object, int, java.lang.Object)'> (0x000000008dc102c0) 
thrown [t:/workspace/open/src/hotspot/share/interpreter/linkResolver.cpp, line 767]
Event: 17.532 Thread 0x000001c45b14e000 Exception <a 'java/lang/NoSuchMethodError'{0x000000008de024f0}: 'void java.lang.invoke.DirectMethodHandle$Holder.invokeVirtual(java.lang.Object, java.lang.Object, int, java.lang.Object)'> (0x000000008de024f0) 
thrown [t:/workspace/open/src/hotspot/share/interpreter/linkResolver.cpp, line 767]
Event: 17.580 Thread 0x000001c45b14d000 Exception <a 'java/lang/NoSuchMethodError'{0x000000008d6aa3e0}: 'int java.lang.invoke.DirectMethodHandle$Holder.invokeSpecial(java.lang.Object, java.lang.Object, java.lang.Object, int, java.lang.Object)'> (0x000000008d6aa3e0) 
thrown [t:/workspace/open/src/hotspot/share/interpreter/linkResolver.cpp, line 767]
Event: 17.593 Thread 0x000001c45b14d000 Exception <a 'java/lang/NoSuchMethodError'{0x000000008d4c3db8}: 'java.lang.Object java.lang.invoke.DirectMethodHandle$Holder.newInvokeSpecial(java.lang.Object, int)'> (0x000000008d4c3db8) 
thrown [t:/workspace/open/src/hotspot/share/interpreter/linkResolver.cpp, line 767]

Events (20 events):
Event: 17.827 loading class com/android/tools/r8/graph/e0
Event: 17.827 loading class com/android/tools/r8/graph/e0 done
Event: 17.827 loading class com/android/tools/r8/graph/e0
Event: 17.827 loading class com/android/tools/r8/graph/e0 done
Event: 17.827 loading class com/android/tools/r8/graph/e0
Event: 17.827 loading class com/android/tools/r8/graph/e0 done
Event: 17.827 loading class com/android/tools/r8/graph/H0
Event: 17.827 loading class com/android/tools/r8/graph/H0 done
Event: 17.827 loading class com/android/tools/r8/graph/B
Event: 17.827 loading class com/android/tools/r8/graph/B done
Event: 17.827 loading class com/android/tools/r8/graph/H0
Event: 17.827 loading class com/android/tools/r8/graph/H0 done
Event: 17.828 loading class com/android/tools/r8/graph/H0
Event: 17.828 loading class com/android/tools/r8/graph/H0 done
Event: 17.828 loading class com/android/tools/r8/graph/a0
Event: 17.828 loading class com/android/tools/r8/graph/a0 done
Event: 17.828 loading class com/android/tools/r8/graph/H0
Event: 17.828 loading class com/android/tools/r8/graph/H0 done
Event: 17.828 loading class com/android/tools/r8/dex/r
Event: 17.828 loading class com/android/tools/r8/dex/r done


Dynamic libraries:
0x00007ff7e6160000 - 0x00007ff7e616f000 	C:\Program Files\Java\jdk-13.0.2\bin\java.exe
0x00007fffc2f00000 - 0x00007fffc30f0000 	C:\WINDOWS\SYSTEM32\ntdll.dll
0x00007fffb81d0000 - 0x00007fffb81e2000 	C:\Program Files\AVAST Software\Avast\aswhook.dll
0x00007fffc2c10000 - 0x00007fffc2cc2000 	C:\WINDOWS\System32\KERNEL32.DLL
0x00007fffc0380000 - 0x00007fffc0625000 	C:\WINDOWS\System32\KERNELBASE.dll
0x00007fffc06e0000 - 0x00007fffc07da000 	C:\WINDOWS\System32\ucrtbase.dll
0x00007fffb0c30000 - 0x00007fffb0c48000 	C:\Program Files\Java\jdk-13.0.2\bin\jli.dll
0x00007fffc2780000 - 0x00007fffc2823000 	C:\WINDOWS\System32\ADVAPI32.dll
0x00007fffc2520000 - 0x00007fffc25be000 	C:\WINDOWS\System32\msvcrt.dll
0x00007fffc26e0000 - 0x00007fffc2777000 	C:\WINDOWS\System32\sechost.dll
0x00007fffc2af0000 - 0x00007fffc2c10000 	C:\WINDOWS\System32\RPCRT4.dll
0x00007fffc28f0000 - 0x00007fffc2a85000 	C:\WINDOWS\System32\USER32.dll
0x00007fffc0f60000 - 0x00007fffc0f81000 	C:\WINDOWS\System32\win32u.dll
0x00007fffc2e90000 - 0x00007fffc2eb6000 	C:\WINDOWS\System32\GDI32.dll
0x00007fffc01e0000 - 0x00007fffc0376000 	C:\WINDOWS\System32\gdi32full.dll
0x00007fffbfee0000 - 0x00007fffbff7e000 	C:\WINDOWS\System32\msvcp_win.dll
0x00007fffac1f0000 - 0x00007fffac205000 	C:\Program Files\Java\jdk-13.0.2\bin\VCRUNTIME140.dll
0x00007fffa9e30000 - 0x00007fffaa0b4000 	C:\WINDOWS\WinSxS\amd64_microsoft.windows.common-controls_6595b64144ccf1df_6.0.18362.1082_none_9e8193e1e45b25c1\COMCTL32.dll
0x00007fffc1a50000 - 0x00007fffc1d85000 	C:\WINDOWS\System32\combase.dll
0x00007fffc0660000 - 0x00007fffc06e0000 	C:\WINDOWS\System32\bcryptPrimitives.dll
0x00007fffbede0000 - 0x00007fffbedea000 	C:\WINDOWS\SYSTEM32\VERSION.dll
0x00007fffc2630000 - 0x00007fffc265e000 	C:\WINDOWS\System32\IMM32.DLL
0x00007fffa7410000 - 0x00007fffa74ab000 	C:\Program Files\Java\jdk-13.0.2\bin\msvcp140.dll
0x00007fff32640000 - 0x00007fff3319d000 	C:\Program Files\Java\jdk-13.0.2\bin\server\jvm.dll
0x00007fffc0fb0000 - 0x00007fffc0fb8000 	C:\WINDOWS\System32\PSAPI.DLL
0x00007fffa7b40000 - 0x00007fffa7b49000 	C:\WINDOWS\SYSTEM32\WSOCK32.dll
0x00007fffc25c0000 - 0x00007fffc262f000 	C:\WINDOWS\System32\WS2_32.dll
0x00007fffb84b0000 - 0x00007fffb84d4000 	C:\WINDOWS\SYSTEM32\WINMM.dll
0x00007fffb8480000 - 0x00007fffb84ad000 	C:\WINDOWS\SYSTEM32\WINMMBASE.dll
0x00007fffbfe90000 - 0x00007fffbfeda000 	C:\WINDOWS\System32\cfgmgr32.dll
0x00007fffbfdf0000 - 0x00007fffbfe01000 	C:\WINDOWS\System32\kernel.appcore.dll
0x00007fffb5620000 - 0x00007fffb5630000 	C:\Program Files\Java\jdk-13.0.2\bin\verify.dll
0x00007fffbe580000 - 0x00007fffbe774000 	C:\WINDOWS\SYSTEM32\DBGHELP.DLL
0x00007fffb2ad0000 - 0x00007fffb2afa000 	C:\WINDOWS\SYSTEM32\dbgcore.DLL
0x00007fffaad40000 - 0x00007fffaad66000 	C:\Program Files\Java\jdk-13.0.2\bin\java.dll
0x00007fffa8440000 - 0x00007fffa8457000 	C:\Program Files\Java\jdk-13.0.2\bin\zip.dll
0x00007fffad1a0000 - 0x00007fffad1aa000 	C:\Program Files\Java\jdk-13.0.2\bin\jimage.dll
0x00007fffc1090000 - 0x00007fffc1777000 	C:\WINDOWS\System32\SHELL32.dll
0x00007fffc2830000 - 0x00007fffc28d9000 	C:\WINDOWS\System32\shcore.dll
0x00007fffc07e0000 - 0x00007fffc0f60000 	C:\WINDOWS\System32\windows.storage.dll
0x00007fffbfe60000 - 0x00007fffbfe83000 	C:\WINDOWS\System32\profapi.dll
0x00007fffbfe10000 - 0x00007fffbfe5a000 	C:\WINDOWS\System32\powrprof.dll
0x00007fffbfdc0000 - 0x00007fffbfdd0000 	C:\WINDOWS\System32\UMPDC.dll
0x00007fffc2a90000 - 0x00007fffc2ae2000 	C:\WINDOWS\System32\shlwapi.dll
0x00007fffc0f90000 - 0x00007fffc0fa7000 	C:\WINDOWS\System32\cryptsp.dll
0x00007fffa83b0000 - 0x00007fffa83c9000 	C:\Program Files\Java\jdk-13.0.2\bin\net.dll
0x00007fffab2d0000 - 0x00007fffab3c0000 	C:\WINDOWS\SYSTEM32\WINHTTP.dll
0x00007fffbf610000 - 0x00007fffbf677000 	C:\WINDOWS\system32\mswsock.dll
0x00007fffa73f0000 - 0x00007fffa7403000 	C:\Program Files\Java\jdk-13.0.2\bin\nio.dll
0x00007fffada50000 - 0x00007fffada76000 	C:\Users\User\.gradle\native\31\windows-amd64\native-platform.dll
0x00007fffaab80000 - 0x00007fffaab89000 	C:\Program Files\Java\jdk-13.0.2\bin\management.dll
0x00007fffaaa40000 - 0x00007fffaaa4b000 	C:\Program Files\Java\jdk-13.0.2\bin\management_ext.dll
0x00007fffbf180000 - 0x00007fffbf1b3000 	C:\WINDOWS\system32\rsaenh.dll
0x00007fffc0630000 - 0x00007fffc0656000 	C:\WINDOWS\System32\bcrypt.dll
0x00007fffbfce0000 - 0x00007fffbfd05000 	C:\WINDOWS\SYSTEM32\USERENV.dll
0x00007fffbf7e0000 - 0x00007fffbf7ec000 	C:\WINDOWS\SYSTEM32\CRYPTBASE.dll
0x00007fffbf320000 - 0x00007fffbf35a000 	C:\WINDOWS\SYSTEM32\IPHLPAPI.DLL
0x00007fffc2e80000 - 0x00007fffc2e88000 	C:\WINDOWS\System32\NSI.dll
0x00007fffb81f0000 - 0x00007fffb8206000 	C:\WINDOWS\SYSTEM32\dhcpcsvc6.DLL
0x00007fffb81a0000 - 0x00007fffb81bc000 	C:\WINDOWS\SYSTEM32\dhcpcsvc.DLL
0x00007fffbf360000 - 0x00007fffbf42b000 	C:\WINDOWS\SYSTEM32\DNSAPI.dll

dbghelp: loaded successfully - version: 4.0.5 - missing functions: none
symbol engine: initialized successfully - sym options: 0x614 - pdb path: .;C:\Program Files\Java\jdk-13.0.2\bin;C:\WINDOWS\SYSTEM32;C:\Program Files\AVAST Software\Avast;C:\WINDOWS\WinSxS\amd64_microsoft.windows.common-controls_6595b64144ccf1df_6.0.18362.1082_none_9e8193e1e45b25c1;C:\Program Files\Java\jdk-13.0.2\bin\server;C:\Users\User\.gradle\native\31\windows-amd64

VM Arguments:
jvm_args: --add-opens=java.base/java.util=ALL-UNNAMED --add-opens=java.base/java.lang=ALL-UNNAMED --add-opens=java.base/java.lang.invoke=ALL-UNNAMED --add-opens=java.prefs/java.util.prefs=ALL-UNNAMED -Xmx2048m -Dfile.encoding=windows-1251 -Duser.country=RU -Duser.language=ru -Duser.variant 
java_command: org.gradle.launcher.daemon.bootstrap.GradleDaemon 6.1.1
java_class_path (initial): C:\Users\User\.gradle\wrapper\dists\gradle-6.1.1-all\cfmwm155h49vnt3hynmlrsdst\gradle-6.1.1\lib\gradle-launcher-6.1.1.jar
Launcher Type: SUN_STANDARD

[Global flags]
     intx CICompilerCount                          = 4                                         {product} {ergonomic}
     uint ConcGCThreads                            = 2                                         {product} {ergonomic}
     uint G1ConcRefinementThreads                  = 8                                         {product} {ergonomic}
   size_t G1HeapRegionSize                         = 1048576                                   {product} {ergonomic}
    uintx GCDrainStackTargetSize                   = 64                                        {product} {ergonomic}
   size_t InitialHeapSize                          = 134217728                                 {product} {ergonomic}
   size_t MarkStackSize                            = 4194304                                   {product} {ergonomic}
   size_t MaxHeapSize                              = 2147483648                                {product} {command line}
   size_t MaxNewSize                               = 1287651328                                {product} {ergonomic}
   size_t MinHeapDeltaBytes                        = 1048576                                   {product} {ergonomic}
   size_t MinHeapSize                              = 8388608                                   {product} {ergonomic}
    uintx NonNMethodCodeHeapSize                   = 5839372                                {pd product} {ergonomic}
    uintx NonProfiledCodeHeapSize                  = 122909434                              {pd product} {ergonomic}
    uintx ProfiledCodeHeapSize                     = 122909434                              {pd product} {ergonomic}
    uintx ReservedCodeCacheSize                    = 251658240                              {pd product} {ergonomic}
     bool SegmentedCodeCache                       = true                                      {product} {ergonomic}
   size_t SoftMaxHeapSize                          = 2147483648                             {manageable} {ergonomic}
     bool UseCompressedClassPointers               = true                                 {lp64_product} {ergonomic}
     bool UseCompressedOops                        = true                                 {lp64_product} {ergonomic}
     bool UseG1GC                                  = true                                      {product} {ergonomic}
     bool UseLargePagesIndividualAllocation        = false                                  {pd product} {ergonomic}

Logging:
Log output configuration:
 #0: stdout all=warning uptime,level,tags
 #1: stderr all=off uptime,level,tags

Environment Variables:
JAVA_HOME=C:\Program Files\Java\jdk-13.0.2\
PATH=C:\Program Files\Intel\WiFi\bin\;C:\Program Files\Common Files\Intel\WirelessCommon\;C:\WINDOWS\system32;C:\WINDOWS;C:\WINDOWS\System32\Wbem;C:\WINDOWS\System32\WindowsPowerShell\v1.0\;C:\WINDOWS\System32\OpenSSH\;C:\Program Files\Java\jdk-13.0.2\bin;E:\Olya\Programming\Programms\Git\Git\cmd;C:\Users\User\AppData\Local\Microsoft\WindowsApps;C:\Program Files\JetBrains\IntelliJ IDEA Community Edition 2019.3.4\bin;;
USERNAME=User
OS=Windows_NT
PROCESSOR_IDENTIFIER=Intel64 Family 6 Model 142 Stepping 10, GenuineIntel



---------------  S Y S T E M  ---------------

OS: Windows 10 , 64 bit Build 18362 (10.0.18362.1082)

CPU:total 8 (initial active 8) (4 cores per cpu, 2 threads per core) family 6 model 142 stepping 10, cmov, cx8, fxsr, mmx, sse, sse2, sse3, ssse3, sse4.1, sse4.2, popcnt, avx, avx2, aes, clmul, erms, 3dnowpref, lzcnt, ht, tsc, tscinvbit, bmi1, bmi2, adx, fma

Memory: 4k page, system-wide physical 8087M (262M free)
TotalPageFile size 20375M (AvailPageFile size 2M)
current process WorkingSet (physical memory assigned to process): 402M, peak: 403M
current process commit charge ("private bytes"): 539M, peak: 565M

vm_info: Java HotSpot(TM) 64-Bit Server VM (13.0.2+8) for windows-amd64 JRE (13.0.2+8), built on Dec 11 2019 09:20:33 by "mach5one" with unknown MS VC++:1916

END.
