#
# There is insufficient memory for the Java Runtime Environment to continue.
# Native memory allocation (mmap) failed to map 42991616 bytes for Failed to commit area from 0x000000008d000000 to 0x000000008f900000 of length 42991616.
# Possible reasons:
#   The system is out of physical RAM or swap space
#   The process is running with CompressedOops enabled, and the Java Heap may be blocking the growth of the native heap
# Possible solutions:
#   Reduce memory load on the system
#   Increase physical memory or swap space
#   Check if swap backing store is full
#   Decrease Java heap size (-Xmx/-Xms)
#   Decrease number of Java threads
#   Decrease Java thread stack sizes (-Xss)
#   Set larger code cache with -XX:ReservedCodeCacheSize=
#   JVM is running with Unscaled Compressed Oops mode in which the Java heap is
#     placed in the first 4GB address space. The Java Heap base address is the
#     maximum limit for the native heap growth. Please use -XX:HeapBaseMinAddress
#     to set the Java Heap base and to place the Java Heap above 4GB virtual address.
# This output file may be truncated or incomplete.
#
#  Out of Memory Error (t:/workspace/open/src/hotspot/os/windows/os_windows.cpp:3301), pid=1468, tid=18044
#
# JRE version: Java(TM) SE Runtime Environment (13.0.2+8) (build 13.0.2+8)
# Java VM: Java HotSpot(TM) 64-Bit Server VM (13.0.2+8, mixed mode, sharing, tiered, compressed oops, g1 gc, windows-amd64)
# No core dump will be written. Minidumps are not enabled by default on client versions of Windows
#

---------------  S U M M A R Y ------------

Command Line: --add-opens=java.base/java.util=ALL-UNNAMED --add-opens=java.base/java.lang=ALL-UNNAMED --add-opens=java.base/java.lang.invoke=ALL-UNNAMED --add-opens=java.prefs/java.util.prefs=ALL-UNNAMED -Xmx2048m -Dfile.encoding=windows-1251 -Duser.country=RU -Duser.language=ru -Duser.variant org.gradle.launcher.daemon.bootstrap.GradleDaemon 6.1.1

Host: Intel(R) Core(TM) i5-8250U CPU @ 1.60GHz, 8 cores, 7G,  Windows 10 , 64 bit Build 18362 (10.0.18362.1082)
Time: Sun Oct 11 19:35:03 2020 RTZ 2 (ceia) elapsed time: 16 seconds (0d 0h 0m 16s)

---------------  T H R E A D  ---------------

Current thread (0x000001195bd3c800):  VMThread "VM Thread" [stack: 0x00000014a3600000,0x00000014a3700000] [id=18044]

Stack: [0x00000014a3600000,0x00000014a3700000]
[error occurred during error reporting (printing stack bounds), id 0xc0000005, EXCEPTION_ACCESS_VIOLATION (0xc0000005) at pc=0x00000119452410ad]

Native frames: (J=compiled Java code, j=interpreted, Vv=VM code, C=native code)
V  [jvm.dll+0x624f9a]
V  [jvm.dll+0x770cfa]
V  [jvm.dll+0x7724af]
V  [jvm.dll+0x772a15]
V  [jvm.dll+0x7729cb]
V  [jvm.dll+0x6244df]
C  [ntdll.dll+0x785b6]
C  [ntdll.dll+0x6a056]
C  [ntdll.dll+0x9fe3e]
C  0x00000119452410ad

VM_Operation (0x00000014a32ff290): G1Concurrent, mode: safepoint, requested by thread 0x000001193cd98800


---------------  P R O C E S S  ---------------

Threads class SMR info:
_java_thread_list=0x000001195dc0fbf0, length=58, elements={
0x000001193cd42000, 0x000001195bd63800, 0x000001195bd68800, 0x000001195bd83000,
0x000001195bd84000, 0x000001195bd86000, 0x000001195bd87800, 0x000001195bd8e000,
0x000001195c7d6800, 0x000001195c7dd000, 0x000001195c7d8000, 0x000001195c7d9800,
0x000001195c7da800, 0x000001195c7db000, 0x000001195c7d7000, 0x000001195c7d8800,
0x000001195c7dc000, 0x000001195e287800, 0x000001195e288800, 0x000001195e289800,
0x000001195e28a000, 0x000001195e28b000, 0x000001195e285800, 0x000001195e28c000,
0x000001195e286000, 0x000001195e28c800, 0x000001195e287000, 0x000001195e28e800,
0x000001195e290800, 0x000001195e292800, 0x000001195e294000, 0x000001195e291800,
0x000001195f148000, 0x000001195f14a800, 0x000001195f147000, 0x000001195f148800,
0x000001195f149800, 0x000001195f14b000, 0x000001195f14c000, 0x000001195f146000,
0x000001195e625800, 0x000001195e626000, 0x000001195e623000, 0x000001195e620800,
0x000001195e622000, 0x000001195e627000, 0x000001195e621000, 0x000001195e624800,
0x000001195c977000, 0x000001195e627800, 0x000001195e62c000, 0x000001195e62e800,
0x000001195e628800, 0x000001195e62f000, 0x000001195e629800, 0x000001195e62c800,
0x000001195e62a000, 0x000001195e633800
}

Java Threads: ( => current thread )
  0x000001193cd42000 JavaThread "main" [_thread_blocked, id=16868, stack(0x00000014a3000000,0x00000014a3100000)]
  0x000001195bd63800 JavaThread "Reference Handler" daemon [_thread_blocked, id=12144, stack(0x00000014a3700000,0x00000014a3800000)]
  0x000001195bd68800 JavaThread "Finalizer" daemon [_thread_blocked, id=11436, stack(0x00000014a3800000,0x00000014a3900000)]
  0x000001195bd83000 JavaThread "Signal Dispatcher" daemon [_thread_blocked, id=3296, stack(0x00000014a3900000,0x00000014a3a00000)]
  0x000001195bd84000 JavaThread "Attach Listener" daemon [_thread_blocked, id=12928, stack(0x00000014a3a00000,0x00000014a3b00000)]
  0x000001195bd86000 JavaThread "C2 CompilerThread0" daemon [_thread_in_native, id=18144, stack(0x00000014a3b00000,0x00000014a3c00000)]
  0x000001195bd87800 JavaThread "C1 CompilerThread0" daemon [_thread_blocked, id=16488, stack(0x00000014a3c00000,0x00000014a3d00000)]
  0x000001195bd8e000 JavaThread "Sweeper thread" daemon [_thread_blocked, id=5584, stack(0x00000014a3d00000,0x00000014a3e00000)]
  0x000001195c7d6800 JavaThread "Common-Cleaner" daemon [_thread_blocked, id=13852, stack(0x00000014a3e00000,0x00000014a3f00000)]
  0x000001195c7dd000 JavaThread "Service Thread" daemon [_thread_blocked, id=11896, stack(0x00000014a3f00000,0x00000014a4000000)]
  0x000001195c7d8000 JavaThread "Daemon health stats" [_thread_blocked, id=6868, stack(0x00000014a4400000,0x00000014a4500000)]
  0x000001195c7d9800 JavaThread "Incoming local TCP Connector on port 51188" [_thread_in_native, id=14224, stack(0x00000014a4100000,0x00000014a4200000)]
  0x000001195c7da800 JavaThread "Daemon periodic checks" [_thread_blocked, id=18080, stack(0x00000014a4500000,0x00000014a4600000)]
  0x000001195c7db000 JavaThread "Daemon" [_thread_blocked, id=17600, stack(0x00000014a4600000,0x00000014a4700000)]
  0x000001195c7d7000 JavaThread "Handler for socket connection from /127.0.0.1:51188 to /127.0.0.1:51189" [_thread_in_native, id=11440, stack(0x00000014a4700000,0x00000014a4800000)]
  0x000001195c7d8800 JavaThread "Cancel handler" [_thread_blocked, id=4032, stack(0x00000014a4800000,0x00000014a4900000)]
  0x000001195c7dc000 JavaThread "Daemon worker" [_thread_blocked, id=18120, stack(0x00000014a4900000,0x00000014a4a00000)]
  0x000001195e287800 JavaThread "Asynchronous log dispatcher for DefaultDaemonConnection: socket connection from /127.0.0.1:51188 to /127.0.0.1:51189" [_thread_blocked, id=4480, stack(0x00000014a4a00000,0x00000014a4b00000)]
  0x000001195e288800 JavaThread "Stdin handler" [_thread_blocked, id=1152, stack(0x00000014a4b00000,0x00000014a4c00000)]
  0x000001195e289800 JavaThread "Thread-8" [_thread_blocked, id=18140, stack(0x00000014a4c00000,0x00000014a4d00000)]
  0x000001195e28a000 JavaThread "Cache worker for journal cache (C:\Users\User\.gradle\caches\journal-1)" [_thread_blocked, id=15652, stack(0x00000014a4d00000,0x00000014a4e00000)]
  0x000001195e28b000 JavaThread "File lock request listener" [_thread_in_native, id=11024, stack(0x00000014a4e00000,0x00000014a4f00000)]
  0x000001195e285800 JavaThread "Cache worker for file hash cache (C:\Users\User\.gradle\caches\6.1.1\fileHashes)" [_thread_blocked, id=12596, stack(0x00000014a5400000,0x00000014a5500000)]
  0x000001195e28c000 JavaThread "Cache worker for checksums cache (E:\Practice\FoodApp\.gradle\checksums)" [_thread_blocked, id=13936, stack(0x00000014a5500000,0x00000014a5600000)]
  0x000001195e286000 JavaThread "Cache worker for file hash cache (E:\Practice\FoodApp\.gradle\6.1.1\fileHashes)" [_thread_blocked, id=14536, stack(0x00000014a5600000,0x00000014a5700000)]
  0x000001195e28c800 JavaThread "Cache worker for cache directory md-supplier (C:\Users\User\.gradle\caches\6.1.1\md-supplier)" [_thread_blocked, id=14488, stack(0x00000014a5700000,0x00000014a5800000)]
  0x000001195e287000 JavaThread "Cache worker for cache directory md-rule (C:\Users\User\.gradle\caches\6.1.1\md-rule)" [_thread_blocked, id=8108, stack(0x00000014a5800000,0x00000014a5900000)]
  0x000001195e28e800 JavaThread "Cache worker for execution history cache (C:\Users\User\.gradle\caches\6.1.1\executionHistory)" [_thread_blocked, id=6080, stack(0x00000014a5900000,0x00000014a5a00000)]
  0x000001195e290800 JavaThread "Build operations" [_thread_blocked, id=9676, stack(0x00000014a5b00000,0x00000014a5c00000)]
  0x000001195e292800 JavaThread "Build operations Thread 2" [_thread_blocked, id=14252, stack(0x00000014a5c00000,0x00000014a5d00000)]
  0x000001195e294000 JavaThread "Build operations Thread 3" [_thread_blocked, id=836, stack(0x00000014a5d00000,0x00000014a5e00000)]
  0x000001195e291800 JavaThread "Build operations Thread 4" [_thread_blocked, id=16624, stack(0x00000014a5e00000,0x00000014a5f00000)]
  0x000001195f148000 JavaThread "Build operations Thread 5" [_thread_blocked, id=15776, stack(0x00000014a5f00000,0x00000014a6000000)]
  0x000001195f14a800 JavaThread "Build operations Thread 6" [_thread_blocked, id=14136, stack(0x00000014a6000000,0x00000014a6100000)]
  0x000001195f147000 JavaThread "Build operations Thread 7" [_thread_blocked, id=2324, stack(0x00000014a6100000,0x00000014a6200000)]
  0x000001195f148800 JavaThread "Build operations Thread 8" [_thread_blocked, id=9472, stack(0x00000014a6200000,0x00000014a6300000)]
  0x000001195f149800 JavaThread "Cache worker for Build Output Cleanup Cache (E:\Practice\FoodApp\.gradle\buildOutputCleanup)" [_thread_blocked, id=15820, stack(0x00000014a6300000,0x00000014a6400000)]
  0x000001195f14b000 JavaThread "Memory manager" [_thread_blocked, id=7532, stack(0x00000014a6500000,0x00000014a6600000)]
  0x000001195f14c000 JavaThread "Cache worker for file content cache (C:\Users\User\.gradle\caches\6.1.1\fileContent)" [_thread_blocked, id=1232, stack(0x00000014a6600000,0x00000014a6700000)]
  0x000001195f146000 JavaThread "Cache worker for file content cache (E:\Practice\FoodApp\.gradle\6.1.1\fileContent)" [_thread_blocked, id=1392, stack(0x00000014a6700000,0x00000014a6800000)]
  0x000001195e625800 JavaThread "Execution worker for ':'" [_thread_blocked, id=12036, stack(0x00000014a6800000,0x00000014a6900000)]
  0x000001195e626000 JavaThread "Execution worker for ':' Thread 2" [_thread_blocked, id=10660, stack(0x00000014a6900000,0x00000014a6a00000)]
  0x000001195e623000 JavaThread "Execution worker for ':' Thread 3" [_thread_blocked, id=15112, stack(0x00000014a6a00000,0x00000014a6b00000)]
  0x000001195e620800 JavaThread "Execution worker for ':' Thread 4" [_thread_blocked, id=17200, stack(0x00000014a6b00000,0x00000014a6c00000)]
  0x000001195e622000 JavaThread "Execution worker for ':' Thread 5" [_thread_blocked, id=13000, stack(0x00000014a6c00000,0x00000014a6d00000)]
  0x000001195e627000 JavaThread "Execution worker for ':' Thread 6" [_thread_blocked, id=15660, stack(0x00000014a6d00000,0x00000014a6e00000)]
  0x000001195e621000 JavaThread "Execution worker for ':' Thread 7" [_thread_blocked, id=2868, stack(0x00000014a6e00000,0x00000014a6f00000)]
  0x000001195e624800 JavaThread "Cache worker for execution history cache (E:\Practice\FoodApp\.gradle\6.1.1\executionHistory)" [_thread_blocked, id=10724, stack(0x00000014a6f00000,0x00000014a7000000)]
  0x000001195c977000 JavaThread "C2 CompilerThread1" daemon [_thread_blocked, id=11512, stack(0x00000014a6400000,0x00000014a6500000)]
  0x000001195e627800 JavaThread "WorkerExecutor Queue" [_thread_blocked, id=16512, stack(0x00000014a7000000,0x00000014a7100000)]
  0x000001195e62c000 JavaThread "WorkerExecutor Queue Thread 2" [_thread_blocked, id=11076, stack(0x00000014a7100000,0x00000014a7200000)]
  0x000001195e62e800 JavaThread "WorkerExecutor Queue Thread 3" [_thread_blocked, id=15936, stack(0x00000014a7200000,0x00000014a7300000)]
  0x000001195e628800 JavaThread "WorkerExecutor Queue Thread 4" [_thread_blocked, id=12720, stack(0x00000014a7300000,0x00000014a7400000)]
  0x000001195e62f000 JavaThread "WorkerExecutor Queue Thread 5" [_thread_blocked, id=7712, stack(0x00000014a7400000,0x00000014a7500000)]
  0x000001195e629800 JavaThread "WorkerExecutor Queue Thread 6" [_thread_blocked, id=3908, stack(0x00000014a7500000,0x00000014a7600000)]
  0x000001195e62c800 JavaThread "WorkerExecutor Queue Thread 7" [_thread_blocked, id=8864, stack(0x00000014a7600000,0x00000014a7700000)]
  0x000001195e62a000 JavaThread "WorkerExecutor Queue Thread 8" [_thread_blocked, id=7188, stack(0x00000014a7700000,0x00000014a7800000)]
  0x000001195e633800 JavaThread "WorkerExecutor Queue Thread 9" [_thread_blocked, id=14012, stack(0x00000014a7800000,0x00000014a7900000)]

Other Threads:
=>0x000001195bd3c800 VMThread "VM Thread" [stack: 0x00000014a3600000,0x00000014a3700000] [id=18044]
  0x000001195c80c800 WatcherThread [stack: 0x00000014a4000000,0x00000014a4100000] [id=1036]
  0x000001193cd85000 GCTaskThread "GC Thread#0" [stack: 0x00000014a3100000,0x00000014a3200000] [id=18288]
  0x000001195d24d000 GCTaskThread "GC Thread#1" [stack: 0x00000014a4200000,0x00000014a4300000] [id=12204]
  0x000001195d206800 GCTaskThread "GC Thread#2" [stack: 0x00000014a4300000,0x00000014a4400000] [id=15868]
  0x000001195e20a800 GCTaskThread "GC Thread#3" [stack: 0x00000014a4f00000,0x00000014a5000000] [id=17008]
  0x000001195da70000 GCTaskThread "GC Thread#4" [stack: 0x00000014a5000000,0x00000014a5100000] [id=16164]
  0x000001195e2df800 GCTaskThread "GC Thread#5" [stack: 0x00000014a5100000,0x00000014a5200000] [id=17204]
  0x000001195e0c0000 GCTaskThread "GC Thread#6" [stack: 0x00000014a5200000,0x00000014a5300000] [id=8840]
  0x000001195df4f800 GCTaskThread "GC Thread#7" [stack: 0x00000014a5300000,0x00000014a5400000] [id=12540]
  0x000001193cd98800 ConcurrentGCThread "G1 Main Marker" [stack: 0x00000014a3200000,0x00000014a3300000] [id=2112]
  0x000001193cd9a800 ConcurrentGCThread "G1 Conc#0" [stack: 0x00000014a3300000,0x00000014a3400000] [id=17400]
  0x000001195eeb1000 ConcurrentGCThread "G1 Conc#1" [stack: 0x00000014a5a00000,0x00000014a5b00000] [id=8572]
  0x000001193ce0e000 ConcurrentGCThread "G1 Refine#0" [stack: 0x00000014a3400000,0x00000014a3500000] [id=5864]
  0x000001195bbba800 ConcurrentGCThread "G1 Young RemSet Sampling" [stack: 0x00000014a3500000,0x00000014a3600000] [id=11148]

Threads with active compile tasks:
C2 CompilerThread0    16699 10421 %     4       com.android.tools.r8.dex.n::m @ 65 (2047 bytes)
C1 CompilerThread0    16699 10842       2       com.android.tools.r8.ir.optimize.l::m (763 bytes)
C2 CompilerThread1    16699 10521       4       com.android.tools.r8.graph.Z::computeHashCode (30 bytes)

VM state:at safepoint (normal execution)

VM Mutex/Monitor currently owned by a thread:  ([mutex/lock_event])
[0x000001193cd3e730] Threads_lock - owner thread: 0x000001195bd3c800
[0x000001193cd3f810] Heap_lock - owner thread: 0x000001193cd98800

Heap address: 0x0000000080000000, size: 2048 MB, Compressed Oops mode: 32-bit
Narrow klass base: 0x0000000800000000, Narrow klass shift: 3
Compressed class space size: 1073741824 Address: 0x0000000800b40000

Heap:
 garbage-first heap   total 254976K, used 150517K [0x0000000080000000, 0x0000000100000000)
  region size 1024K, 22 young (22528K), 5 survivors (5120K)
 Metaspace       used 80309K, capacity 82581K, committed 82896K, reserved 1120256K
  class space    used 10834K, capacity 11677K, committed 11776K, reserved 1048576K
Heap Regions: E=young(eden), S=young(survivor), O=old, HS=humongous(starts), HC=humongous(continues), CS=collection set, F=free, A=archive, TAMS=top-at-mark-start (previous, next)
|   0|0x0000000080000000, 0x0000000080100000, 0x0000000080100000|100%|HS|  |TAMS 0x0000000080100000, 0x0000000080000000| Complete 
|   1|0x0000000080100000, 0x0000000080200000, 0x0000000080200000|100%|HC|  |TAMS 0x0000000080200000, 0x0000000080100000| Complete 
|   2|0x0000000080200000, 0x0000000080300000, 0x0000000080300000|100%| O|  |TAMS 0x0000000080300000, 0x0000000080200000| Updating 
|   3|0x0000000080300000, 0x0000000080400000, 0x0000000080400000|100%|HS|  |TAMS 0x0000000080400000, 0x0000000080300000| Complete 
|   4|0x0000000080400000, 0x0000000080500000, 0x0000000080500000|100%|HC|  |TAMS 0x0000000080500000, 0x0000000080400000| Complete 
|   5|0x0000000080500000, 0x0000000080600000, 0x0000000080600000|100%|HC|  |TAMS 0x0000000080600000, 0x0000000080500000| Complete 
|   6|0x0000000080600000, 0x0000000080700000, 0x0000000080700000|100%| O|  |TAMS 0x0000000080700000, 0x0000000080600000| Updating 
|   7|0x0000000080700000, 0x0000000080800000, 0x0000000080800000|100%| O|  |TAMS 0x0000000080800000, 0x0000000080700000| Updating 
|   8|0x0000000080800000, 0x0000000080900000, 0x0000000080900000|100%| O|  |TAMS 0x0000000080900000, 0x0000000080800000| Updating 
|   9|0x0000000080900000, 0x0000000080a00000, 0x0000000080a00000|100%|HS|  |TAMS 0x0000000080a00000, 0x0000000080900000| Complete 
|  10|0x0000000080a00000, 0x0000000080b00000, 0x0000000080b00000|100%|HC|  |TAMS 0x0000000080b00000, 0x0000000080a00000| Complete 
|  11|0x0000000080b00000, 0x0000000080c00000, 0x0000000080c00000|100%|HC|  |TAMS 0x0000000080c00000, 0x0000000080b00000| Complete 
|  12|0x0000000080c00000, 0x0000000080d00000, 0x0000000080d00000|100%|HS|  |TAMS 0x0000000080d00000, 0x0000000080c00000| Complete 
|  13|0x0000000080d00000, 0x0000000080e00000, 0x0000000080e00000|100%|HC|  |TAMS 0x0000000080e00000, 0x0000000080d00000| Complete 
|  14|0x0000000080e00000, 0x0000000080f00000, 0x0000000080f00000|100%|HC|  |TAMS 0x0000000080f00000, 0x0000000080e00000| Complete 
|  15|0x0000000080f00000, 0x0000000081000000, 0x0000000081000000|100%|HC|  |TAMS 0x0000000081000000, 0x0000000080f00000| Complete 
|  16|0x0000000081000000, 0x0000000081100000, 0x0000000081100000|100%| O|  |TAMS 0x0000000081100000, 0x0000000081000000| Updating 
|  17|0x0000000081100000, 0x0000000081200000, 0x0000000081200000|100%| O|  |TAMS 0x0000000081200000, 0x0000000081100000| Updating 
|  18|0x0000000081200000, 0x0000000081300000, 0x0000000081300000|100%| O|  |TAMS 0x0000000081300000, 0x0000000081200000| Updating 
|  19|0x0000000081300000, 0x0000000081400000, 0x0000000081400000|100%| O|  |TAMS 0x0000000081400000, 0x0000000081300000| Updating 
|  20|0x0000000081400000, 0x0000000081500000, 0x0000000081500000|100%| O|  |TAMS 0x0000000081500000, 0x0000000081400000| Updating 
|  21|0x0000000081500000, 0x0000000081600000, 0x0000000081600000|100%| O|  |TAMS 0x0000000081600000, 0x0000000081500000| Updating 
|  22|0x0000000081600000, 0x0000000081700000, 0x0000000081700000|100%| O|  |TAMS 0x0000000081700000, 0x0000000081600000| Updating 
|  23|0x0000000081700000, 0x0000000081800000, 0x0000000081800000|100%| O|  |TAMS 0x0000000081800000, 0x0000000081700000| Updating 
|  24|0x0000000081800000, 0x000000008183a800, 0x0000000081900000| 22%| O|  |TAMS 0x000000008183a800, 0x0000000081800000| Updating 
|  25|0x0000000081900000, 0x0000000081a00000, 0x0000000081a00000|100%| O|  |TAMS 0x0000000081a00000, 0x0000000081900000| Updating 
|  26|0x0000000081a00000, 0x0000000081b00000, 0x0000000081b00000|100%| O|  |TAMS 0x0000000081b00000, 0x0000000081a00000| Updating 
|  27|0x0000000081b00000, 0x0000000081c00000, 0x0000000081c00000|100%| O|  |TAMS 0x0000000081c00000, 0x0000000081b00000| Updating 
|  28|0x0000000081c00000, 0x0000000081d00000, 0x0000000081d00000|100%| O|  |TAMS 0x0000000081d00000, 0x0000000081c00000| Updating 
|  29|0x0000000081d00000, 0x0000000081e00000, 0x0000000081e00000|100%| O|  |TAMS 0x0000000081e00000, 0x0000000081d00000| Updating 
|  30|0x0000000081e00000, 0x0000000081f00000, 0x0000000081f00000|100%| O|  |TAMS 0x0000000081f00000, 0x0000000081e00000| Updating 
|  31|0x0000000081f00000, 0x0000000082000000, 0x0000000082000000|100%| O|  |TAMS 0x0000000082000000, 0x0000000081f00000| Updating 
|  32|0x0000000082000000, 0x0000000082100000, 0x0000000082100000|100%| O|  |TAMS 0x0000000082100000, 0x0000000082000000| Updating 
|  33|0x0000000082100000, 0x0000000082200000, 0x0000000082200000|100%| O|  |TAMS 0x0000000082200000, 0x0000000082100000| Updating 
|  34|0x0000000082200000, 0x0000000082300000, 0x0000000082300000|100%| O|  |TAMS 0x0000000082300000, 0x0000000082200000| Updating 
|  35|0x0000000082300000, 0x0000000082400000, 0x0000000082400000|100%|HS|  |TAMS 0x0000000082400000, 0x0000000082300000| Complete 
|  36|0x0000000082400000, 0x0000000082500000, 0x0000000082500000|100%|HC|  |TAMS 0x0000000082500000, 0x0000000082400000| Complete 
|  37|0x0000000082500000, 0x0000000082600000, 0x0000000082600000|100%|HC|  |TAMS 0x0000000082600000, 0x0000000082500000| Complete 
|  38|0x0000000082600000, 0x0000000082700000, 0x0000000082700000|100%|HS|  |TAMS 0x0000000082700000, 0x0000000082600000| Complete 
|  39|0x0000000082700000, 0x0000000082800000, 0x0000000082800000|100%|HC|  |TAMS 0x0000000082800000, 0x0000000082700000| Complete 
|  40|0x0000000082800000, 0x0000000082900000, 0x0000000082900000|100%|HC|  |TAMS 0x0000000082900000, 0x0000000082800000| Complete 
|  41|0x0000000082900000, 0x0000000082a00000, 0x0000000082a00000|100%|HS|  |TAMS 0x0000000082a00000, 0x0000000082900000| Complete 
|  42|0x0000000082a00000, 0x0000000082b00000, 0x0000000082b00000|100%|HC|  |TAMS 0x0000000082b00000, 0x0000000082a00000| Complete 
|  43|0x0000000082b00000, 0x0000000082c00000, 0x0000000082c00000|100%| O|  |TAMS 0x0000000082c00000, 0x0000000082b00000| Updating 
|  44|0x0000000082c00000, 0x0000000082d00000, 0x0000000082d00000|100%| O|  |TAMS 0x0000000082d00000, 0x0000000082c00000| Updating 
|  45|0x0000000082d00000, 0x0000000082e00000, 0x0000000082e00000|100%| O|  |TAMS 0x0000000082e00000, 0x0000000082d00000| Updating 
|  46|0x0000000082e00000, 0x0000000082f00000, 0x0000000082f00000|100%| O|  |TAMS 0x0000000082f00000, 0x0000000082e00000| Updating 
|  47|0x0000000082f00000, 0x0000000083000000, 0x0000000083000000|100%| O|  |TAMS 0x0000000083000000, 0x0000000082f00000| Updating 
|  48|0x0000000083000000, 0x0000000083100000, 0x0000000083100000|100%| O|  |TAMS 0x0000000083100000, 0x0000000083000000| Updating 
|  49|0x0000000083100000, 0x0000000083200000, 0x0000000083200000|100%| O|  |TAMS 0x0000000083200000, 0x0000000083100000| Updating 
|  50|0x0000000083200000, 0x0000000083300000, 0x0000000083300000|100%| O|  |TAMS 0x0000000083300000, 0x0000000083200000| Updating 
|  51|0x0000000083300000, 0x0000000083400000, 0x0000000083400000|100%| O|  |TAMS 0x0000000083400000, 0x0000000083300000| Updating 
|  52|0x0000000083400000, 0x0000000083500000, 0x0000000083500000|100%| O|  |TAMS 0x0000000083500000, 0x0000000083400000| Updating 
|  53|0x0000000083500000, 0x0000000083600000, 0x0000000083600000|100%| O|  |TAMS 0x0000000083600000, 0x0000000083500000| Updating 
|  54|0x0000000083600000, 0x0000000083700000, 0x0000000083700000|100%| O|  |TAMS 0x0000000083700000, 0x0000000083600000| Updating 
|  55|0x0000000083700000, 0x0000000083800000, 0x0000000083800000|100%| O|  |TAMS 0x0000000083800000, 0x0000000083700000| Updating 
|  56|0x0000000083800000, 0x0000000083900000, 0x0000000083900000|100%| O|  |TAMS 0x0000000083900000, 0x0000000083800000| Updating 
|  57|0x0000000083900000, 0x0000000083a00000, 0x0000000083a00000|100%| O|  |TAMS 0x0000000083a00000, 0x0000000083900000| Updating 
|  58|0x0000000083a00000, 0x0000000083b00000, 0x0000000083b00000|100%| O|  |TAMS 0x0000000083b00000, 0x0000000083a00000| Updating 
|  59|0x0000000083b00000, 0x0000000083c00000, 0x0000000083c00000|100%| O|  |TAMS 0x0000000083c00000, 0x0000000083b00000| Updating 
|  60|0x0000000083c00000, 0x0000000083d00000, 0x0000000083d00000|100%| O|  |TAMS 0x0000000083d00000, 0x0000000083c00000| Updating 
|  61|0x0000000083d00000, 0x0000000083e00000, 0x0000000083e00000|100%| O|  |TAMS 0x0000000083e00000, 0x0000000083d00000| Updating 
|  62|0x0000000083e00000, 0x0000000083f00000, 0x0000000083f00000|100%| O|  |TAMS 0x0000000083f00000, 0x0000000083e00000| Updating 
|  63|0x0000000083f00000, 0x0000000084000000, 0x0000000084000000|100%| O|  |TAMS 0x0000000084000000, 0x0000000083f00000| Updating 
|  64|0x0000000084000000, 0x0000000084100000, 0x0000000084100000|100%| O|  |TAMS 0x0000000084100000, 0x0000000084000000| Updating 
|  65|0x0000000084100000, 0x0000000084200000, 0x0000000084200000|100%| O|  |TAMS 0x0000000084200000, 0x0000000084100000| Updating 
|  66|0x0000000084200000, 0x0000000084300000, 0x0000000084300000|100%| O|  |TAMS 0x0000000084300000, 0x0000000084200000| Updating 
|  67|0x0000000084300000, 0x0000000084400000, 0x0000000084400000|100%| O|  |TAMS 0x0000000084400000, 0x0000000084300000| Updating 
|  68|0x0000000084400000, 0x0000000084500000, 0x0000000084500000|100%| O|  |TAMS 0x0000000084500000, 0x0000000084400000| Updating 
|  69|0x0000000084500000, 0x0000000084600000, 0x0000000084600000|100%| O|  |TAMS 0x0000000084600000, 0x0000000084500000| Updating 
|  70|0x0000000084600000, 0x0000000084700000, 0x0000000084700000|100%| O|  |TAMS 0x0000000084700000, 0x0000000084600000| Updating 
|  71|0x0000000084700000, 0x0000000084800000, 0x0000000084800000|100%| O|  |TAMS 0x0000000084800000, 0x0000000084700000| Updating 
|  72|0x0000000084800000, 0x0000000084900000, 0x0000000084900000|100%| O|  |TAMS 0x0000000084900000, 0x0000000084800000| Updating 
|  73|0x0000000084900000, 0x0000000084a00000, 0x0000000084a00000|100%| O|  |TAMS 0x0000000084a00000, 0x0000000084900000| Updating 
|  74|0x0000000084a00000, 0x0000000084b00000, 0x0000000084b00000|100%| O|  |TAMS 0x0000000084b00000, 0x0000000084a00000| Updating 
|  75|0x0000000084b00000, 0x0000000084c00000, 0x0000000084c00000|100%| O|  |TAMS 0x0000000084c00000, 0x0000000084b00000| Updating 
|  76|0x0000000084c00000, 0x0000000084d00000, 0x0000000084d00000|100%| O|  |TAMS 0x0000000084d00000, 0x0000000084c00000| Updating 
|  77|0x0000000084d00000, 0x0000000084e00000, 0x0000000084e00000|100%| O|  |TAMS 0x0000000084e00000, 0x0000000084d00000| Updating 
|  78|0x0000000084e00000, 0x0000000084f00000, 0x0000000084f00000|100%| O|  |TAMS 0x0000000084f00000, 0x0000000084e00000| Updating 
|  79|0x0000000084f00000, 0x0000000085000000, 0x0000000085000000|100%| O|  |TAMS 0x0000000085000000, 0x0000000084f00000| Updating 
|  80|0x0000000085000000, 0x0000000085100000, 0x0000000085100000|100%| O|  |TAMS 0x0000000085100000, 0x0000000085000000| Updating 
|  81|0x0000000085100000, 0x0000000085200000, 0x0000000085200000|100%| O|  |TAMS 0x0000000085200000, 0x0000000085100000| Updating 
|  82|0x0000000085200000, 0x0000000085300000, 0x0000000085300000|100%| O|  |TAMS 0x0000000085300000, 0x0000000085200000| Updating 
|  83|0x0000000085300000, 0x0000000085400000, 0x0000000085400000|100%| O|  |TAMS 0x0000000085400000, 0x0000000085300000| Updating 
|  84|0x0000000085400000, 0x0000000085500000, 0x0000000085500000|100%| O|  |TAMS 0x0000000085500000, 0x0000000085400000| Updating 
|  85|0x0000000085500000, 0x0000000085600000, 0x0000000085600000|100%|HS|  |TAMS 0x0000000085600000, 0x0000000085500000| Complete 
|  86|0x0000000085600000, 0x0000000085700000, 0x0000000085700000|100%|HS|  |TAMS 0x0000000085700000, 0x0000000085600000| Complete 
|  87|0x0000000085700000, 0x0000000085800000, 0x0000000085800000|100%|HS|  |TAMS 0x0000000085800000, 0x0000000085700000| Complete 
|  88|0x0000000085800000, 0x0000000085900000, 0x0000000085900000|100%|HS|  |TAMS 0x0000000085900000, 0x0000000085800000| Complete 
|  89|0x0000000085900000, 0x0000000085a00000, 0x0000000085a00000|100%|HC|  |TAMS 0x0000000085a00000, 0x0000000085900000| Complete 
|  90|0x0000000085a00000, 0x0000000085b00000, 0x0000000085b00000|100%|HS|  |TAMS 0x0000000085b00000, 0x0000000085a00000| Complete 
|  91|0x0000000085b00000, 0x0000000085c00000, 0x0000000085c00000|100%|HS|  |TAMS 0x0000000085c00000, 0x0000000085b00000| Complete 
|  92|0x0000000085c00000, 0x0000000085d00000, 0x0000000085d00000|100%|HC|  |TAMS 0x0000000085d00000, 0x0000000085c00000| Complete 
|  93|0x0000000085d00000, 0x0000000085e00000, 0x0000000085e00000|100%| O|  |TAMS 0x0000000085e00000, 0x0000000085d00000| Updating 
|  94|0x0000000085e00000, 0x0000000085f00000, 0x0000000085f00000|100%| O|  |TAMS 0x0000000085f00000, 0x0000000085e00000| Updating 
|  95|0x0000000085f00000, 0x0000000086000000, 0x0000000086000000|100%|HS|  |TAMS 0x0000000086000000, 0x0000000085f00000| Complete 
|  96|0x0000000086000000, 0x0000000086100000, 0x0000000086100000|100%| O|  |TAMS 0x0000000086000000, 0x0000000086000000| Untracked 
|  97|0x0000000086100000, 0x0000000086200000, 0x0000000086200000|100%|HS|  |TAMS 0x0000000086200000, 0x0000000086100000| Complete 
|  98|0x0000000086200000, 0x0000000086300000, 0x0000000086300000|100%| O|  |TAMS 0x0000000086200000, 0x0000000086200000| Untracked 
|  99|0x0000000086300000, 0x0000000086400000, 0x0000000086400000|100%|HS|  |TAMS 0x0000000086400000, 0x0000000086300000| Complete 
| 100|0x0000000086400000, 0x0000000086500000, 0x0000000086500000|100%| O|  |TAMS 0x0000000086400000, 0x0000000086400000| Untracked 
| 101|0x0000000086500000, 0x0000000086600000, 0x0000000086600000|100%|HS|  |TAMS 0x0000000086600000, 0x0000000086500000| Complete 
| 102|0x0000000086600000, 0x0000000086700000, 0x0000000086700000|100%| O|  |TAMS 0x0000000086600000, 0x0000000086600000| Untracked 
| 103|0x0000000086700000, 0x0000000086800000, 0x0000000086800000|100%| O|  |TAMS 0x0000000086700000, 0x0000000086700000| Untracked 
| 104|0x0000000086800000, 0x0000000086900000, 0x0000000086900000|100%|HS|  |TAMS 0x0000000086900000, 0x0000000086800000| Complete 
| 105|0x0000000086900000, 0x0000000086a00000, 0x0000000086a00000|100%|HC|  |TAMS 0x0000000086a00000, 0x0000000086900000| Complete 
| 106|0x0000000086a00000, 0x0000000086b00000, 0x0000000086b00000|100%| O|  |TAMS 0x0000000086a00000, 0x0000000086a00000| Untracked 
| 107|0x0000000086b00000, 0x0000000086c00000, 0x0000000086c00000|100%|HS|  |TAMS 0x0000000086c00000, 0x0000000086b00000| Complete 
| 108|0x0000000086c00000, 0x0000000086d00000, 0x0000000086d00000|100%| O|  |TAMS 0x0000000086c00000, 0x0000000086c00000| Untracked 
| 109|0x0000000086d00000, 0x0000000086e00000, 0x0000000086e00000|100%| O|  |TAMS 0x0000000086d00000, 0x0000000086d00000| Untracked 
| 110|0x0000000086e00000, 0x0000000086f00000, 0x0000000086f00000|100%|HS|  |TAMS 0x0000000086f00000, 0x0000000086e00000| Complete 
| 111|0x0000000086f00000, 0x0000000087000000, 0x0000000087000000|100%|HC|  |TAMS 0x0000000087000000, 0x0000000086f00000| Complete 
| 112|0x0000000087000000, 0x00000000870c2e00, 0x0000000087100000| 76%| O|  |TAMS 0x0000000087000000, 0x0000000087000000| Updating 
| 113|0x0000000087100000, 0x0000000087200000, 0x0000000087200000|100%|HS|  |TAMS 0x0000000087200000, 0x0000000087100000| Complete 
| 114|0x0000000087200000, 0x0000000087300000, 0x0000000087300000|100%| O|  |TAMS 0x0000000087300000, 0x0000000087200000| Updating 
| 115|0x0000000087300000, 0x0000000087400000, 0x0000000087400000|100%| O|  |TAMS 0x0000000087400000, 0x0000000087300000| Updating 
| 116|0x0000000087400000, 0x0000000087500000, 0x0000000087500000|100%| O|  |TAMS 0x0000000087500000, 0x0000000087400000| Updating 
| 117|0x0000000087500000, 0x0000000087600000, 0x0000000087600000|100%| O|  |TAMS 0x0000000087600000, 0x0000000087500000| Updating 
| 118|0x0000000087600000, 0x0000000087700000, 0x0000000087700000|100%| O|  |TAMS 0x0000000087700000, 0x0000000087600000| Updating 
| 119|0x0000000087700000, 0x0000000087800000, 0x0000000087800000|100%| O|  |TAMS 0x0000000087800000, 0x0000000087700000| Updating 
| 120|0x0000000087800000, 0x0000000087900000, 0x0000000087900000|100%| O|  |TAMS 0x0000000087900000, 0x0000000087800000| Updating 
| 121|0x0000000087900000, 0x0000000087a00000, 0x0000000087a00000|100%| O|  |TAMS 0x0000000087a00000, 0x0000000087900000| Updating 
| 122|0x0000000087a00000, 0x0000000087b00000, 0x0000000087b00000|100%| O|  |TAMS 0x0000000087b00000, 0x0000000087a00000| Updating 
| 123|0x0000000087b00000, 0x0000000087c00000, 0x0000000087c00000|100%| O|  |TAMS 0x0000000087c00000, 0x0000000087b00000| Updating 
| 124|0x0000000087c00000, 0x0000000087d00000, 0x0000000087d00000|100%| O|  |TAMS 0x0000000087d00000, 0x0000000087c00000| Updating 
| 125|0x0000000087d00000, 0x0000000087e00000, 0x0000000087e00000|100%| O|  |TAMS 0x0000000087d21600, 0x0000000087d00000| Untracked 
| 126|0x0000000087e00000, 0x0000000087f00000, 0x0000000087f00000|100%|HS|  |TAMS 0x0000000087e00000, 0x0000000087e00000| Complete 
| 127|0x0000000087f00000, 0x0000000087f00000, 0x0000000088000000|  0%| F|  |TAMS 0x0000000087f00000, 0x0000000087f00000| Untracked 
| 128|0x0000000088000000, 0x0000000088000000, 0x0000000088100000|  0%| F|  |TAMS 0x0000000088000000, 0x0000000088000000| Untracked 
| 129|0x0000000088100000, 0x0000000088100000, 0x0000000088200000|  0%| F|  |TAMS 0x0000000088100000, 0x0000000088100000| Untracked 
| 130|0x0000000088200000, 0x0000000088200000, 0x0000000088300000|  0%| F|  |TAMS 0x0000000088200000, 0x0000000088200000| Untracked 
| 131|0x0000000088300000, 0x0000000088300000, 0x0000000088400000|  0%| F|  |TAMS 0x0000000088300000, 0x0000000088300000| Untracked 
| 132|0x0000000088400000, 0x0000000088400000, 0x0000000088500000|  0%| F|  |TAMS 0x0000000088400000, 0x0000000088400000| Untracked 
| 133|0x0000000088500000, 0x0000000088500000, 0x0000000088600000|  0%| F|  |TAMS 0x0000000088500000, 0x0000000088500000| Untracked 
| 134|0x0000000088600000, 0x0000000088600000, 0x0000000088700000|  0%| F|  |TAMS 0x0000000088600000, 0x0000000088600000| Untracked 
| 135|0x0000000088700000, 0x0000000088700000, 0x0000000088800000|  0%| F|  |TAMS 0x0000000088700000, 0x0000000088700000| Untracked 
| 136|0x0000000088800000, 0x0000000088800000, 0x0000000088900000|  0%| F|  |TAMS 0x0000000088800000, 0x0000000088800000| Untracked 
| 137|0x0000000088900000, 0x0000000088900000, 0x0000000088a00000|  0%| F|  |TAMS 0x0000000088900000, 0x0000000088900000| Untracked 
| 138|0x0000000088a00000, 0x0000000088a00000, 0x0000000088b00000|  0%| F|  |TAMS 0x0000000088a00000, 0x0000000088a00000| Untracked 
| 139|0x0000000088b00000, 0x0000000088b00000, 0x0000000088c00000|  0%| F|  |TAMS 0x0000000088b00000, 0x0000000088b00000| Untracked 
| 140|0x0000000088c00000, 0x0000000088c00000, 0x0000000088d00000|  0%| F|  |TAMS 0x0000000088c00000, 0x0000000088c00000| Untracked 
| 141|0x0000000088d00000, 0x0000000088d00000, 0x0000000088e00000|  0%| F|  |TAMS 0x0000000088d00000, 0x0000000088d00000| Untracked 
| 142|0x0000000088e00000, 0x0000000088e00000, 0x0000000088f00000|  0%| F|  |TAMS 0x0000000088e00000, 0x0000000088e00000| Untracked 
| 143|0x0000000088f00000, 0x0000000088f00000, 0x0000000089000000|  0%| F|  |TAMS 0x0000000088f00000, 0x0000000088f00000| Untracked 
| 144|0x0000000089000000, 0x0000000089000000, 0x0000000089100000|  0%| F|  |TAMS 0x0000000089000000, 0x0000000089000000| Untracked 
| 145|0x0000000089100000, 0x0000000089100000, 0x0000000089200000|  0%| F|  |TAMS 0x0000000089100000, 0x0000000089100000| Untracked 
| 146|0x0000000089200000, 0x0000000089200000, 0x0000000089300000|  0%| F|  |TAMS 0x0000000089200000, 0x0000000089200000| Untracked 
| 147|0x0000000089300000, 0x0000000089300000, 0x0000000089400000|  0%| F|  |TAMS 0x0000000089300000, 0x0000000089300000| Untracked 
| 148|0x0000000089400000, 0x0000000089400000, 0x0000000089500000|  0%| F|  |TAMS 0x0000000089400000, 0x0000000089400000| Untracked 
| 149|0x0000000089500000, 0x0000000089500000, 0x0000000089600000|  0%| F|  |TAMS 0x0000000089500000, 0x0000000089500000| Untracked 
| 150|0x0000000089600000, 0x0000000089600000, 0x0000000089700000|  0%| F|  |TAMS 0x0000000089600000, 0x0000000089600000| Untracked 
| 151|0x0000000089700000, 0x0000000089700000, 0x0000000089800000|  0%| F|  |TAMS 0x0000000089700000, 0x0000000089700000| Untracked 
| 152|0x0000000089800000, 0x0000000089800000, 0x0000000089900000|  0%| F|  |TAMS 0x0000000089800000, 0x0000000089800000| Untracked 
| 153|0x0000000089900000, 0x0000000089900000, 0x0000000089a00000|  0%| F|  |TAMS 0x0000000089900000, 0x0000000089900000| Untracked 
| 154|0x0000000089a00000, 0x0000000089a00000, 0x0000000089b00000|  0%| F|  |TAMS 0x0000000089a00000, 0x0000000089a00000| Untracked 
| 155|0x0000000089b00000, 0x0000000089b00000, 0x0000000089c00000|  0%| F|  |TAMS 0x0000000089b00000, 0x0000000089b00000| Untracked 
| 156|0x0000000089c00000, 0x0000000089c00000, 0x0000000089d00000|  0%| F|  |TAMS 0x0000000089c00000, 0x0000000089c00000| Untracked 
| 157|0x0000000089d00000, 0x0000000089d00000, 0x0000000089e00000|  0%| F|  |TAMS 0x0000000089d00000, 0x0000000089d00000| Untracked 
| 158|0x0000000089e00000, 0x0000000089e00000, 0x0000000089f00000|  0%| F|  |TAMS 0x0000000089e00000, 0x0000000089e00000| Untracked 
| 159|0x0000000089f00000, 0x0000000089f00000, 0x000000008a000000|  0%| F|  |TAMS 0x0000000089f00000, 0x0000000089f00000| Untracked 
| 160|0x000000008a000000, 0x000000008a000000, 0x000000008a100000|  0%| F|  |TAMS 0x000000008a000000, 0x000000008a000000| Untracked 
| 161|0x000000008a100000, 0x000000008a100000, 0x000000008a200000|  0%| F|  |TAMS 0x000000008a100000, 0x000000008a100000| Untracked 
| 162|0x000000008a200000, 0x000000008a200000, 0x000000008a300000|  0%| F|  |TAMS 0x000000008a200000, 0x000000008a200000| Untracked 
| 163|0x000000008a300000, 0x000000008a300000, 0x000000008a400000|  0%| F|  |TAMS 0x000000008a300000, 0x000000008a300000| Untracked 
| 164|0x000000008a400000, 0x000000008a400000, 0x000000008a500000|  0%| F|  |TAMS 0x000000008a400000, 0x000000008a400000| Untracked 
| 165|0x000000008a500000, 0x000000008a500000, 0x000000008a600000|  0%| F|  |TAMS 0x000000008a500000, 0x000000008a500000| Untracked 
| 166|0x000000008a600000, 0x000000008a600000, 0x000000008a700000|  0%| F|  |TAMS 0x000000008a600000, 0x000000008a600000| Untracked 
| 167|0x000000008a700000, 0x000000008a700000, 0x000000008a800000|  0%| F|  |TAMS 0x000000008a700000, 0x000000008a700000| Untracked 
| 168|0x000000008a800000, 0x000000008a800000, 0x000000008a900000|  0%| F|  |TAMS 0x000000008a800000, 0x000000008a800000| Untracked 
| 169|0x000000008a900000, 0x000000008a900000, 0x000000008aa00000|  0%| F|  |TAMS 0x000000008a900000, 0x000000008a900000| Untracked 
| 170|0x000000008aa00000, 0x000000008ab00000, 0x000000008ab00000|100%| S|CS|TAMS 0x000000008aa00000, 0x000000008aa00000| Complete 
| 171|0x000000008ab00000, 0x000000008ac00000, 0x000000008ac00000|100%| S|CS|TAMS 0x000000008ab00000, 0x000000008ab00000| Complete 
| 172|0x000000008ac00000, 0x000000008ad00000, 0x000000008ad00000|100%| S|CS|TAMS 0x000000008ac00000, 0x000000008ac00000| Complete 
| 173|0x000000008ad00000, 0x000000008ae00000, 0x000000008ae00000|100%| S|CS|TAMS 0x000000008ad00000, 0x000000008ad00000| Complete 
| 174|0x000000008ae00000, 0x000000008af00000, 0x000000008af00000|100%| S|CS|TAMS 0x000000008ae00000, 0x000000008ae00000| Complete 
| 175|0x000000008af00000, 0x000000008af00000, 0x000000008b000000|  0%| F|  |TAMS 0x000000008af00000, 0x000000008af00000| Untracked 
| 176|0x000000008b000000, 0x000000008b000000, 0x000000008b100000|  0%| F|  |TAMS 0x000000008b000000, 0x000000008b000000| Untracked 
| 177|0x000000008b100000, 0x000000008b100000, 0x000000008b200000|  0%| F|  |TAMS 0x000000008b100000, 0x000000008b100000| Untracked 
| 178|0x000000008b200000, 0x000000008b200000, 0x000000008b300000|  0%| F|  |TAMS 0x000000008b200000, 0x000000008b200000| Untracked 
| 179|0x000000008b300000, 0x000000008b300000, 0x000000008b400000|  0%| F|  |TAMS 0x000000008b300000, 0x000000008b300000| Untracked 
| 180|0x000000008b400000, 0x000000008b400000, 0x000000008b500000|  0%| F|  |TAMS 0x000000008b400000, 0x000000008b400000| Untracked 
| 181|0x000000008b500000, 0x000000008b500000, 0x000000008b600000|  0%| F|  |TAMS 0x000000008b500000, 0x000000008b500000| Untracked 
| 182|0x000000008b600000, 0x000000008b600000, 0x000000008b700000|  0%| F|  |TAMS 0x000000008b600000, 0x000000008b600000| Untracked 
| 183|0x000000008b700000, 0x000000008b700000, 0x000000008b800000|  0%| F|  |TAMS 0x000000008b700000, 0x000000008b700000| Untracked 
| 184|0x000000008b800000, 0x000000008b800000, 0x000000008b900000|  0%| F|  |TAMS 0x000000008b800000, 0x000000008b800000| Untracked 
| 185|0x000000008b900000, 0x000000008b900000, 0x000000008ba00000|  0%| F|  |TAMS 0x000000008b900000, 0x000000008b900000| Untracked 
| 186|0x000000008ba00000, 0x000000008ba00000, 0x000000008bb00000|  0%| F|  |TAMS 0x000000008ba00000, 0x000000008ba00000| Untracked 
| 187|0x000000008bb00000, 0x000000008bb00000, 0x000000008bc00000|  0%| F|  |TAMS 0x000000008bb00000, 0x000000008bb00000| Untracked 
| 188|0x000000008bc00000, 0x000000008bc00000, 0x000000008bd00000|  0%| F|  |TAMS 0x000000008bc00000, 0x000000008bc00000| Untracked 
| 189|0x000000008bd00000, 0x000000008bd00000, 0x000000008be00000|  0%| F|  |TAMS 0x000000008bd00000, 0x000000008bd00000| Untracked 
| 190|0x000000008be00000, 0x000000008be00000, 0x000000008bf00000|  0%| F|  |TAMS 0x000000008be00000, 0x000000008be00000| Untracked 
| 191|0x000000008bf00000, 0x000000008bfb9700, 0x000000008c000000| 72%| E|  |TAMS 0x000000008bf00000, 0x000000008bf00000| Complete 
| 192|0x000000008c000000, 0x000000008c100000, 0x000000008c100000|100%| E|CS|TAMS 0x000000008c000000, 0x000000008c000000| Complete 
| 193|0x000000008c100000, 0x000000008c200000, 0x000000008c200000|100%| E|CS|TAMS 0x000000008c100000, 0x000000008c100000| Complete 
| 194|0x000000008c200000, 0x000000008c300000, 0x000000008c300000|100%| E|CS|TAMS 0x000000008c200000, 0x000000008c200000| Complete 
| 195|0x000000008c300000, 0x000000008c400000, 0x000000008c400000|100%| E|CS|TAMS 0x000000008c300000, 0x000000008c300000| Complete 
| 196|0x000000008c400000, 0x000000008c500000, 0x000000008c500000|100%| E|CS|TAMS 0x000000008c400000, 0x000000008c400000| Complete 
| 197|0x000000008c500000, 0x000000008c600000, 0x000000008c600000|100%| E|CS|TAMS 0x000000008c500000, 0x000000008c500000| Complete 
| 198|0x000000008c600000, 0x000000008c700000, 0x000000008c700000|100%| E|CS|TAMS 0x000000008c600000, 0x000000008c600000| Complete 
| 199|0x000000008c700000, 0x000000008c800000, 0x000000008c800000|100%| E|CS|TAMS 0x000000008c700000, 0x000000008c700000| Complete 
| 200|0x000000008c800000, 0x000000008c900000, 0x000000008c900000|100%| E|CS|TAMS 0x000000008c800000, 0x000000008c800000| Complete 
| 201|0x000000008c900000, 0x000000008ca00000, 0x000000008ca00000|100%| E|CS|TAMS 0x000000008c900000, 0x000000008c900000| Complete 
| 202|0x000000008ca00000, 0x000000008cb00000, 0x000000008cb00000|100%| E|CS|TAMS 0x000000008ca00000, 0x000000008ca00000| Complete 
| 203|0x000000008cb00000, 0x000000008cc00000, 0x000000008cc00000|100%| E|CS|TAMS 0x000000008cb00000, 0x000000008cb00000| Complete 
| 204|0x000000008cc00000, 0x000000008cd00000, 0x000000008cd00000|100%| E|CS|TAMS 0x000000008cc00000, 0x000000008cc00000| Complete 
| 205|0x000000008cd00000, 0x000000008ce00000, 0x000000008ce00000|100%| E|CS|TAMS 0x000000008cd00000, 0x000000008cd00000| Complete 
| 206|0x000000008ce00000, 0x000000008cf00000, 0x000000008cf00000|100%| E|CS|TAMS 0x000000008ce00000, 0x000000008ce00000| Complete 
| 207|0x000000008cf00000, 0x000000008d000000, 0x000000008d000000|100%| E|CS|TAMS 0x000000008cf00000, 0x000000008cf00000| Complete 

Card table byte_map: [0x0000011954a80000,0x0000011954e80000] _byte_map_base: 0x0000011954680000

Marking Bits (Prev, Next): (CMBitMap*) 0x000001193cd87a28, (CMBitMap*) 0x000001193cd87a68
 Prev Bits: [0x0000011955280000, 0x0000011957280000)
 Next Bits: [0x0000011957280000, 0x0000011959280000)

Polling page: 0x000001193ab90000

Metaspace:

Usage:
  Non-class:     69.24 MB capacity,    67.85 MB ( 98%) used,     1.17 MB (  2%) free+waste,   234.69 KB ( <1%) overhead. 
      Class:     11.40 MB capacity,    10.58 MB ( 93%) used,   728.36 KB (  6%) free+waste,   113.88 KB ( <1%) overhead. 
       Both:     80.65 MB capacity,    78.43 MB ( 97%) used,     1.88 MB (  2%) free+waste,   348.56 KB ( <1%) overhead. 

Virtual space:
  Non-class space:       70.00 MB reserved,      69.45 MB (>99%) committed 
      Class space:        1.00 GB reserved,      11.50 MB (  1%) committed 
             Both:        1.07 GB reserved,      80.95 MB (  7%) committed 

Chunk freelists:
   Non-Class:  24.00 KB
       Class:  3.00 KB
        Both:  27.00 KB

MaxMetaspaceSize: 17179869184.00 GB
CompressedClassSpaceSize: 1.00 GB

CodeHeap 'non-profiled nmethods': size=120000Kb used=4584Kb max_used=4584Kb free=115415Kb
 bounds [0x000001194cd10000, 0x000001194d190000, 0x0000011954240000]
CodeHeap 'profiled nmethods': size=120000Kb used=21880Kb max_used=21880Kb free=98119Kb
 bounds [0x00000119457e0000, 0x0000011946d50000, 0x000001194cd10000]
CodeHeap 'non-nmethods': size=5760Kb used=2421Kb max_used=2463Kb free=3338Kb
 bounds [0x0000011945240000, 0x00000119454b0000, 0x00000119457e0000]
 total_blobs=14258 nmethods=9771 adapters=819
 compilation: enabled
              stopped_count=0, restarted_count=0
 full_count=0

Compilation events (20 events):
Event: 16.597 Thread 0x000001195bd87800 nmethod 10830 0x0000011946d3d990 code [0x0000011946d3db20, 0x0000011946d3dcb8]
Event: 16.598 Thread 0x000001195c977000 nmethod 10691 0x000001194d187790 code [0x000001194d1879c0, 0x000001194d189508]
Event: 16.598 Thread 0x000001195c977000 10521       4       com.android.tools.r8.graph.Z::computeHashCode (30 bytes)
Event: 16.606 Thread 0x000001195bd87800 10832       2       com.android.tools.r8.s.a.a.b.t0::c (55 bytes)
Event: 16.607 Thread 0x000001195bd87800 nmethod 10832 0x0000011946d3dd90 code [0x0000011946d3df80, 0x0000011946d3e2a0]
Event: 16.608 Thread 0x000001195bd87800 10834 %     3       com.android.tools.r8.u.b.L0::a @ 0 (30 bytes)
Event: 16.608 Thread 0x000001195bd87800 nmethod 10834% 0x0000011946d3e410 code [0x0000011946d3e600, 0x0000011946d3eb70]
Event: 16.608 Thread 0x000001195bd87800 10835       3       com.android.tools.r8.u.b.L0::a (30 bytes)
Event: 16.608 Thread 0x000001195bd87800 nmethod 10835 0x0000011946d3ed10 code [0x0000011946d3ef00, 0x0000011946d3f410]
Event: 16.609 Thread 0x000001195bd87800 10836       2       com.android.tools.r8.u.b.I0::F2 (14 bytes)
Event: 16.609 Thread 0x000001195bd87800 nmethod 10836 0x0000011946d3f590 code [0x0000011946d3f740, 0x0000011946d3f930]
Event: 16.616 Thread 0x000001195bd87800 10837       2       com.android.tools.r8.graph.f0::o (21 bytes)
Event: 16.617 Thread 0x000001195bd87800 nmethod 10837 0x0000011946d3fa10 code [0x0000011946d3fbc0, 0x0000011946d3fd98]
Event: 16.619 Thread 0x000001195bd87800 10838       2       com.android.tools.r8.u.b.m1::f (15 bytes)
Event: 16.619 Thread 0x000001195bd87800 nmethod 10838 0x0000011946d3fe90 code [0x0000011946d40040, 0x0000011946d40210]
Event: 16.619 Thread 0x000001195bd87800 10839       2       com.android.tools.r8.u.b.p::remove (246 bytes)
Event: 16.620 Thread 0x000001195bd87800 nmethod 10839 0x0000011946d40310 code [0x0000011946d405e0, 0x0000011946d40f90]
Event: 16.620 Thread 0x000001195bd87800 10840       2       com.android.tools.r8.u.b.k::F2 (14 bytes)
Event: 16.621 Thread 0x000001195bd87800 nmethod 10840 0x0000011946d41510 code [0x0000011946d416c0, 0x0000011946d418b0]
Event: 16.621 Thread 0x000001195bd87800 10842       2       com.android.tools.r8.ir.optimize.l::m (763 bytes)

GC Heap History (20 events):
Event: 12.083 GC heap before
{Heap before GC invocations=24 (full 0):
 garbage-first heap   total 147456K, used 108098K [0x0000000080000000, 0x0000000100000000)
  region size 1024K, 38 young (38912K), 4 survivors (4096K)
 Metaspace       used 64838K, capacity 66613K, committed 66640K, reserved 1105920K
  class space    used 8729K, capacity 9332K, committed 9344K, reserved 1048576K
}
Event: 12.092 GC heap after
{Heap after GC invocations=25 (full 0):
 garbage-first heap   total 147456K, used 76945K [0x0000000080000000, 0x0000000100000000)
  region size 1024K, 4 young (4096K), 4 survivors (4096K)
 Metaspace       used 64838K, capacity 66613K, committed 66640K, reserved 1105920K
  class space    used 8729K, capacity 9332K, committed 9344K, reserved 1048576K
}
Event: 12.706 GC heap before
{Heap before GC invocations=26 (full 0):
 garbage-first heap   total 147456K, used 110737K [0x0000000080000000, 0x0000000100000000)
  region size 1024K, 38 young (38912K), 4 survivors (4096K)
 Metaspace       used 65590K, capacity 67457K, committed 67536K, reserved 1107968K
  class space    used 8814K, capacity 9456K, committed 9472K, reserved 1048576K
}
Event: 12.713 GC heap after
{Heap after GC invocations=27 (full 0):
 garbage-first heap   total 147456K, used 79262K [0x0000000080000000, 0x0000000100000000)
  region size 1024K, 3 young (3072K), 3 survivors (3072K)
 Metaspace       used 65590K, capacity 67457K, committed 67536K, reserved 1107968K
  class space    used 8814K, capacity 9456K, committed 9472K, reserved 1048576K
}
Event: 13.114 GC heap before
{Heap before GC invocations=27 (full 0):
 garbage-first heap   total 147456K, used 113054K [0x0000000080000000, 0x0000000100000000)
  region size 1024K, 37 young (37888K), 3 survivors (3072K)
 Metaspace       used 65860K, capacity 67731K, committed 67920K, reserved 1107968K
  class space    used 8833K, capacity 9496K, committed 9600K, reserved 1048576K
}
Event: 13.121 GC heap after
{Heap after GC invocations=28 (full 0):
 garbage-first heap   total 147456K, used 81276K [0x0000000080000000, 0x0000000100000000)
  region size 1024K, 5 young (5120K), 5 survivors (5120K)
 Metaspace       used 65860K, capacity 67731K, committed 67920K, reserved 1107968K
  class space    used 8833K, capacity 9496K, committed 9600K, reserved 1048576K
}
Event: 13.924 GC heap before
{Heap before GC invocations=29 (full 0):
 garbage-first heap   total 147456K, used 115068K [0x0000000080000000, 0x0000000100000000)
  region size 1024K, 39 young (39936K), 5 survivors (5120K)
 Metaspace       used 68671K, capacity 70422K, committed 70864K, reserved 1110016K
  class space    used 9175K, capacity 9760K, committed 9984K, reserved 1048576K
}
Event: 13.932 GC heap after
{Heap after GC invocations=30 (full 0):
 garbage-first heap   total 177152K, used 82577K [0x0000000080000000, 0x0000000100000000)
  region size 1024K, 4 young (4096K), 4 survivors (4096K)
 Metaspace       used 68671K, capacity 70422K, committed 70864K, reserved 1110016K
  class space    used 9175K, capacity 9760K, committed 9984K, reserved 1048576K
}
Event: 14.742 GC heap before
{Heap before GC invocations=30 (full 0):
 garbage-first heap   total 177152K, used 129681K [0x0000000080000000, 0x0000000100000000)
  region size 1024K, 51 young (52224K), 4 survivors (4096K)
 Metaspace       used 70983K, capacity 72723K, committed 73168K, reserved 1112064K
  class space    used 9458K, capacity 10076K, committed 10240K, reserved 1048576K
}
Event: 14.753 GC heap after
{Heap after GC invocations=31 (full 0):
 garbage-first heap   total 177152K, used 86158K [0x0000000080000000, 0x0000000100000000)
  region size 1024K, 7 young (7168K), 7 survivors (7168K)
 Metaspace       used 70983K, capacity 72723K, committed 73168K, reserved 1112064K
  class space    used 9458K, capacity 10076K, committed 10240K, reserved 1048576K
}
Event: 15.423 GC heap before
{Heap before GC invocations=32 (full 0):
 garbage-first heap   total 177152K, used 118926K [0x0000000080000000, 0x0000000100000000)
  region size 1024K, 41 young (41984K), 7 survivors (7168K)
 Metaspace       used 72838K, capacity 74737K, committed 74832K, reserved 1114112K
  class space    used 9688K, capacity 10332K, committed 10368K, reserved 1048576K
}
Event: 15.434 GC heap after
{Heap after GC invocations=33 (full 0):
 garbage-first heap   total 177152K, used 87891K [0x0000000080000000, 0x0000000100000000)
  region size 1024K, 2 young (2048K), 2 survivors (2048K)
 Metaspace       used 72838K, capacity 74737K, committed 74832K, reserved 1114112K
  class space    used 9688K, capacity 10332K, committed 10368K, reserved 1048576K
}
Event: 15.674 GC heap before
{Heap before GC invocations=34 (full 0):
 garbage-first heap   total 177152K, used 95059K [0x0000000080000000, 0x0000000100000000)
  region size 1024K, 9 young (9216K), 2 survivors (2048K)
 Metaspace       used 73632K, capacity 75572K, committed 75728K, reserved 1114112K
  class space    used 9809K, capacity 10449K, committed 10496K, reserved 1048576K
}
Event: 15.682 GC heap after
{Heap after GC invocations=35 (full 0):
 garbage-first heap   total 177152K, used 88641K [0x0000000080000000, 0x0000000100000000)
  region size 1024K, 3 young (3072K), 3 survivors (3072K)
 Metaspace       used 73632K, capacity 75572K, committed 75728K, reserved 1114112K
  class space    used 9809K, capacity 10449K, committed 10496K, reserved 1048576K
}
Event: 15.904 GC heap before
{Heap before GC invocations=36 (full 0):
 garbage-first heap   total 177152K, used 109121K [0x0000000080000000, 0x0000000100000000)
  region size 1024K, 17 young (17408K), 3 survivors (3072K)
 Metaspace       used 74405K, capacity 76354K, committed 76624K, reserved 1116160K
  class space    used 9895K, capacity 10559K, committed 10624K, reserved 1048576K
}
Event: 15.912 GC heap after
{Heap after GC invocations=37 (full 0):
 garbage-first heap   total 212992K, used 100777K [0x0000000080000000, 0x0000000100000000)
  region size 1024K, 5 young (5120K), 5 survivors (5120K)
 Metaspace       used 74405K, capacity 76354K, committed 76624K, reserved 1116160K
  class space    used 9895K, capacity 10559K, committed 10624K, reserved 1048576K
}
Event: 16.239 GC heap before
{Heap before GC invocations=38 (full 0):
 garbage-first heap   total 212992K, used 162217K [0x0000000080000000, 0x0000000100000000)
  region size 1024K, 47 young (48128K), 5 survivors (5120K)
 Metaspace       used 77161K, capacity 79210K, committed 79312K, reserved 1118208K
  class space    used 10299K, capacity 10981K, committed 11008K, reserved 1048576K
}
Event: 16.252 GC heap after
{Heap after GC invocations=39 (full 0):
 garbage-first heap   total 212992K, used 124271K [0x0000000080000000, 0x0000000100000000)
  region size 1024K, 6 young (6144K), 6 survivors (6144K)
 Metaspace       used 77161K, capacity 79210K, committed 79312K, reserved 1118208K
  class space    used 10299K, capacity 10981K, committed 11008K, reserved 1048576K
}
Event: 16.472 GC heap before
{Heap before GC invocations=39 (full 0):
 garbage-first heap   total 212992K, used 157039K [0x0000000080000000, 0x0000000100000000)
  region size 1024K, 39 young (39936K), 6 survivors (6144K)
 Metaspace       used 79931K, capacity 82191K, committed 82256K, reserved 1120256K
  class space    used 10789K, capacity 11631K, committed 11648K, reserved 1048576K
}
Event: 16.488 GC heap after
{Heap after GC invocations=40 (full 0):
 garbage-first heap   total 212992K, used 133109K [0x0000000080000000, 0x0000000100000000)
  region size 1024K, 5 young (5120K), 5 survivors (5120K)
 Metaspace       used 79931K, capacity 82191K, committed 82256K, reserved 1120256K
  class space    used 10789K, capacity 11631K, committed 11648K, reserved 1048576K
}

Deoptimization events (20 events):
Event: 16.613 Thread 0x000001195e62c000 DEOPT PACKING pc=0x0000011946c96b47 sp=0x00000014a71fd290
Event: 16.613 Thread 0x000001195e62c000 DEOPT UNPACKING pc=0x000001194528964e sp=0x00000014a71fc930 mode 0
Event: 16.614 Thread 0x000001195e62e800 DEOPT PACKING pc=0x0000011946d3f303 sp=0x00000014a72fd040
Event: 16.614 Thread 0x000001195e62e800 DEOPT UNPACKING pc=0x000001194528964e sp=0x00000014a72fc4e8 mode 0
Event: 16.614 Thread 0x000001195e62c000 DEOPT PACKING pc=0x0000011946c96b47 sp=0x00000014a71fd290
Event: 16.614 Thread 0x000001195e62c000 DEOPT UNPACKING pc=0x000001194528964e sp=0x00000014a71fc930 mode 0
Event: 16.615 Thread 0x000001195e62e800 DEOPT PACKING pc=0x0000011946d3f303 sp=0x00000014a72fd040
Event: 16.615 Thread 0x000001195e62e800 DEOPT UNPACKING pc=0x000001194528964e sp=0x00000014a72fc4e8 mode 0
Event: 16.616 Thread 0x000001195e62e800 DEOPT PACKING pc=0x0000011946d3f303 sp=0x00000014a72fd040
Event: 16.616 Thread 0x000001195e62e800 DEOPT UNPACKING pc=0x000001194528964e sp=0x00000014a72fc4e8 mode 0
Event: 16.624 Thread 0x000001195e62c000 DEOPT PACKING pc=0x0000011946c96b47 sp=0x00000014a71fd290
Event: 16.625 Thread 0x000001195e62c000 DEOPT UNPACKING pc=0x000001194528964e sp=0x00000014a71fc930 mode 0
Event: 16.625 Thread 0x000001195e62c000 DEOPT PACKING pc=0x0000011946c96b47 sp=0x00000014a71fd290
Event: 16.625 Thread 0x000001195e62c000 DEOPT UNPACKING pc=0x000001194528964e sp=0x00000014a71fc930 mode 0
Event: 16.626 Thread 0x000001195e62c000 DEOPT PACKING pc=0x0000011946c96b47 sp=0x00000014a71fd290
Event: 16.626 Thread 0x000001195e62c000 DEOPT UNPACKING pc=0x000001194528964e sp=0x00000014a71fc930 mode 0
Event: 16.627 Thread 0x000001195e62c000 DEOPT PACKING pc=0x0000011946c96b47 sp=0x00000014a71fd290
Event: 16.627 Thread 0x000001195e62c000 DEOPT UNPACKING pc=0x000001194528964e sp=0x00000014a71fc930 mode 0
Event: 16.627 Thread 0x000001195e62c000 DEOPT PACKING pc=0x0000011946c96b47 sp=0x00000014a71fd290
Event: 16.627 Thread 0x000001195e62c000 DEOPT UNPACKING pc=0x000001194528964e sp=0x00000014a71fc930 mode 0

Classes unloaded (20 events):
Event: 13.194 Thread 0x000001195bd3c800 Unloading class 0x000000080141d840 'org/gradle/api/internal/artifacts/transform/TransformationStep$$Lambda$564'
Event: 13.194 Thread 0x000001195bd3c800 Unloading class 0x000000080141e440 'org/gradle/api/internal/artifacts/transform/TransformationStep$$Lambda$563'
Event: 13.194 Thread 0x000001195bd3c800 Unloading class 0x000000080141e040 'org/gradle/api/internal/artifacts/transform/TransformationStep$$Lambda$562'
Event: 13.194 Thread 0x000001195bd3c800 Unloading class 0x000000080141ec40 'org/gradle/api/internal/artifacts/transform/TransformationStep$$Lambda$561'
Event: 13.194 Thread 0x000001195bd3c800 Unloading class 0x000000080141f440 'org/gradle/api/internal/artifacts/transform/TransformationStep$$Lambda$555'
Event: 13.194 Thread 0x000001195bd3c800 Unloading class 0x000000080141f040 'org/gradle/api/internal/artifacts/transform/TransformationStep$$Lambda$559'
Event: 13.194 Thread 0x000001195bd3c800 Unloading class 0x000000080141fc40 'org/gradle/api/internal/artifacts/transform/TransformationStep$$Lambda$556'
Event: 13.194 Thread 0x000001195bd3c800 Unloading class 0x000000080141b440 'org/gradle/api/internal/artifacts/transform/TransformationStep$$Lambda$557'
Event: 13.194 Thread 0x000001195bd3c800 Unloading class 0x000000080141b040 'org/gradle/api/internal/artifacts/transform/TransformationStep$$Lambda$554'
Event: 13.194 Thread 0x000001195bd3c800 Unloading class 0x000000080141ac40 'org/gradle/api/internal/artifacts/transform/TransformationStep$$Lambda$553'
Event: 13.194 Thread 0x000001195bd3c800 Unloading class 0x000000080141a840 'org/gradle/api/internal/artifacts/transform/TransformationStep$$Lambda$552'
Event: 13.194 Thread 0x000001195bd3c800 Unloading class 0x000000080141a440 'org/gradle/api/internal/artifacts/transform/TransformationStep$$Lambda$551'
Event: 13.194 Thread 0x000001195bd3c800 Unloading class 0x000000080141a040 'org/gradle/api/internal/artifacts/transform/TransformationStep$$Lambda$550'
Event: 13.194 Thread 0x000001195bd3c800 Unloading class 0x0000000801419440 'org/gradle/api/internal/artifacts/transform/TransformationStep$$Lambda$547'
Event: 13.194 Thread 0x000001195bd3c800 Unloading class 0x0000000801419040 'org/gradle/api/internal/artifacts/transform/TransformationStep$$Lambda$546'
Event: 13.194 Thread 0x000001195bd3c800 Unloading class 0x0000000801418040 'org/gradle/execution/plan/DefaultPlanExecutor$ExecutorWorker$$Lambda$543'
Event: 13.194 Thread 0x000001195bd3c800 Unloading class 0x00000008013f2440 'org/gradle/execution/plan/DefaultPlanExecutor$ExecutorWorker$$Lambda$541'
Event: 13.194 Thread 0x000001195bd3c800 Unloading class 0x00000008013f2040 'org/gradle/execution/plan/DefaultPlanExecutor$ExecutorWorker$$Lambda$542'
Event: 13.194 Thread 0x000001195bd3c800 Unloading class 0x00000008013f2c40 'org/gradle/execution/plan/DefaultPlanExecutor$ExecutorWorker$$Lambda$539'
Event: 13.194 Thread 0x000001195bd3c800 Unloading class 0x00000008013f2840 'org/gradle/execution/plan/DefaultPlanExecutor$ExecutorWorker$$Lambda$538'

Classes redefined (0 events):
No events

Internal exceptions (20 events):
Event: 16.299 Thread 0x000001195e62c800 Exception <a 'java/lang/NoSuchMethodError'{0x000000008c9422f0}: 'long java.lang.invoke.DirectMethodHandle$Holder.invokeStatic(java.lang.Object, java.lang.Object)'> (0x000000008c9422f0) 
thrown [t:/workspace/open/src/hotspot/share/interpreter/linkResolver.cpp, line 767]
Event: 16.301 Thread 0x000001195e62c800 Exception <a 'java/lang/NoSuchMethodError'{0x000000008c97c310}: 'void java.lang.invoke.DirectMethodHandle$Holder.invokeSpecial(java.lang.Object, java.lang.Object, int, java.lang.Object)'> (0x000000008c97c310) 
thrown [t:/workspace/open/src/hotspot/share/interpreter/linkResolver.cpp, line 767]
Event: 16.301 Thread 0x000001195e628800 Exception <a 'java/lang/NoSuchMethodError'{0x000000008cad98e8}: 'void java.lang.invoke.DirectMethodHandle$Holder.invokeSpecial(java.lang.Object, java.lang.Object, int, java.lang.Object)'> (0x000000008cad98e8) 
thrown [t:/workspace/open/src/hotspot/share/interpreter/linkResolver.cpp, line 767]
Event: 16.301 Thread 0x000001195e629800 Exception <a 'java/lang/NoSuchMethodError'{0x000000008c97e8a0}: 'void java.lang.invoke.DirectMethodHandle$Holder.invokeSpecial(java.lang.Object, java.lang.Object, int, java.lang.Object)'> (0x000000008c97e8a0) 
thrown [t:/workspace/open/src/hotspot/share/interpreter/linkResolver.cpp, line 767]
Event: 16.301 Thread 0x000001195e62f000 Exception <a 'java/lang/NoSuchMethodError'{0x000000008cad1030}: 'void java.lang.invoke.DirectMethodHandle$Holder.invokeSpecial(java.lang.Object, java.lang.Object, int, java.lang.Object)'> (0x000000008cad1030) 
thrown [t:/workspace/open/src/hotspot/share/interpreter/linkResolver.cpp, line 767]
Event: 16.301 Thread 0x000001195e633800 Exception <a 'java/lang/NoSuchMethodError'{0x000000008ca4e520}: 'void java.lang.invoke.DirectMethodHandle$Holder.invokeSpecial(java.lang.Object, java.lang.Object, int, java.lang.Object)'> (0x000000008ca4e520) 
thrown [t:/workspace/open/src/hotspot/share/interpreter/linkResolver.cpp, line 767]
Event: 16.365 Thread 0x000001195e629800 Exception <a 'java/lang/NoSuchMethodError'{0x000000008c0a7670}: 'java.lang.Object java.lang.invoke.DirectMethodHandle$Holder.invokeVirtual(java.lang.Object, java.lang.Object, int, java.lang.Object)'> (0x000000008c0a7670) 
thrown [t:/workspace/open/src/hotspot/share/interpreter/linkResolver.cpp, line 767]
Event: 16.365 Thread 0x000001195e628800 Exception <a 'java/lang/NoSuchMethodError'{0x000000008bfd0730}: 'java.lang.Object java.lang.invoke.DirectMethodHandle$Holder.invokeVirtual(java.lang.Object, java.lang.Object, int, java.lang.Object)'> (0x000000008bfd0730) 
thrown [t:/workspace/open/src/hotspot/share/interpreter/linkResolver.cpp, line 767]
Event: 16.365 Thread 0x000001195e62c800 Exception <a 'java/lang/NoSuchMethodError'{0x000000008be4b9d0}: 'java.lang.Object java.lang.invoke.DirectMethodHandle$Holder.invokeVirtual(java.lang.Object, java.lang.Object, int, java.lang.Object)'> (0x000000008be4b9d0) 
thrown [t:/workspace/open/src/hotspot/share/interpreter/linkResolver.cpp, line 767]
Event: 16.365 Thread 0x000001195e62f000 Exception <a 'java/lang/NoSuchMethodError'{0x000000008c0959a8}: 'java.lang.Object java.lang.invoke.DirectMethodHandle$Holder.invokeVirtual(java.lang.Object, java.lang.Object, int, java.lang.Object)'> (0x000000008c0959a8) 
thrown [t:/workspace/open/src/hotspot/share/interpreter/linkResolver.cpp, line 767]
Event: 16.366 Thread 0x000001195e62e800 Exception <a 'java/lang/NoSuchMethodError'{0x000000008beb8ad8}: 'java.lang.Object java.lang.invoke.DirectMethodHandle$Holder.invokeVirtual(java.lang.Object, java.lang.Object, int, java.lang.Object)'> (0x000000008beb8ad8) 
thrown [t:/workspace/open/src/hotspot/share/interpreter/linkResolver.cpp, line 767]
Event: 16.367 Thread 0x000001195e633800 Exception <a 'java/lang/NoSuchMethodError'{0x000000008c9b2df8}: 'java.lang.Object java.lang.invoke.DirectMethodHandle$Holder.invokeVirtual(java.lang.Object, java.lang.Object, int, java.lang.Object)'> (0x000000008c9b2df8) 
thrown [t:/workspace/open/src/hotspot/share/interpreter/linkResolver.cpp, line 767]
Event: 16.387 Thread 0x000001195e633800 Exception <a 'java/lang/NoSuchMethodError'{0x000000008bb9a9b0}: 'void java.lang.invoke.DirectMethodHandle$Holder.invokeVirtual(java.lang.Object, java.lang.Object, int, java.lang.Object)'> (0x000000008bb9a9b0) 
thrown [t:/workspace/open/src/hotspot/share/interpreter/linkResolver.cpp, line 767]
Event: 16.387 Thread 0x000001195e62e800 Exception <a 'java/lang/NoSuchMethodError'{0x000000008baa5d00}: 'void java.lang.invoke.DirectMethodHandle$Holder.invokeVirtual(java.lang.Object, java.lang.Object, int, java.lang.Object)'> (0x000000008baa5d00) 
thrown [t:/workspace/open/src/hotspot/share/interpreter/linkResolver.cpp, line 767]
Event: 16.387 Thread 0x000001195e62c800 Exception <a 'java/lang/NoSuchMethodError'{0x000000008bbb02b8}: 'void java.lang.invoke.DirectMethodHandle$Holder.invokeVirtual(java.lang.Object, java.lang.Object, int, java.lang.Object)'> (0x000000008bbb02b8) 
thrown [t:/workspace/open/src/hotspot/share/interpreter/linkResolver.cpp, line 767]
Event: 16.388 Thread 0x000001195e62f000 Exception <a 'java/lang/NoSuchMethodError'{0x000000008bb516f0}: 'void java.lang.invoke.DirectMethodHandle$Holder.invokeVirtual(java.lang.Object, java.lang.Object, int, java.lang.Object)'> (0x000000008bb516f0) 
thrown [t:/workspace/open/src/hotspot/share/interpreter/linkResolver.cpp, line 767]
Event: 16.432 Thread 0x000001195e628800 Exception <a 'java/lang/NoSuchMethodError'{0x000000008b4466c8}: 'int java.lang.invoke.DirectMethodHandle$Holder.invokeSpecial(java.lang.Object, java.lang.Object, java.lang.Object, int, java.lang.Object)'> (0x000000008b4466c8) 
thrown [t:/workspace/open/src/hotspot/share/interpreter/linkResolver.cpp, line 767]
Event: 16.443 Thread 0x000001195e629800 Exception <a 'java/lang/NoSuchMethodError'{0x000000008b3b8170}: 'java.lang.Object java.lang.invoke.DirectMethodHandle$Holder.newInvokeSpecial(java.lang.Object, int)'> (0x000000008b3b8170) 
thrown [t:/workspace/open/src/hotspot/share/interpreter/linkResolver.cpp, line 767]
Event: 16.443 Thread 0x000001195e62c800 Exception <a 'java/lang/NoSuchMethodError'{0x000000008b4c7c20}: 'java.lang.Object java.lang.invoke.DirectMethodHandle$Holder.newInvokeSpecial(java.lang.Object, int)'> (0x000000008b4c7c20) 
thrown [t:/workspace/open/src/hotspot/share/interpreter/linkResolver.cpp, line 767]
Event: 16.443 Thread 0x000001195e628800 Exception <a 'java/lang/NoSuchMethodError'{0x000000008b203620}: 'java.lang.Object java.lang.invoke.DirectMethodHandle$Holder.newInvokeSpecial(java.lang.Object, int)'> (0x000000008b203620) 
thrown [t:/workspace/open/src/hotspot/share/interpreter/linkResolver.cpp, line 767]

Events (20 events):
Event: 16.539 loading class com/android/tools/r8/s/a/a/b/f done
Event: 16.539 loading class com/android/tools/r8/code/O1
Event: 16.539 loading class com/android/tools/r8/code/O1 done
Event: 16.539 loading class com/android/tools/r8/s/a/a/b/m
Event: 16.539 loading class com/android/tools/r8/s/a/a/b/m done
Event: 16.539 loading class com/android/tools/r8/code/N1
Event: 16.539 loading class com/android/tools/r8/code/N1 done
Event: 16.543 loading class com/android/tools/r8/u/b/I0
Event: 16.543 loading class com/android/tools/r8/u/b/I0 done
Event: 16.543 loading class com/android/tools/r8/u/b/I0
Event: 16.543 loading class com/android/tools/r8/u/b/I0 done
Event: 16.543 loading class com/android/tools/r8/u/b/h0
Event: 16.543 loading class com/android/tools/r8/u/b/h0 done
Event: 16.549 loading class com/android/tools/r8/ir/conversion/B
Event: 16.549 loading class com/android/tools/r8/ir/conversion/B done
Event: 16.627 loading class com/android/tools/r8/s/a/a/b/f$j
Event: 16.627 loading class com/android/tools/r8/s/a/a/b/f$j done
Event: 16.627 loading class com/android/tools/r8/s/a/a/b/f$i
Event: 16.627 loading class com/android/tools/r8/s/a/a/b/f$i done
Event: 16.627 Executing VM operation: G1Concurrent


Dynamic libraries:
0x00007ff7e6160000 - 0x00007ff7e616f000 	C:\Program Files\Java\jdk-13.0.2\bin\java.exe
0x00007fffc2f00000 - 0x00007fffc30f0000 	C:\WINDOWS\SYSTEM32\ntdll.dll
0x00007fffb81d0000 - 0x00007fffb81e2000 	C:\Program Files\AVAST Software\Avast\aswhook.dll
0x00007fffc2c10000 - 0x00007fffc2cc2000 	C:\WINDOWS\System32\KERNEL32.DLL
0x00007fffc0380000 - 0x00007fffc0625000 	C:\WINDOWS\System32\KERNELBASE.dll
0x00007fffc06e0000 - 0x00007fffc07da000 	C:\WINDOWS\System32\ucrtbase.dll
0x00007fffb0c30000 - 0x00007fffb0c48000 	C:\Program Files\Java\jdk-13.0.2\bin\jli.dll
0x00007fffc2780000 - 0x00007fffc2823000 	C:\WINDOWS\System32\ADVAPI32.dll
0x00007fffc2520000 - 0x00007fffc25be000 	C:\WINDOWS\System32\msvcrt.dll
0x00007fffc26e0000 - 0x00007fffc2777000 	C:\WINDOWS\System32\sechost.dll
0x00007fffc2af0000 - 0x00007fffc2c10000 	C:\WINDOWS\System32\RPCRT4.dll
0x00007fffc28f0000 - 0x00007fffc2a85000 	C:\WINDOWS\System32\USER32.dll
0x00007fffc0f60000 - 0x00007fffc0f81000 	C:\WINDOWS\System32\win32u.dll
0x00007fffc2e90000 - 0x00007fffc2eb6000 	C:\WINDOWS\System32\GDI32.dll
0x00007fffc01e0000 - 0x00007fffc0376000 	C:\WINDOWS\System32\gdi32full.dll
0x00007fffbfee0000 - 0x00007fffbff7e000 	C:\WINDOWS\System32\msvcp_win.dll
0x00007fffac1f0000 - 0x00007fffac205000 	C:\Program Files\Java\jdk-13.0.2\bin\VCRUNTIME140.dll
0x00007fffa9e30000 - 0x00007fffaa0b4000 	C:\WINDOWS\WinSxS\amd64_microsoft.windows.common-controls_6595b64144ccf1df_6.0.18362.1082_none_9e8193e1e45b25c1\COMCTL32.dll
0x00007fffc1a50000 - 0x00007fffc1d85000 	C:\WINDOWS\System32\combase.dll
0x00007fffc0660000 - 0x00007fffc06e0000 	C:\WINDOWS\System32\bcryptPrimitives.dll
0x00007fffbede0000 - 0x00007fffbedea000 	C:\WINDOWS\SYSTEM32\VERSION.dll
0x00007fffc2630000 - 0x00007fffc265e000 	C:\WINDOWS\System32\IMM32.DLL
0x00007fffa7410000 - 0x00007fffa74ab000 	C:\Program Files\Java\jdk-13.0.2\bin\msvcp140.dll
0x00007fff32640000 - 0x00007fff3319d000 	C:\Program Files\Java\jdk-13.0.2\bin\server\jvm.dll
0x00007fffc0fb0000 - 0x00007fffc0fb8000 	C:\WINDOWS\System32\PSAPI.DLL
0x00007fffa7b40000 - 0x00007fffa7b49000 	C:\WINDOWS\SYSTEM32\WSOCK32.dll
0x00007fffc25c0000 - 0x00007fffc262f000 	C:\WINDOWS\System32\WS2_32.dll
0x00007fffb84b0000 - 0x00007fffb84d4000 	C:\WINDOWS\SYSTEM32\WINMM.dll
0x00007fffb8480000 - 0x00007fffb84ad000 	C:\WINDOWS\SYSTEM32\WINMMBASE.dll
0x00007fffbfe90000 - 0x00007fffbfeda000 	C:\WINDOWS\System32\cfgmgr32.dll
0x00007fffbfdf0000 - 0x00007fffbfe01000 	C:\WINDOWS\System32\kernel.appcore.dll
0x00007fffb5620000 - 0x00007fffb5630000 	C:\Program Files\Java\jdk-13.0.2\bin\verify.dll
0x00007fffbe580000 - 0x00007fffbe774000 	C:\WINDOWS\SYSTEM32\DBGHELP.DLL
0x00007fffb2ad0000 - 0x00007fffb2afa000 	C:\WINDOWS\SYSTEM32\dbgcore.DLL
0x00007fffaad40000 - 0x00007fffaad66000 	C:\Program Files\Java\jdk-13.0.2\bin\java.dll
0x00007fffa8440000 - 0x00007fffa8457000 	C:\Program Files\Java\jdk-13.0.2\bin\zip.dll
0x00007fffad1a0000 - 0x00007fffad1aa000 	C:\Program Files\Java\jdk-13.0.2\bin\jimage.dll
0x00007fffc1090000 - 0x00007fffc1777000 	C:\WINDOWS\System32\SHELL32.dll
0x00007fffc2830000 - 0x00007fffc28d9000 	C:\WINDOWS\System32\shcore.dll
0x00007fffc07e0000 - 0x00007fffc0f60000 	C:\WINDOWS\System32\windows.storage.dll
0x00007fffbfe60000 - 0x00007fffbfe83000 	C:\WINDOWS\System32\profapi.dll
0x00007fffbfe10000 - 0x00007fffbfe5a000 	C:\WINDOWS\System32\powrprof.dll
0x00007fffbfdc0000 - 0x00007fffbfdd0000 	C:\WINDOWS\System32\UMPDC.dll
0x00007fffc2a90000 - 0x00007fffc2ae2000 	C:\WINDOWS\System32\shlwapi.dll
0x00007fffc0f90000 - 0x00007fffc0fa7000 	C:\WINDOWS\System32\cryptsp.dll
0x00007fffa83b0000 - 0x00007fffa83c9000 	C:\Program Files\Java\jdk-13.0.2\bin\net.dll
0x00007fffab2d0000 - 0x00007fffab3c0000 	C:\WINDOWS\SYSTEM32\WINHTTP.dll
0x00007fffbf610000 - 0x00007fffbf677000 	C:\WINDOWS\system32\mswsock.dll
0x00007fffa73f0000 - 0x00007fffa7403000 	C:\Program Files\Java\jdk-13.0.2\bin\nio.dll
0x00007fffada50000 - 0x00007fffada76000 	C:\Users\User\.gradle\native\31\windows-amd64\native-platform.dll
0x00007fffaab80000 - 0x00007fffaab89000 	C:\Program Files\Java\jdk-13.0.2\bin\management.dll
0x00007fffaaa40000 - 0x00007fffaaa4b000 	C:\Program Files\Java\jdk-13.0.2\bin\management_ext.dll
0x00007fffbf180000 - 0x00007fffbf1b3000 	C:\WINDOWS\system32\rsaenh.dll
0x00007fffc0630000 - 0x00007fffc0656000 	C:\WINDOWS\System32\bcrypt.dll
0x00007fffbfce0000 - 0x00007fffbfd05000 	C:\WINDOWS\SYSTEM32\USERENV.dll
0x00007fffbf7e0000 - 0x00007fffbf7ec000 	C:\WINDOWS\SYSTEM32\CRYPTBASE.dll
0x00007fffbf320000 - 0x00007fffbf35a000 	C:\WINDOWS\SYSTEM32\IPHLPAPI.DLL
0x00007fffc2e80000 - 0x00007fffc2e88000 	C:\WINDOWS\System32\NSI.dll
0x00007fffb81f0000 - 0x00007fffb8206000 	C:\WINDOWS\SYSTEM32\dhcpcsvc6.DLL
0x00007fffb81a0000 - 0x00007fffb81bc000 	C:\WINDOWS\SYSTEM32\dhcpcsvc.DLL
0x00007fffbf360000 - 0x00007fffbf42b000 	C:\WINDOWS\SYSTEM32\DNSAPI.dll

dbghelp: loaded successfully - version: 4.0.5 - missing functions: none
symbol engine: initialized successfully - sym options: 0x614 - pdb path: .;C:\Program Files\Java\jdk-13.0.2\bin;C:\WINDOWS\SYSTEM32;C:\Program Files\AVAST Software\Avast;C:\WINDOWS\WinSxS\amd64_microsoft.windows.common-controls_6595b64144ccf1df_6.0.18362.1082_none_9e8193e1e45b25c1;C:\Program Files\Java\jdk-13.0.2\bin\server;C:\Users\User\.gradle\native\31\windows-amd64

VM Arguments:
jvm_args: --add-opens=java.base/java.util=ALL-UNNAMED --add-opens=java.base/java.lang=ALL-UNNAMED --add-opens=java.base/java.lang.invoke=ALL-UNNAMED --add-opens=java.prefs/java.util.prefs=ALL-UNNAMED -Xmx2048m -Dfile.encoding=windows-1251 -Duser.country=RU -Duser.language=ru -Duser.variant 
java_command: org.gradle.launcher.daemon.bootstrap.GradleDaemon 6.1.1
java_class_path (initial): C:\Users\User\.gradle\wrapper\dists\gradle-6.1.1-all\cfmwm155h49vnt3hynmlrsdst\gradle-6.1.1\lib\gradle-launcher-6.1.1.jar
Launcher Type: SUN_STANDARD

[Global flags]
     intx CICompilerCount                          = 4                                         {product} {ergonomic}
     uint ConcGCThreads                            = 2                                         {product} {ergonomic}
     uint G1ConcRefinementThreads                  = 8                                         {product} {ergonomic}
   size_t G1HeapRegionSize                         = 1048576                                   {product} {ergonomic}
    uintx GCDrainStackTargetSize                   = 64                                        {product} {ergonomic}
   size_t InitialHeapSize                          = 134217728                                 {product} {ergonomic}
   size_t MarkStackSize                            = 4194304                                   {product} {ergonomic}
   size_t MaxHeapSize                              = 2147483648                                {product} {command line}
   size_t MaxNewSize                               = 1287651328                                {product} {ergonomic}
   size_t MinHeapDeltaBytes                        = 1048576                                   {product} {ergonomic}
   size_t MinHeapSize                              = 8388608                                   {product} {ergonomic}
    uintx NonNMethodCodeHeapSize                   = 5839372                                {pd product} {ergonomic}
    uintx NonProfiledCodeHeapSize                  = 122909434                              {pd product} {ergonomic}
    uintx ProfiledCodeHeapSize                     = 122909434                              {pd product} {ergonomic}
    uintx ReservedCodeCacheSize                    = 251658240                              {pd product} {ergonomic}
     bool SegmentedCodeCache                       = true                                      {product} {ergonomic}
   size_t SoftMaxHeapSize                          = 2147483648                             {manageable} {ergonomic}
     bool UseCompressedClassPointers               = true                                 {lp64_product} {ergonomic}
     bool UseCompressedOops                        = true                                 {lp64_product} {ergonomic}
     bool UseG1GC                                  = true                                      {product} {ergonomic}
     bool UseLargePagesIndividualAllocation        = false                                  {pd product} {ergonomic}

Logging:
Log output configuration:
 #0: stdout all=warning uptime,level,tags
 #1: stderr all=off uptime,level,tags

Environment Variables:
JAVA_HOME=C:\Program Files\Java\jdk-13.0.2\
PATH=C:\Program Files\Intel\WiFi\bin\;C:\Program Files\Common Files\Intel\WirelessCommon\;C:\WINDOWS\system32;C:\WINDOWS;C:\WINDOWS\System32\Wbem;C:\WINDOWS\System32\WindowsPowerShell\v1.0\;C:\WINDOWS\System32\OpenSSH\;C:\Program Files\Java\jdk-13.0.2\bin;E:\Olya\Programming\Programms\Git\Git\cmd;C:\Users\User\AppData\Local\Microsoft\WindowsApps;C:\Program Files\JetBrains\IntelliJ IDEA Community Edition 2019.3.4\bin;;
USERNAME=User
OS=Windows_NT
PROCESSOR_IDENTIFIER=Intel64 Family 6 Model 142 Stepping 10, GenuineIntel



---------------  S Y S T E M  ---------------

OS: Windows 10 , 64 bit Build 18362 (10.0.18362.1082)

CPU:total 8 (initial active 8) (4 cores per cpu, 2 threads per core) family 6 model 142 stepping 10, cmov, cx8, fxsr, mmx, sse, sse2, sse3, ssse3, sse4.1, sse4.2, popcnt, avx, avx2, aes, clmul, erms, 3dnowpref, lzcnt, ht, tsc, tscinvbit, bmi1, bmi2, adx, fma

Memory: 4k page, system-wide physical 8087M (376M free)
TotalPageFile size 20375M (AvailPageFile size 26M)
current process WorkingSet (physical memory assigned to process): 395M, peak: 401M
current process commit charge ("private bytes"): 490M, peak: 530M

vm_info: Java HotSpot(TM) 64-Bit Server VM (13.0.2+8) for windows-amd64 JRE (13.0.2+8), built on Dec 11 2019 09:20:33 by "mach5one" with unknown MS VC++:1916

END.
