#
# There is insufficient memory for the Java Runtime Environment to continue.
# Native memory allocation (mmap) failed to map 19922944 bytes for Failed to commit area from 0x000000008d200000 to 0x000000008e500000 of length 19922944.
# Possible reasons:
#   The system is out of physical RAM or swap space
#   The process is running with CompressedOops enabled, and the Java Heap may be blocking the growth of the native heap
# Possible solutions:
#   Reduce memory load on the system
#   Increase physical memory or swap space
#   Check if swap backing store is full
#   Decrease Java heap size (-Xmx/-Xms)
#   Decrease number of Java threads
#   Decrease Java thread stack sizes (-Xss)
#   Set larger code cache with -XX:ReservedCodeCacheSize=
#   JVM is running with Unscaled Compressed Oops mode in which the Java heap is
#     placed in the first 4GB address space. The Java Heap base address is the
#     maximum limit for the native heap growth. Please use -XX:HeapBaseMinAddress
#     to set the Java Heap base and to place the Java Heap above 4GB virtual address.
# This output file may be truncated or incomplete.
#
#  Out of Memory Error (t:/workspace/open/src/hotspot/os/windows/os_windows.cpp:3301), pid=4788, tid=1420
#
# JRE version: Java(TM) SE Runtime Environment (13.0.2+8) (build 13.0.2+8)
# Java VM: Java HotSpot(TM) 64-Bit Server VM (13.0.2+8, mixed mode, sharing, tiered, compressed oops, g1 gc, windows-amd64)
# No core dump will be written. Minidumps are not enabled by default on client versions of Windows
#

---------------  S U M M A R Y ------------

Command Line: --add-opens=java.base/java.util=ALL-UNNAMED --add-opens=java.base/java.lang=ALL-UNNAMED --add-opens=java.base/java.lang.invoke=ALL-UNNAMED --add-opens=java.prefs/java.util.prefs=ALL-UNNAMED -Xmx2048m -Dfile.encoding=windows-1251 -Duser.country=RU -Duser.language=ru -Duser.variant org.gradle.launcher.daemon.bootstrap.GradleDaemon 6.1.1

Host: Intel(R) Core(TM) i5-8250U CPU @ 1.60GHz, 8 cores, 7G,  Windows 10 , 64 bit Build 18362 (10.0.18362.1082)
Time: Sun Oct 11 19:34:17 2020 RTZ 2 (ceia) elapsed time: 30 seconds (0d 0h 0m 30s)

---------------  T H R E A D  ---------------

Current thread (0x000001a8f404f800):  VMThread "VM Thread" [stack: 0x0000008396700000,0x0000008396800000] [id=1420]

Stack: [0x0000008396700000,0x0000008396800000]
[error occurred during error reporting (printing stack bounds), id 0xc0000005, EXCEPTION_ACCESS_VIOLATION (0xc0000005) at pc=0x000001a8dd5e10ad]

Native frames: (J=compiled Java code, j=interpreted, Vv=VM code, C=native code)
V  [jvm.dll+0x624f9a]
V  [jvm.dll+0x770cfa]
V  [jvm.dll+0x7724af]
V  [jvm.dll+0x772a15]
V  [jvm.dll+0x7729cb]
V  [jvm.dll+0x6244df]
C  [ntdll.dll+0x785b6]
C  [ntdll.dll+0x6a056]
C  [ntdll.dll+0x9fe3e]
C  0x000001a8dd5e10ad

VM_Operation (0x00000083963ff900): G1Concurrent, mode: safepoint, requested by thread 0x000001a8d5138800


---------------  P R O C E S S  ---------------

Threads class SMR info:
_java_thread_list=0x000001a8f81b40e0, length=60, elements={
0x000001a8d50e2000, 0x000001a8f4075800, 0x000001a8f4079800, 0x000001a8f4095000,
0x000001a8f4096800, 0x000001a8f4097800, 0x000001a8f49b8800, 0x000001a8f409c000,
0x000001a8f4aee800, 0x000001a8f4af1000, 0x000001a8f64d9000, 0x000001a8f64d0800,
0x000001a8f5e1c000, 0x000001a8f6470800, 0x000001a8f6233000, 0x000001a8f5a4a000,
0x000001a8f6316000, 0x000001a8f6316800, 0x000001a8f6314800, 0x000001a8f7564000,
0x000001a8f7565800, 0x000001a8f755e000, 0x000001a8f755b800, 0x000001a8f7558800,
0x000001a8f755f800, 0x000001a8f755a000, 0x000001a8f755c800, 0x000001a8f7560800,
0x000001a8f755b000, 0x000001a8f7564800, 0x000001a8f7563000, 0x000001a8f7567000,
0x000001a8f7561800, 0x000001a8f7562000, 0x000001a8f7566800, 0x000001a8f631a000,
0x000001a8f6315000, 0x000001a8f6319000, 0x000001a8f6317800, 0x000001a8f8f2b800,
0x000001a8f8f2c800, 0x000001a8f8f2d800, 0x000001a8f8f30000, 0x000001a8f8f2e000,
0x000001a8f8f2a000, 0x000001a8f8f2b000, 0x000001a8f8f33000, 0x000001a8f8f32800,
0x000001a8f8f34800, 0x000001a8f8f2f000, 0x000001a8f8f34000, 0x000001a8f8f35800,
0x000001a8f8f30800, 0x000001a8f8f36800, 0x000001a8f8f37000, 0x000001a8f8f31800,
0x000001a8f8f38000, 0x000001a8f8f39000, 0x000001a8f8fae800, 0x000001a8f8faf800
}

Java Threads: ( => current thread )
  0x000001a8d50e2000 JavaThread "main" [_thread_blocked, id=18076, stack(0x0000008396100000,0x0000008396200000)]
  0x000001a8f4075800 JavaThread "Reference Handler" daemon [_thread_blocked, id=16740, stack(0x0000008396800000,0x0000008396900000)]
  0x000001a8f4079800 JavaThread "Finalizer" daemon [_thread_blocked, id=15832, stack(0x0000008396900000,0x0000008396a00000)]
  0x000001a8f4095000 JavaThread "Signal Dispatcher" daemon [_thread_blocked, id=8336, stack(0x0000008396a00000,0x0000008396b00000)]
  0x000001a8f4096800 JavaThread "Attach Listener" daemon [_thread_blocked, id=14652, stack(0x0000008396b00000,0x0000008396c00000)]
  0x000001a8f4097800 JavaThread "C2 CompilerThread0" daemon [_thread_blocked, id=12604, stack(0x0000008396c00000,0x0000008396d00000)]
  0x000001a8f49b8800 JavaThread "C1 CompilerThread0" daemon [_thread_blocked, id=2108, stack(0x0000008396d00000,0x0000008396e00000)]
  0x000001a8f409c000 JavaThread "Sweeper thread" daemon [_thread_blocked, id=6972, stack(0x0000008396e00000,0x0000008396f00000)]
  0x000001a8f4aee800 JavaThread "Common-Cleaner" daemon [_thread_blocked, id=17100, stack(0x0000008396f00000,0x0000008397000000)]
  0x000001a8f4af1000 JavaThread "Service Thread" daemon [_thread_blocked, id=8080, stack(0x0000008397000000,0x0000008397100000)]
  0x000001a8f64d9000 JavaThread "Daemon health stats" [_thread_blocked, id=17240, stack(0x0000008397400000,0x0000008397500000)]
  0x000001a8f64d0800 JavaThread "Incoming local TCP Connector on port 51125" [_thread_in_native, id=8292, stack(0x0000008397500000,0x0000008397600000)]
  0x000001a8f5e1c000 JavaThread "Daemon periodic checks" [_thread_blocked, id=4132, stack(0x0000008397600000,0x0000008397700000)]
  0x000001a8f6470800 JavaThread "Daemon" [_thread_blocked, id=7172, stack(0x0000008397700000,0x0000008397800000)]
  0x000001a8f6233000 JavaThread "Daemon worker" [_thread_blocked, id=18420, stack(0x0000008397a00000,0x0000008397b00000)]
  0x000001a8f5a4a000 JavaThread "Cache worker for journal cache (C:\Users\User\.gradle\caches\journal-1)" [_thread_blocked, id=5588, stack(0x0000008397e00000,0x0000008397f00000)]
  0x000001a8f6316000 JavaThread "File lock request listener" [_thread_in_native, id=17876, stack(0x0000008397f00000,0x0000008398000000)]
  0x000001a8f6316800 JavaThread "Cache worker for file hash cache (C:\Users\User\.gradle\caches\6.1.1\fileHashes)" [_thread_blocked, id=12408, stack(0x0000008398500000,0x0000008398600000)]
  0x000001a8f6314800 JavaThread "Cache worker for execution history cache (C:\Users\User\.gradle\caches\6.1.1\executionHistory)" [_thread_blocked, id=17080, stack(0x0000008398a00000,0x0000008398b00000)]
  0x000001a8f7564000 JavaThread "Memory manager" [_thread_blocked, id=12800, stack(0x0000008399500000,0x0000008399600000)]
  0x000001a8f7565800 JavaThread "Cache worker for file content cache (C:\Users\User\.gradle\caches\6.1.1\fileContent)" [_thread_blocked, id=4164, stack(0x0000008399600000,0x0000008399700000)]
  0x000001a8f755e000 JavaThread "Handler for socket connection from /127.0.0.1:51125 to /127.0.0.1:51152" [_thread_in_native, id=9568, stack(0x0000008397800000,0x0000008397900000)]
  0x000001a8f755b800 JavaThread "Cancel handler" [_thread_blocked, id=16652, stack(0x0000008397900000,0x0000008397a00000)]
  0x000001a8f7558800 JavaThread "Asynchronous log dispatcher for DefaultDaemonConnection: socket connection from /127.0.0.1:51125 to /127.0.0.1:51152" [_thread_blocked, id=12664, stack(0x0000008397b00000,0x0000008397c00000)]
  0x000001a8f755f800 JavaThread "Stdin handler" [_thread_blocked, id=13360, stack(0x0000008397c00000,0x0000008397d00000)]
  0x000001a8f755a000 JavaThread "Thread-43" [_thread_blocked, id=12248, stack(0x0000008397d00000,0x0000008397e00000)]
  0x000001a8f755c800 JavaThread "Cache worker for checksums cache (E:\Practice\FoodApp\.gradle\checksums)" [_thread_blocked, id=10252, stack(0x0000008398600000,0x0000008398700000)]
  0x000001a8f7560800 JavaThread "Cache worker for file hash cache (E:\Practice\FoodApp\.gradle\6.1.1\fileHashes)" [_thread_blocked, id=1452, stack(0x0000008398700000,0x0000008398800000)]
  0x000001a8f755b000 JavaThread "Cache worker for cache directory md-supplier (C:\Users\User\.gradle\caches\6.1.1\md-supplier)" [_thread_blocked, id=4072, stack(0x0000008398800000,0x0000008398900000)]
  0x000001a8f7564800 JavaThread "Cache worker for cache directory md-rule (C:\Users\User\.gradle\caches\6.1.1\md-rule)" [_thread_blocked, id=12192, stack(0x0000008398900000,0x0000008398a00000)]
  0x000001a8f7563000 JavaThread "Build operations" [_thread_blocked, id=13988, stack(0x0000008398c00000,0x0000008398d00000)]
  0x000001a8f7567000 JavaThread "Build operations Thread 2" [_thread_blocked, id=7768, stack(0x0000008398d00000,0x0000008398e00000)]
  0x000001a8f7561800 JavaThread "Build operations Thread 3" [_thread_blocked, id=12172, stack(0x0000008398e00000,0x0000008398f00000)]
  0x000001a8f7562000 JavaThread "Build operations Thread 4" [_thread_blocked, id=13088, stack(0x0000008398f00000,0x0000008399000000)]
  0x000001a8f7566800 JavaThread "Build operations Thread 5" [_thread_blocked, id=9692, stack(0x0000008399000000,0x0000008399100000)]
  0x000001a8f631a000 JavaThread "Build operations Thread 6" [_thread_blocked, id=13696, stack(0x0000008399100000,0x0000008399200000)]
  0x000001a8f6315000 JavaThread "Build operations Thread 7" [_thread_blocked, id=1708, stack(0x0000008399200000,0x0000008399300000)]
  0x000001a8f6319000 JavaThread "Build operations Thread 8" [_thread_blocked, id=3876, stack(0x0000008399300000,0x0000008399400000)]
  0x000001a8f6317800 JavaThread "Cache worker for Build Output Cleanup Cache (E:\Practice\FoodApp\.gradle\buildOutputCleanup)" [_thread_blocked, id=1288, stack(0x0000008399700000,0x0000008399800000)]
  0x000001a8f8f2b800 JavaThread "Cache worker for file content cache (E:\Practice\FoodApp\.gradle\6.1.1\fileContent)" [_thread_blocked, id=13572, stack(0x0000008399800000,0x0000008399900000)]
  0x000001a8f8f2c800 JavaThread "Execution worker for ':'" [_thread_blocked, id=6276, stack(0x0000008399900000,0x0000008399a00000)]
  0x000001a8f8f2d800 JavaThread "Execution worker for ':' Thread 2" [_thread_blocked, id=8936, stack(0x0000008399a00000,0x0000008399b00000)]
  0x000001a8f8f30000 JavaThread "Execution worker for ':' Thread 3" [_thread_blocked, id=17348, stack(0x0000008399b00000,0x0000008399c00000)]
  0x000001a8f8f2e000 JavaThread "Execution worker for ':' Thread 4" [_thread_blocked, id=15664, stack(0x0000008399c00000,0x0000008399d00000)]
  0x000001a8f8f2a000 JavaThread "Execution worker for ':' Thread 5" [_thread_blocked, id=8212, stack(0x0000008399d00000,0x0000008399e00000)]
  0x000001a8f8f2b000 JavaThread "Execution worker for ':' Thread 6" [_thread_blocked, id=15452, stack(0x0000008399e00000,0x0000008399f00000)]
  0x000001a8f8f33000 JavaThread "Execution worker for ':' Thread 7" [_thread_blocked, id=16380, stack(0x0000008399f00000,0x000000839a000000)]
  0x000001a8f8f32800 JavaThread "Cache worker for execution history cache (E:\Practice\FoodApp\.gradle\6.1.1\executionHistory)" [_thread_blocked, id=17928, stack(0x000000839a000000,0x000000839a100000)]
  0x000001a8f8f34800 JavaThread "WorkerExecutor Queue" [_thread_blocked, id=12264, stack(0x000000839a100000,0x000000839a200000)]
  0x000001a8f8f2f000 JavaThread "WorkerExecutor Queue Thread 2" [_thread_blocked, id=1292, stack(0x000000839a200000,0x000000839a300000)]
  0x000001a8f8f34000 JavaThread "pool-4-thread-1" [_thread_blocked, id=9960, stack(0x000000839a300000,0x000000839a400000)]
  0x000001a8f8f35800 JavaThread "stderr" [_thread_in_native, id=5412, stack(0x000000839a400000,0x000000839a500000)]
  0x000001a8f8f30800 JavaThread "stdout" [_thread_in_native, id=12792, stack(0x000000839a500000,0x000000839a600000)]
  0x000001a8f8f36800 JavaThread "WorkerExecutor Queue Thread 3" [_thread_blocked, id=9600, stack(0x000000839a600000,0x000000839a700000)]
  0x000001a8f8f37000 JavaThread "WorkerExecutor Queue Thread 4" [_thread_blocked, id=13504, stack(0x000000839a700000,0x000000839a800000)]
  0x000001a8f8f31800 JavaThread "WorkerExecutor Queue Thread 5" [_thread_blocked, id=6280, stack(0x000000839a800000,0x000000839a900000)]
  0x000001a8f8f38000 JavaThread "WorkerExecutor Queue Thread 6" [_thread_blocked, id=2988, stack(0x000000839a900000,0x000000839aa00000)]
  0x000001a8f8f39000 JavaThread "WorkerExecutor Queue Thread 7" [_thread_blocked, id=4308, stack(0x000000839aa00000,0x000000839ab00000)]
  0x000001a8f8fae800 JavaThread "WorkerExecutor Queue Thread 8" [_thread_blocked, id=15444, stack(0x000000839ab00000,0x000000839ac00000)]
  0x000001a8f8faf800 JavaThread "WorkerExecutor Queue Thread 9" [_thread_blocked, id=10540, stack(0x000000839ac00000,0x000000839ad00000)]

Other Threads:
=>0x000001a8f404f800 VMThread "VM Thread" [stack: 0x0000008396700000,0x0000008396800000] [id=1420]
  0x000001a8f4af6000 WatcherThread [stack: 0x0000008397100000,0x0000008397200000] [id=16628]
  0x000001a8d5125000 GCTaskThread "GC Thread#0" [stack: 0x0000008396200000,0x0000008396300000] [id=14860]
  0x000001a8f5520800 GCTaskThread "GC Thread#1" [stack: 0x0000008397200000,0x0000008397300000] [id=2756]
  0x000001a8f5330000 GCTaskThread "GC Thread#2" [stack: 0x0000008397300000,0x0000008397400000] [id=14528]
  0x000001a8f5b4a800 GCTaskThread "GC Thread#3" [stack: 0x0000008398000000,0x0000008398100000] [id=4564]
  0x000001a8f5a45000 GCTaskThread "GC Thread#4" [stack: 0x0000008398100000,0x0000008398200000] [id=6064]
  0x000001a8f67b7800 GCTaskThread "GC Thread#5" [stack: 0x0000008398200000,0x0000008398300000] [id=12336]
  0x000001a8f6325800 GCTaskThread "GC Thread#6" [stack: 0x0000008398300000,0x0000008398400000] [id=9804]
  0x000001a8f6327800 GCTaskThread "GC Thread#7" [stack: 0x0000008398400000,0x0000008398500000] [id=6288]
  0x000001a8d5138800 ConcurrentGCThread "G1 Main Marker" [stack: 0x0000008396300000,0x0000008396400000] [id=10828]
  0x000001a8d513a800 ConcurrentGCThread "G1 Conc#0" [stack: 0x0000008396400000,0x0000008396500000] [id=8656]
  0x000001a8f6328800 ConcurrentGCThread "G1 Conc#1" [stack: 0x0000008398b00000,0x0000008398c00000] [id=6832]
  0x000001a8f3ecc800 ConcurrentGCThread "G1 Refine#0" [stack: 0x0000008396500000,0x0000008396600000] [id=12812]
  0x000001a8fc2e7800 ConcurrentGCThread "G1 Refine#1" [stack: 0x0000008399400000,0x0000008399500000] [id=11588]
  0x000001a8f3ecf800 ConcurrentGCThread "G1 Young RemSet Sampling" [stack: 0x0000008396600000,0x0000008396700000] [id=17788]

Threads with active compile tasks:
C2 CompilerThread0    30693 12783       4       com.android.tools.r8.graph.r0::<init> (10 bytes)
C1 CompilerThread0    30693 12781       3       com.android.tools.r8.graph.e0::<init> (15 bytes)

VM state:at safepoint (normal execution)

VM Mutex/Monitor currently owned by a thread:  ([mutex/lock_event])
[0x000001a8d50ddfe0] Threads_lock - owner thread: 0x000001a8f404f800
[0x000001a8d50deb20] Heap_lock - owner thread: 0x000001a8d5138800

Heap address: 0x0000000080000000, size: 2048 MB, Compressed Oops mode: 32-bit
Narrow klass base: 0x0000000800000000, Narrow klass shift: 3
Compressed class space size: 1073741824 Address: 0x0000000800b40000

Heap:
 garbage-first heap   total 234496K, used 137863K [0x0000000080000000, 0x0000000100000000)
  region size 1024K, 20 young (20480K), 7 survivors (7168K)
 Metaspace       used 84684K, capacity 86938K, committed 87068K, reserved 1124352K
  class space    used 10946K, capacity 11727K, committed 11852K, reserved 1048576K
Heap Regions: E=young(eden), S=young(survivor), O=old, HS=humongous(starts), HC=humongous(continues), CS=collection set, F=free, A=archive, TAMS=top-at-mark-start (previous, next)
|   0|0x0000000080000000, 0x0000000080100000, 0x0000000080100000|100%|HS|  |TAMS 0x0000000080100000, 0x0000000080000000| Complete 
|   1|0x0000000080100000, 0x0000000080200000, 0x0000000080200000|100%|HC|  |TAMS 0x0000000080200000, 0x0000000080100000| Complete 
|   2|0x0000000080200000, 0x0000000080300000, 0x0000000080300000|100%| O|  |TAMS 0x0000000080300000, 0x0000000080200000| Updating 
|   3|0x0000000080300000, 0x0000000080400000, 0x0000000080400000|100%|HS|  |TAMS 0x0000000080400000, 0x0000000080300000| Complete 
|   4|0x0000000080400000, 0x0000000080500000, 0x0000000080500000|100%|HC|  |TAMS 0x0000000080500000, 0x0000000080400000| Complete 
|   5|0x0000000080500000, 0x0000000080600000, 0x0000000080600000|100%|HC|  |TAMS 0x0000000080600000, 0x0000000080500000| Complete 
|   6|0x0000000080600000, 0x0000000080700000, 0x0000000080700000|100%|HS|  |TAMS 0x0000000080600000, 0x0000000080600000| Complete 
|   7|0x0000000080700000, 0x0000000080800000, 0x0000000080800000|100%| O|  |TAMS 0x0000000080800000, 0x0000000080700000| Updating 
|   8|0x0000000080800000, 0x0000000080900000, 0x0000000080900000|100%| O|  |TAMS 0x0000000080900000, 0x0000000080800000| Updating 
|   9|0x0000000080900000, 0x0000000080a00000, 0x0000000080a00000|100%|HS|  |TAMS 0x0000000080a00000, 0x0000000080900000| Complete 
|  10|0x0000000080a00000, 0x0000000080b00000, 0x0000000080b00000|100%|HC|  |TAMS 0x0000000080b00000, 0x0000000080a00000| Complete 
|  11|0x0000000080b00000, 0x0000000080c00000, 0x0000000080c00000|100%|HC|  |TAMS 0x0000000080c00000, 0x0000000080b00000| Complete 
|  12|0x0000000080c00000, 0x0000000080d00000, 0x0000000080d00000|100%|HS|  |TAMS 0x0000000080d00000, 0x0000000080c00000| Complete 
|  13|0x0000000080d00000, 0x0000000080e00000, 0x0000000080e00000|100%|HC|  |TAMS 0x0000000080e00000, 0x0000000080d00000| Complete 
|  14|0x0000000080e00000, 0x0000000080f00000, 0x0000000080f00000|100%|HC|  |TAMS 0x0000000080f00000, 0x0000000080e00000| Complete 
|  15|0x0000000080f00000, 0x0000000081000000, 0x0000000081000000|100%|HC|  |TAMS 0x0000000081000000, 0x0000000080f00000| Complete 
|  16|0x0000000081000000, 0x0000000081100000, 0x0000000081100000|100%| O|  |TAMS 0x0000000081100000, 0x0000000081000000| Updating 
|  17|0x0000000081100000, 0x0000000081200000, 0x0000000081200000|100%| O|  |TAMS 0x0000000081200000, 0x0000000081100000| Updating 
|  18|0x0000000081200000, 0x0000000081300000, 0x0000000081300000|100%| O|  |TAMS 0x0000000081300000, 0x0000000081200000| Updating 
|  19|0x0000000081300000, 0x0000000081400000, 0x0000000081400000|100%| O|  |TAMS 0x0000000081400000, 0x0000000081300000| Updating 
|  20|0x0000000081400000, 0x0000000081500000, 0x0000000081500000|100%| O|  |TAMS 0x0000000081500000, 0x0000000081400000| Updating 
|  21|0x0000000081500000, 0x0000000081600000, 0x0000000081600000|100%| O|  |TAMS 0x0000000081600000, 0x0000000081500000| Updating 
|  22|0x0000000081600000, 0x0000000081700000, 0x0000000081700000|100%| O|  |TAMS 0x0000000081700000, 0x0000000081600000| Updating 
|  23|0x0000000081700000, 0x0000000081800000, 0x0000000081800000|100%|HS|  |TAMS 0x0000000081800000, 0x0000000081700000| Complete 
|  24|0x0000000081800000, 0x0000000081900000, 0x0000000081900000|100%| O|  |TAMS 0x0000000081900000, 0x0000000081800000| Updating 
|  25|0x0000000081900000, 0x0000000081a00000, 0x0000000081a00000|100%| O|  |TAMS 0x0000000081a00000, 0x0000000081900000| Updating 
|  26|0x0000000081a00000, 0x0000000081b00000, 0x0000000081b00000|100%| O|  |TAMS 0x0000000081b00000, 0x0000000081a00000| Updating 
|  27|0x0000000081b00000, 0x0000000081c00000, 0x0000000081c00000|100%| O|  |TAMS 0x0000000081c00000, 0x0000000081b00000| Updating 
|  28|0x0000000081c00000, 0x0000000081d00000, 0x0000000081d00000|100%| O|  |TAMS 0x0000000081d00000, 0x0000000081c00000| Updating 
|  29|0x0000000081d00000, 0x0000000081e00000, 0x0000000081e00000|100%| O|  |TAMS 0x0000000081e00000, 0x0000000081d00000| Updating 
|  30|0x0000000081e00000, 0x0000000081f00000, 0x0000000081f00000|100%| O|  |TAMS 0x0000000081f00000, 0x0000000081e00000| Updating 
|  31|0x0000000081f00000, 0x0000000082000000, 0x0000000082000000|100%| O|  |TAMS 0x0000000082000000, 0x0000000081f00000| Updating 
|  32|0x0000000082000000, 0x0000000082100000, 0x0000000082100000|100%| O|  |TAMS 0x0000000082100000, 0x0000000082000000| Updating 
|  33|0x0000000082100000, 0x0000000082200000, 0x0000000082200000|100%|HS|  |TAMS 0x0000000082200000, 0x0000000082100000| Complete 
|  34|0x0000000082200000, 0x0000000082300000, 0x0000000082300000|100%|HS|  |TAMS 0x0000000082300000, 0x0000000082200000| Complete 
|  35|0x0000000082300000, 0x0000000082400000, 0x0000000082400000|100%|HC|  |TAMS 0x0000000082400000, 0x0000000082300000| Complete 
|  36|0x0000000082400000, 0x0000000082500000, 0x0000000082500000|100%|HC|  |TAMS 0x0000000082500000, 0x0000000082400000| Complete 
|  37|0x0000000082500000, 0x0000000082600000, 0x0000000082600000|100%|HS|  |TAMS 0x0000000082600000, 0x0000000082500000| Complete 
|  38|0x0000000082600000, 0x0000000082700000, 0x0000000082700000|100%|HC|  |TAMS 0x0000000082700000, 0x0000000082600000| Complete 
|  39|0x0000000082700000, 0x0000000082800000, 0x0000000082800000|100%|HC|  |TAMS 0x0000000082800000, 0x0000000082700000| Complete 
|  40|0x0000000082800000, 0x0000000082900000, 0x0000000082900000|100%|HS|  |TAMS 0x0000000082900000, 0x0000000082800000| Complete 
|  41|0x0000000082900000, 0x0000000082a00000, 0x0000000082a00000|100%|HC|  |TAMS 0x0000000082a00000, 0x0000000082900000| Complete 
|  42|0x0000000082a00000, 0x0000000082b00000, 0x0000000082b00000|100%| O|  |TAMS 0x0000000082b00000, 0x0000000082a00000| Updating 
|  43|0x0000000082b00000, 0x0000000082c00000, 0x0000000082c00000|100%| O|  |TAMS 0x0000000082c00000, 0x0000000082b00000| Updating 
|  44|0x0000000082c00000, 0x0000000082d00000, 0x0000000082d00000|100%| O|  |TAMS 0x0000000082d00000, 0x0000000082c00000| Updating 
|  45|0x0000000082d00000, 0x0000000082e00000, 0x0000000082e00000|100%| O|  |TAMS 0x0000000082e00000, 0x0000000082d00000| Updating 
|  46|0x0000000082e00000, 0x0000000082f00000, 0x0000000082f00000|100%| O|  |TAMS 0x0000000082f00000, 0x0000000082e00000| Updating 
|  47|0x0000000082f00000, 0x0000000083000000, 0x0000000083000000|100%| O|  |TAMS 0x0000000083000000, 0x0000000082f00000| Updating 
|  48|0x0000000083000000, 0x0000000083100000, 0x0000000083100000|100%| O|  |TAMS 0x0000000083100000, 0x0000000083000000| Updating 
|  49|0x0000000083100000, 0x0000000083200000, 0x0000000083200000|100%| O|  |TAMS 0x0000000083200000, 0x0000000083100000| Updating 
|  50|0x0000000083200000, 0x0000000083300000, 0x0000000083300000|100%|HS|  |TAMS 0x0000000083300000, 0x0000000083200000| Complete 
|  51|0x0000000083300000, 0x0000000083400000, 0x0000000083400000|100%| O|  |TAMS 0x0000000083400000, 0x0000000083300000| Updating 
|  52|0x0000000083400000, 0x0000000083500000, 0x0000000083500000|100%| O|  |TAMS 0x0000000083500000, 0x0000000083400000| Updating 
|  53|0x0000000083500000, 0x0000000083600000, 0x0000000083600000|100%| O|  |TAMS 0x0000000083600000, 0x0000000083500000| Updating 
|  54|0x0000000083600000, 0x0000000083700000, 0x0000000083700000|100%| O|  |TAMS 0x0000000083700000, 0x0000000083600000| Updating 
|  55|0x0000000083700000, 0x0000000083800000, 0x0000000083800000|100%| O|  |TAMS 0x0000000083800000, 0x0000000083700000| Updating 
|  56|0x0000000083800000, 0x0000000083900000, 0x0000000083900000|100%|HS|  |TAMS 0x0000000083900000, 0x0000000083800000| Complete 
|  57|0x0000000083900000, 0x0000000083a00000, 0x0000000083a00000|100%| O|  |TAMS 0x0000000083a00000, 0x0000000083900000| Updating 
|  58|0x0000000083a00000, 0x0000000083b00000, 0x0000000083b00000|100%| O|  |TAMS 0x0000000083b00000, 0x0000000083a00000| Updating 
|  59|0x0000000083b00000, 0x0000000083c00000, 0x0000000083c00000|100%| O|  |TAMS 0x0000000083c00000, 0x0000000083b00000| Updating 
|  60|0x0000000083c00000, 0x0000000083d00000, 0x0000000083d00000|100%|HS|  |TAMS 0x0000000083d00000, 0x0000000083c00000| Complete 
|  61|0x0000000083d00000, 0x0000000083e00000, 0x0000000083e00000|100%|HC|  |TAMS 0x0000000083e00000, 0x0000000083d00000| Complete 
|  62|0x0000000083e00000, 0x0000000083f00000, 0x0000000083f00000|100%| O|  |TAMS 0x0000000083f00000, 0x0000000083e00000| Updating 
|  63|0x0000000083f00000, 0x0000000084000000, 0x0000000084000000|100%|HS|  |TAMS 0x0000000084000000, 0x0000000083f00000| Complete 
|  64|0x0000000084000000, 0x0000000084100000, 0x0000000084100000|100%|HS|  |TAMS 0x0000000084100000, 0x0000000084000000| Complete 
|  65|0x0000000084100000, 0x0000000084200000, 0x0000000084200000|100%|HC|  |TAMS 0x0000000084200000, 0x0000000084100000| Complete 
|  66|0x0000000084200000, 0x0000000084300000, 0x0000000084300000|100%|HS|  |TAMS 0x0000000084300000, 0x0000000084200000| Complete 
|  67|0x0000000084300000, 0x0000000084400000, 0x0000000084400000|100%| O|  |TAMS 0x0000000084377200, 0x0000000084300000| Updating 
|  68|0x0000000084400000, 0x0000000084500000, 0x0000000084500000|100%|HS|  |TAMS 0x0000000084400000, 0x0000000084400000| Complete 
|  69|0x0000000084500000, 0x0000000084600000, 0x0000000084600000|100%|HS|  |TAMS 0x0000000084600000, 0x0000000084500000| Complete 
|  70|0x0000000084600000, 0x0000000084700000, 0x0000000084700000|100%|HS|  |TAMS 0x0000000084600000, 0x0000000084600000| Complete 
|  71|0x0000000084700000, 0x0000000084800000, 0x0000000084800000|100%|HS|  |TAMS 0x0000000084800000, 0x0000000084700000| Complete 
|  72|0x0000000084800000, 0x0000000084900000, 0x0000000084900000|100%|HS|  |TAMS 0x0000000084800000, 0x0000000084800000| Complete 
|  73|0x0000000084900000, 0x0000000084a00000, 0x0000000084a00000|100%|HC|  |TAMS 0x0000000084900000, 0x0000000084900000| Complete 
|  74|0x0000000084a00000, 0x0000000084b00000, 0x0000000084b00000|100%| O|  |TAMS 0x0000000084b00000, 0x0000000084a00000| Updating 
|  75|0x0000000084b00000, 0x0000000084c00000, 0x0000000084c00000|100%| O|  |TAMS 0x0000000084b00000, 0x0000000084b00000| Untracked 
|  76|0x0000000084c00000, 0x0000000084d00000, 0x0000000084d00000|100%| O|  |TAMS 0x0000000084d00000, 0x0000000084c00000| Updating 
|  77|0x0000000084d00000, 0x0000000084e00000, 0x0000000084e00000|100%| O|  |TAMS 0x0000000084e00000, 0x0000000084d00000| Updating 
|  78|0x0000000084e00000, 0x0000000084f00000, 0x0000000084f00000|100%| O|  |TAMS 0x0000000084f00000, 0x0000000084e00000| Updating 
|  79|0x0000000084f00000, 0x0000000085000000, 0x0000000085000000|100%| O|  |TAMS 0x0000000085000000, 0x0000000084f00000| Updating 
|  80|0x0000000085000000, 0x0000000085100000, 0x0000000085100000|100%| O|  |TAMS 0x0000000085100000, 0x0000000085000000| Updating 
|  81|0x0000000085100000, 0x0000000085200000, 0x0000000085200000|100%| O|  |TAMS 0x0000000085200000, 0x0000000085100000| Updating 
|  82|0x0000000085200000, 0x0000000085300000, 0x0000000085300000|100%| O|  |TAMS 0x0000000085300000, 0x0000000085200000| Updating 
|  83|0x0000000085300000, 0x0000000085400000, 0x0000000085400000|100%| O|  |TAMS 0x0000000085400000, 0x0000000085300000| Updating 
|  84|0x0000000085400000, 0x0000000085500000, 0x0000000085500000|100%| O|  |TAMS 0x0000000085500000, 0x0000000085400000| Updating 
|  85|0x0000000085500000, 0x0000000085600000, 0x0000000085600000|100%| O|  |TAMS 0x0000000085600000, 0x0000000085500000| Updating 
|  86|0x0000000085600000, 0x0000000085700000, 0x0000000085700000|100%| O|  |TAMS 0x0000000085700000, 0x0000000085600000| Updating 
|  87|0x0000000085700000, 0x0000000085800000, 0x0000000085800000|100%| O|  |TAMS 0x0000000085800000, 0x0000000085700000| Updating 
|  88|0x0000000085800000, 0x0000000085900000, 0x0000000085900000|100%| O|  |TAMS 0x0000000085900000, 0x0000000085800000| Updating 
|  89|0x0000000085900000, 0x0000000085a00000, 0x0000000085a00000|100%| O|  |TAMS 0x0000000085a00000, 0x0000000085900000| Updating 
|  90|0x0000000085a00000, 0x0000000085b00000, 0x0000000085b00000|100%| O|  |TAMS 0x0000000085b00000, 0x0000000085a00000| Updating 
|  91|0x0000000085b00000, 0x0000000085c00000, 0x0000000085c00000|100%| O|  |TAMS 0x0000000085c00000, 0x0000000085b00000| Updating 
|  92|0x0000000085c00000, 0x0000000085d00000, 0x0000000085d00000|100%| O|  |TAMS 0x0000000085d00000, 0x0000000085c00000| Updating 
|  93|0x0000000085d00000, 0x0000000085e00000, 0x0000000085e00000|100%| O|  |TAMS 0x0000000085e00000, 0x0000000085d00000| Updating 
|  94|0x0000000085e00000, 0x0000000085f00000, 0x0000000085f00000|100%| O|  |TAMS 0x0000000085f00000, 0x0000000085e00000| Updating 
|  95|0x0000000085f00000, 0x0000000086000000, 0x0000000086000000|100%| O|  |TAMS 0x0000000086000000, 0x0000000085f00000| Updating 
|  96|0x0000000086000000, 0x0000000086100000, 0x0000000086100000|100%| O|  |TAMS 0x0000000086100000, 0x0000000086000000| Updating 
|  97|0x0000000086100000, 0x0000000086200000, 0x0000000086200000|100%| O|  |TAMS 0x0000000086200000, 0x0000000086100000| Updating 
|  98|0x0000000086200000, 0x0000000086300000, 0x0000000086300000|100%| O|  |TAMS 0x0000000086300000, 0x0000000086200000| Updating 
|  99|0x0000000086300000, 0x0000000086400000, 0x0000000086400000|100%| O|  |TAMS 0x0000000086400000, 0x0000000086300000| Updating 
| 100|0x0000000086400000, 0x0000000086500000, 0x0000000086500000|100%| O|  |TAMS 0x0000000086500000, 0x0000000086400000| Updating 
| 101|0x0000000086500000, 0x0000000086600000, 0x0000000086600000|100%| O|  |TAMS 0x0000000086600000, 0x0000000086500000| Updating 
| 102|0x0000000086600000, 0x0000000086700000, 0x0000000086700000|100%| O|  |TAMS 0x0000000086700000, 0x0000000086600000| Updating 
| 103|0x0000000086700000, 0x0000000086800000, 0x0000000086800000|100%| O|  |TAMS 0x0000000086800000, 0x0000000086700000| Updating 
| 104|0x0000000086800000, 0x0000000086900000, 0x0000000086900000|100%| O|  |TAMS 0x0000000086900000, 0x0000000086800000| Updating 
| 105|0x0000000086900000, 0x0000000086a00000, 0x0000000086a00000|100%|HS|  |TAMS 0x0000000086a00000, 0x0000000086900000| Complete 
| 106|0x0000000086a00000, 0x0000000086b00000, 0x0000000086b00000|100%|HC|  |TAMS 0x0000000086b00000, 0x0000000086a00000| Complete 
| 107|0x0000000086b00000, 0x0000000086c00000, 0x0000000086c00000|100%| O|  |TAMS 0x0000000086b00000, 0x0000000086b00000| Untracked 
| 108|0x0000000086c00000, 0x0000000086d00000, 0x0000000086d00000|100%| O|  |TAMS 0x0000000086c00000, 0x0000000086c00000| Untracked 
| 109|0x0000000086d00000, 0x0000000086e00000, 0x0000000086e00000|100%| O|  |TAMS 0x0000000086d00000, 0x0000000086d00000| Untracked 
| 110|0x0000000086e00000, 0x0000000086f00000, 0x0000000086f00000|100%| O|  |TAMS 0x0000000086e00000, 0x0000000086e00000| Untracked 
| 111|0x0000000086f00000, 0x0000000087000000, 0x0000000087000000|100%| O|  |TAMS 0x0000000086f00000, 0x0000000086f00000| Untracked 
| 112|0x0000000087000000, 0x0000000087100000, 0x0000000087100000|100%| O|  |TAMS 0x0000000087000000, 0x0000000087000000| Untracked 
| 113|0x0000000087100000, 0x00000000871a1e00, 0x0000000087200000| 63%| O|  |TAMS 0x0000000087100000, 0x0000000087100000| Updating 
| 114|0x0000000087200000, 0x0000000087300000, 0x0000000087300000|100%|HS|  |TAMS 0x0000000087200000, 0x0000000087200000| Complete 
| 115|0x0000000087300000, 0x0000000087400000, 0x0000000087400000|100%|HC|  |TAMS 0x0000000087300000, 0x0000000087300000| Complete 
| 116|0x0000000087400000, 0x0000000087500000, 0x0000000087500000|100%|HS|  |TAMS 0x0000000087400000, 0x0000000087400000| Complete 
| 117|0x0000000087500000, 0x0000000087500000, 0x0000000087600000|  0%| F|  |TAMS 0x0000000087500000, 0x0000000087500000| Untracked 
| 118|0x0000000087600000, 0x0000000087600000, 0x0000000087700000|  0%| F|  |TAMS 0x0000000087600000, 0x0000000087600000| Untracked 
| 119|0x0000000087700000, 0x0000000087700000, 0x0000000087800000|  0%| F|  |TAMS 0x0000000087700000, 0x0000000087700000| Untracked 
| 120|0x0000000087800000, 0x0000000087800000, 0x0000000087900000|  0%| F|  |TAMS 0x0000000087800000, 0x0000000087800000| Untracked 
| 121|0x0000000087900000, 0x0000000087900000, 0x0000000087a00000|  0%| F|  |TAMS 0x0000000087900000, 0x0000000087900000| Untracked 
| 122|0x0000000087a00000, 0x0000000087a00000, 0x0000000087b00000|  0%| F|  |TAMS 0x0000000087a00000, 0x0000000087a00000| Untracked 
| 123|0x0000000087b00000, 0x0000000087b00000, 0x0000000087c00000|  0%| F|  |TAMS 0x0000000087b00000, 0x0000000087b00000| Untracked 
| 124|0x0000000087c00000, 0x0000000087c00000, 0x0000000087d00000|  0%| F|  |TAMS 0x0000000087c00000, 0x0000000087c00000| Untracked 
| 125|0x0000000087d00000, 0x0000000087d00000, 0x0000000087e00000|  0%| F|  |TAMS 0x0000000087d00000, 0x0000000087d00000| Untracked 
| 126|0x0000000087e00000, 0x0000000087e00000, 0x0000000087f00000|  0%| F|  |TAMS 0x0000000087e00000, 0x0000000087e00000| Untracked 
| 127|0x0000000087f00000, 0x0000000087f00000, 0x0000000088000000|  0%| F|  |TAMS 0x0000000087f00000, 0x0000000087f00000| Untracked 
| 128|0x0000000088000000, 0x0000000088000000, 0x0000000088100000|  0%| F|  |TAMS 0x0000000088000000, 0x0000000088000000| Untracked 
| 129|0x0000000088100000, 0x0000000088100000, 0x0000000088200000|  0%| F|  |TAMS 0x0000000088100000, 0x0000000088100000| Untracked 
| 130|0x0000000088200000, 0x0000000088200000, 0x0000000088300000|  0%| F|  |TAMS 0x0000000088200000, 0x0000000088200000| Untracked 
| 131|0x0000000088300000, 0x0000000088300000, 0x0000000088400000|  0%| F|  |TAMS 0x0000000088300000, 0x0000000088300000| Untracked 
| 132|0x0000000088400000, 0x0000000088400000, 0x0000000088500000|  0%| F|  |TAMS 0x0000000088400000, 0x0000000088400000| Untracked 
| 133|0x0000000088500000, 0x0000000088500000, 0x0000000088600000|  0%| F|  |TAMS 0x0000000088500000, 0x0000000088500000| Untracked 
| 134|0x0000000088600000, 0x0000000088600000, 0x0000000088700000|  0%| F|  |TAMS 0x0000000088600000, 0x0000000088600000| Untracked 
| 135|0x0000000088700000, 0x0000000088700000, 0x0000000088800000|  0%| F|  |TAMS 0x0000000088700000, 0x0000000088700000| Untracked 
| 136|0x0000000088800000, 0x0000000088800000, 0x0000000088900000|  0%| F|  |TAMS 0x0000000088800000, 0x0000000088800000| Untracked 
| 137|0x0000000088900000, 0x0000000088900000, 0x0000000088a00000|  0%| F|  |TAMS 0x0000000088900000, 0x0000000088900000| Untracked 
| 138|0x0000000088a00000, 0x0000000088a00000, 0x0000000088b00000|  0%| F|  |TAMS 0x0000000088a00000, 0x0000000088a00000| Untracked 
| 139|0x0000000088b00000, 0x0000000088b00000, 0x0000000088c00000|  0%| F|  |TAMS 0x0000000088b00000, 0x0000000088b00000| Untracked 
| 140|0x0000000088c00000, 0x0000000088c00000, 0x0000000088d00000|  0%| F|  |TAMS 0x0000000088c00000, 0x0000000088c00000| Untracked 
| 141|0x0000000088d00000, 0x0000000088d00000, 0x0000000088e00000|  0%| F|  |TAMS 0x0000000088d00000, 0x0000000088d00000| Untracked 
| 142|0x0000000088e00000, 0x0000000088e00000, 0x0000000088f00000|  0%| F|  |TAMS 0x0000000088e00000, 0x0000000088e00000| Untracked 
| 143|0x0000000088f00000, 0x0000000088f00000, 0x0000000089000000|  0%| F|  |TAMS 0x0000000088f00000, 0x0000000088f00000| Untracked 
| 144|0x0000000089000000, 0x0000000089000000, 0x0000000089100000|  0%| F|  |TAMS 0x0000000089000000, 0x0000000089000000| Untracked 
| 145|0x0000000089100000, 0x0000000089100000, 0x0000000089200000|  0%| F|  |TAMS 0x0000000089100000, 0x0000000089100000| Untracked 
| 146|0x0000000089200000, 0x0000000089200000, 0x0000000089300000|  0%| F|  |TAMS 0x0000000089200000, 0x0000000089200000| Untracked 
| 147|0x0000000089300000, 0x0000000089300000, 0x0000000089400000|  0%| F|  |TAMS 0x0000000089300000, 0x0000000089300000| Untracked 
| 148|0x0000000089400000, 0x0000000089400000, 0x0000000089500000|  0%| F|  |TAMS 0x0000000089400000, 0x0000000089400000| Untracked 
| 149|0x0000000089500000, 0x0000000089500000, 0x0000000089600000|  0%| F|  |TAMS 0x0000000089500000, 0x0000000089500000| Untracked 
| 150|0x0000000089600000, 0x0000000089600000, 0x0000000089700000|  0%| F|  |TAMS 0x0000000089600000, 0x0000000089600000| Untracked 
| 151|0x0000000089700000, 0x0000000089700000, 0x0000000089800000|  0%| F|  |TAMS 0x0000000089700000, 0x0000000089700000| Untracked 
| 152|0x0000000089800000, 0x0000000089800000, 0x0000000089900000|  0%| F|  |TAMS 0x0000000089800000, 0x0000000089800000| Untracked 
| 153|0x0000000089900000, 0x0000000089900000, 0x0000000089a00000|  0%| F|  |TAMS 0x0000000089900000, 0x0000000089900000| Untracked 
| 154|0x0000000089a00000, 0x0000000089a00000, 0x0000000089b00000|  0%| F|  |TAMS 0x0000000089a00000, 0x0000000089a00000| Untracked 
| 155|0x0000000089b00000, 0x0000000089b00000, 0x0000000089c00000|  0%| F|  |TAMS 0x0000000089b00000, 0x0000000089b00000| Untracked 
| 156|0x0000000089c00000, 0x0000000089c00000, 0x0000000089d00000|  0%| F|  |TAMS 0x0000000089c00000, 0x0000000089c00000| Untracked 
| 157|0x0000000089d00000, 0x0000000089d00000, 0x0000000089e00000|  0%| F|  |TAMS 0x0000000089d00000, 0x0000000089d00000| Untracked 
| 158|0x0000000089e00000, 0x0000000089e00000, 0x0000000089f00000|  0%| F|  |TAMS 0x0000000089e00000, 0x0000000089e00000| Untracked 
| 159|0x0000000089f00000, 0x0000000089f00000, 0x000000008a000000|  0%| F|  |TAMS 0x0000000089f00000, 0x0000000089f00000| Untracked 
| 160|0x000000008a000000, 0x000000008a000000, 0x000000008a100000|  0%| F|  |TAMS 0x000000008a000000, 0x000000008a000000| Untracked 
| 161|0x000000008a100000, 0x000000008a100000, 0x000000008a200000|  0%| F|  |TAMS 0x000000008a100000, 0x000000008a100000| Untracked 
| 162|0x000000008a200000, 0x000000008a200000, 0x000000008a300000|  0%| F|  |TAMS 0x000000008a200000, 0x000000008a200000| Untracked 
| 163|0x000000008a300000, 0x000000008a300000, 0x000000008a400000|  0%| F|  |TAMS 0x000000008a300000, 0x000000008a300000| Untracked 
| 164|0x000000008a400000, 0x000000008a400000, 0x000000008a500000|  0%| F|  |TAMS 0x000000008a400000, 0x000000008a400000| Untracked 
| 165|0x000000008a500000, 0x000000008a500000, 0x000000008a600000|  0%| F|  |TAMS 0x000000008a500000, 0x000000008a500000| Untracked 
| 166|0x000000008a600000, 0x000000008a600000, 0x000000008a700000|  0%| F|  |TAMS 0x000000008a600000, 0x000000008a600000| Untracked 
| 167|0x000000008a700000, 0x000000008a700000, 0x000000008a800000|  0%| F|  |TAMS 0x000000008a700000, 0x000000008a700000| Untracked 
| 168|0x000000008a800000, 0x000000008a800000, 0x000000008a900000|  0%| F|  |TAMS 0x000000008a800000, 0x000000008a800000| Untracked 
| 169|0x000000008a900000, 0x000000008a900000, 0x000000008aa00000|  0%| F|  |TAMS 0x000000008a900000, 0x000000008a900000| Untracked 
| 170|0x000000008aa00000, 0x000000008aa00000, 0x000000008ab00000|  0%| F|  |TAMS 0x000000008aa00000, 0x000000008aa00000| Untracked 
| 171|0x000000008ab00000, 0x000000008ab00000, 0x000000008ac00000|  0%| F|  |TAMS 0x000000008ab00000, 0x000000008ab00000| Untracked 
| 172|0x000000008ac00000, 0x000000008ac00000, 0x000000008ad00000|  0%| F|  |TAMS 0x000000008ac00000, 0x000000008ac00000| Untracked 
| 173|0x000000008ad00000, 0x000000008ad00000, 0x000000008ae00000|  0%| F|  |TAMS 0x000000008ad00000, 0x000000008ad00000| Untracked 
| 174|0x000000008ae00000, 0x000000008ae00000, 0x000000008af00000|  0%| F|  |TAMS 0x000000008ae00000, 0x000000008ae00000| Untracked 
| 175|0x000000008af00000, 0x000000008af00000, 0x000000008b000000|  0%| F|  |TAMS 0x000000008af00000, 0x000000008af00000| Untracked 
| 176|0x000000008b000000, 0x000000008b000000, 0x000000008b100000|  0%| F|  |TAMS 0x000000008b000000, 0x000000008b000000| Untracked 
| 177|0x000000008b100000, 0x000000008b100000, 0x000000008b200000|  0%| F|  |TAMS 0x000000008b100000, 0x000000008b100000| Untracked 
| 178|0x000000008b200000, 0x000000008b200000, 0x000000008b300000|  0%| F|  |TAMS 0x000000008b200000, 0x000000008b200000| Untracked 
| 179|0x000000008b300000, 0x000000008b300000, 0x000000008b400000|  0%| F|  |TAMS 0x000000008b300000, 0x000000008b300000| Untracked 
| 180|0x000000008b400000, 0x000000008b400000, 0x000000008b500000|  0%| F|  |TAMS 0x000000008b400000, 0x000000008b400000| Untracked 
| 181|0x000000008b500000, 0x000000008b500000, 0x000000008b600000|  0%| F|  |TAMS 0x000000008b500000, 0x000000008b500000| Untracked 
| 182|0x000000008b600000, 0x000000008b600000, 0x000000008b700000|  0%| F|  |TAMS 0x000000008b600000, 0x000000008b600000| Untracked 
| 183|0x000000008b700000, 0x000000008b700000, 0x000000008b800000|  0%| F|  |TAMS 0x000000008b700000, 0x000000008b700000| Untracked 
| 184|0x000000008b800000, 0x000000008b800000, 0x000000008b900000|  0%| F|  |TAMS 0x000000008b800000, 0x000000008b800000| Untracked 
| 185|0x000000008b900000, 0x000000008b900000, 0x000000008ba00000|  0%| F|  |TAMS 0x000000008b900000, 0x000000008b900000| Untracked 
| 186|0x000000008ba00000, 0x000000008ba00000, 0x000000008bb00000|  0%| F|  |TAMS 0x000000008ba00000, 0x000000008ba00000| Untracked 
| 187|0x000000008bb00000, 0x000000008bb00000, 0x000000008bc00000|  0%| F|  |TAMS 0x000000008bb00000, 0x000000008bb00000| Untracked 
| 188|0x000000008bc00000, 0x000000008bc00000, 0x000000008bd00000|  0%| F|  |TAMS 0x000000008bc00000, 0x000000008bc00000| Untracked 
| 189|0x000000008bd00000, 0x000000008bd00000, 0x000000008be00000|  0%| F|  |TAMS 0x000000008bd00000, 0x000000008bd00000| Untracked 
| 190|0x000000008be00000, 0x000000008beaf258, 0x000000008bf00000| 68%| E|  |TAMS 0x000000008be00000, 0x000000008be00000| Complete 
| 191|0x000000008bf00000, 0x000000008c000000, 0x000000008c000000|100%| E|CS|TAMS 0x000000008bf00000, 0x000000008bf00000| Complete 
| 192|0x000000008c000000, 0x000000008c100000, 0x000000008c100000|100%| E|CS|TAMS 0x000000008c000000, 0x000000008c000000| Complete 
| 193|0x000000008c100000, 0x000000008c200000, 0x000000008c200000|100%| E|CS|TAMS 0x000000008c100000, 0x000000008c100000| Complete 
| 194|0x000000008c200000, 0x000000008c300000, 0x000000008c300000|100%| E|CS|TAMS 0x000000008c200000, 0x000000008c200000| Complete 
| 195|0x000000008c300000, 0x000000008c400000, 0x000000008c400000|100%| E|  |TAMS 0x000000008c300000, 0x000000008c300000| Complete 
| 196|0x000000008c400000, 0x000000008c500000, 0x000000008c500000|100%| S|CS|TAMS 0x000000008c400000, 0x000000008c400000| Complete 
| 197|0x000000008c500000, 0x000000008c600000, 0x000000008c600000|100%| S|CS|TAMS 0x000000008c500000, 0x000000008c500000| Complete 
| 198|0x000000008c600000, 0x000000008c700000, 0x000000008c700000|100%| S|CS|TAMS 0x000000008c600000, 0x000000008c600000| Complete 
| 199|0x000000008c700000, 0x000000008c800000, 0x000000008c800000|100%| S|CS|TAMS 0x000000008c700000, 0x000000008c700000| Complete 
| 200|0x000000008c800000, 0x000000008c900000, 0x000000008c900000|100%| S|CS|TAMS 0x000000008c800000, 0x000000008c800000| Complete 
| 201|0x000000008c900000, 0x000000008ca00000, 0x000000008ca00000|100%| S|CS|TAMS 0x000000008c900000, 0x000000008c900000| Complete 
| 202|0x000000008ca00000, 0x000000008cb00000, 0x000000008cb00000|100%| S|CS|TAMS 0x000000008ca00000, 0x000000008ca00000| Complete 
| 203|0x000000008cb00000, 0x000000008cc00000, 0x000000008cc00000|100%| E|CS|TAMS 0x000000008cb00000, 0x000000008cb00000| Complete 
| 204|0x000000008cc00000, 0x000000008cd00000, 0x000000008cd00000|100%| E|CS|TAMS 0x000000008cc00000, 0x000000008cc00000| Complete 
| 205|0x000000008cd00000, 0x000000008ce00000, 0x000000008ce00000|100%| E|CS|TAMS 0x000000008cd00000, 0x000000008cd00000| Complete 
| 206|0x000000008ce00000, 0x000000008cf00000, 0x000000008cf00000|100%| E|CS|TAMS 0x000000008ce00000, 0x000000008ce00000| Complete 
| 207|0x000000008cf00000, 0x000000008d000000, 0x000000008d000000|100%| E|CS|TAMS 0x000000008cf00000, 0x000000008cf00000| Complete 
| 208|0x000000008d000000, 0x000000008d100000, 0x000000008d100000|100%| E|CS|TAMS 0x000000008d000000, 0x000000008d000000| Complete 
| 209|0x000000008d100000, 0x000000008d200000, 0x000000008d200000|100%| E|CS|TAMS 0x000000008d100000, 0x000000008d100000| Complete 

Card table byte_map: [0x000001a8ece20000,0x000001a8ed220000] _byte_map_base: 0x000001a8eca20000

Marking Bits (Prev, Next): (CMBitMap*) 0x000001a8d5127a28, (CMBitMap*) 0x000001a8d5127a68
 Prev Bits: [0x000001a8ed620000, 0x000001a8ef620000)
 Next Bits: [0x000001a8ef620000, 0x000001a8f1620000)

Polling page: 0x000001a8d3030000

Metaspace:

Usage:
  Non-class:     73.45 MB capacity,    72.01 MB ( 98%) used,     1.22 MB (  2%) free+waste,   229.38 KB ( <1%) overhead. 
      Class:     11.45 MB capacity,    10.69 MB ( 93%) used,   674.74 KB (  6%) free+waste,   105.38 KB ( <1%) overhead. 
       Both:     84.90 MB capacity,    82.70 MB ( 97%) used,     1.87 MB (  2%) free+waste,   334.75 KB ( <1%) overhead. 

Virtual space:
  Non-class space:       74.00 MB reserved,      73.45 MB (>99%) committed 
      Class space:        1.00 GB reserved,      11.57 MB (  1%) committed 
             Both:        1.07 GB reserved,      85.03 MB (  8%) committed 

Chunk freelists:
   Non-Class:  5.00 KB
       Class:  0 bytes
        Both:  5.00 KB

MaxMetaspaceSize: 17179869184.00 GB
CompressedClassSpaceSize: 1.00 GB

CodeHeap 'non-profiled nmethods': size=120000Kb used=4578Kb max_used=4673Kb free=115421Kb
 bounds [0x000001a8e50b0000, 0x000001a8e5550000, 0x000001a8ec5e0000]
CodeHeap 'profiled nmethods': size=120000Kb used=24590Kb max_used=25580Kb free=95409Kb
 bounds [0x000001a8ddb80000, 0x000001a8df4c0000, 0x000001a8e50b0000]
CodeHeap 'non-nmethods': size=5760Kb used=2430Kb max_used=2462Kb free=3329Kb
 bounds [0x000001a8dd5e0000, 0x000001a8dd860000, 0x000001a8ddb80000]
 total_blobs=16120 nmethods=11029 adapters=831
 compilation: enabled
              stopped_count=0, restarted_count=0
 full_count=0

Compilation events (20 events):
Event: 30.592 Thread 0x000001a8f4097800 12697       4       com.android.tools.r8.B.a.a.f::f (45 bytes)
Event: 30.617 Thread 0x000001a8f49b8800 12772   !   3       java.lang.invoke.LambdaForm::compileToBytecode (164 bytes)
Event: 30.626 Thread 0x000001a8f49b8800 nmethod 12772 0x000001a8ddd44910 code [0x000001a8ddd44cc0, 0x000001a8ddd46440]
Event: 30.626 Thread 0x000001a8f49b8800 12773       3       java.lang.invoke.SimpleMethodHandle::copyWithExtendL (7 bytes)
Event: 30.627 Thread 0x000001a8f49b8800 nmethod 12773 0x000001a8ddbe4890 code [0x000001a8ddbe4a60, 0x000001a8ddbe4e10]
Event: 30.631 Thread 0x000001a8f49b8800 12775   !   3       com.android.tools.r8.graph.e0::toString (17 bytes)
Event: 30.631 Thread 0x000001a8f49b8800 nmethod 12775 0x000001a8de218410 code [0x000001a8de218620, 0x000001a8de218bc0]
Event: 30.632 Thread 0x000001a8f49b8800 12776       3       com.android.tools.r8.dex.c::b (9 bytes)
Event: 30.632 Thread 0x000001a8f49b8800 nmethod 12776 0x000001a8de2c6410 code [0x000001a8de2c65c0, 0x000001a8de2c6870]
Event: 30.632 Thread 0x000001a8f49b8800 12777       3       com.android.tools.r8.dex.j::c (10 bytes)
Event: 30.632 Thread 0x000001a8f49b8800 nmethod 12777 0x000001a8de26e390 code [0x000001a8de26e540, 0x000001a8de26e790]
Event: 30.633 Thread 0x000001a8f49b8800 12778       3       com.android.tools.r8.dex.c::a (8 bytes)
Event: 30.633 Thread 0x000001a8f49b8800 nmethod 12778 0x000001a8de2edb10 code [0x000001a8de2edcc0, 0x000001a8de2edfb0]
Event: 30.633 Thread 0x000001a8f49b8800 12779       3       com.android.tools.r8.utils.m0::b (75 bytes)
Event: 30.634 Thread 0x000001a8f49b8800 nmethod 12779 0x000001a8ddf6e990 code [0x000001a8ddf6eb60, 0x000001a8ddf6eff0]
Event: 30.634 Thread 0x000001a8f49b8800 12780       3       com.android.tools.r8.graph.W::a (44 bytes)
Event: 30.634 Thread 0x000001a8f4097800 nmethod 12697 0x000001a8e53d2190 code [0x000001a8e53d2360, 0x000001a8e53d31d8]
Event: 30.634 Thread 0x000001a8f49b8800 nmethod 12780 0x000001a8de229710 code [0x000001a8de229900, 0x000001a8de229e90]
Event: 30.634 Thread 0x000001a8f4097800 12783       4       com.android.tools.r8.graph.r0::<init> (10 bytes)
Event: 30.634 Thread 0x000001a8f49b8800 12781       3       com.android.tools.r8.graph.e0::<init> (15 bytes)

GC Heap History (20 events):
Event: 12.571 GC heap before
{Heap before GC invocations=26 (full 0):
 garbage-first heap   total 155648K, used 118028K [0x0000000080000000, 0x0000000100000000)
  region size 1024K, 43 young (44032K), 3 survivors (3072K)
 Metaspace       used 66363K, capacity 68365K, committed 68508K, reserved 1107968K
  class space    used 8938K, capacity 9645K, committed 9676K, reserved 1048576K
}
Event: 12.578 GC heap after
{Heap after GC invocations=27 (full 0):
 garbage-first heap   total 155648K, used 80030K [0x0000000080000000, 0x0000000100000000)
  region size 1024K, 5 young (5120K), 5 survivors (5120K)
 Metaspace       used 66363K, capacity 68365K, committed 68508K, reserved 1107968K
  class space    used 8938K, capacity 9645K, committed 9676K, reserved 1048576K
}
Event: 13.233 GC heap before
{Heap before GC invocations=28 (full 0):
 garbage-first heap   total 155648K, used 120990K [0x0000000080000000, 0x0000000100000000)
  region size 1024K, 46 young (47104K), 5 survivors (5120K)
 Metaspace       used 69640K, capacity 71431K, committed 72348K, reserved 1112064K
  class space    used 9271K, capacity 9859K, committed 10188K, reserved 1048576K
}
Event: 13.240 GC heap after
{Heap after GC invocations=29 (full 0):
 garbage-first heap   total 187392K, used 81144K [0x0000000080000000, 0x0000000100000000)
  region size 1024K, 4 young (4096K), 4 survivors (4096K)
 Metaspace       used 69640K, capacity 71431K, committed 72348K, reserved 1112064K
  class space    used 9271K, capacity 9859K, committed 10188K, reserved 1048576K
}
Event: 25.275 GC heap before
{Heap before GC invocations=29 (full 0):
 garbage-first heap   total 187392K, used 134392K [0x0000000080000000, 0x0000000100000000)
  region size 1024K, 57 young (58368K), 4 survivors (4096K)
 Metaspace       used 74895K, capacity 76856K, committed 77340K, reserved 1116160K
  class space    used 9708K, capacity 10330K, committed 10572K, reserved 1048576K
}
Event: 25.291 GC heap after
{Heap after GC invocations=30 (full 0):
 garbage-first heap   total 187392K, used 85730K [0x0000000080000000, 0x0000000100000000)
  region size 1024K, 8 young (8192K), 8 survivors (8192K)
 Metaspace       used 74895K, capacity 76856K, committed 77340K, reserved 1116160K
  class space    used 9708K, capacity 10330K, committed 10572K, reserved 1048576K
}
Event: 26.099 GC heap before
{Heap before GC invocations=30 (full 0):
 garbage-first heap   total 187392K, used 138978K [0x0000000080000000, 0x0000000100000000)
  region size 1024K, 61 young (62464K), 8 survivors (8192K)
 Metaspace       used 75356K, capacity 77264K, committed 77596K, reserved 1116160K
  class space    used 9711K, capacity 10335K, committed 10572K, reserved 1048576K
}
Event: 26.127 GC heap after
{Heap after GC invocations=31 (full 0):
 garbage-first heap   total 187392K, used 91198K [0x0000000080000000, 0x0000000100000000)
  region size 1024K, 6 young (6144K), 6 survivors (6144K)
 Metaspace       used 75356K, capacity 77264K, committed 77596K, reserved 1116160K
  class space    used 9711K, capacity 10335K, committed 10572K, reserved 1048576K
}
Event: 28.287 GC heap before
{Heap before GC invocations=31 (full 0):
 garbage-first heap   total 187392K, used 142398K [0x0000000080000000, 0x0000000100000000)
  region size 1024K, 57 young (58368K), 6 survivors (6144K)
 Metaspace       used 76398K, capacity 78362K, committed 78620K, reserved 1118208K
  class space    used 9800K, capacity 10443K, committed 10572K, reserved 1048576K
}
Event: 28.304 GC heap after
{Heap after GC invocations=32 (full 0):
 garbage-first heap   total 187392K, used 94269K [0x0000000080000000, 0x0000000100000000)
  region size 1024K, 4 young (4096K), 4 survivors (4096K)
 Metaspace       used 76398K, capacity 78362K, committed 78620K, reserved 1118208K
  class space    used 9800K, capacity 10443K, committed 10572K, reserved 1048576K
}
Event: 29.012 GC heap before
{Heap before GC invocations=33 (full 0):
 garbage-first heap   total 187392K, used 145469K [0x0000000080000000, 0x0000000100000000)
  region size 1024K, 55 young (56320K), 4 survivors (4096K)
 Metaspace       used 78795K, capacity 80788K, committed 81052K, reserved 1120256K
  class space    used 10106K, capacity 10781K, committed 10956K, reserved 1048576K
}
Event: 29.017 GC heap after
{Heap after GC invocations=34 (full 0):
 garbage-first heap   total 187392K, used 95743K [0x0000000080000000, 0x0000000100000000)
  region size 1024K, 5 young (5120K), 5 survivors (5120K)
 Metaspace       used 78795K, capacity 80788K, committed 81052K, reserved 1120256K
  class space    used 10106K, capacity 10781K, committed 10956K, reserved 1048576K
}
Event: 29.104 GC heap before
{Heap before GC invocations=34 (full 0):
 garbage-first heap   total 187392K, used 98815K [0x0000000080000000, 0x0000000100000000)
  region size 1024K, 9 young (9216K), 5 survivors (5120K)
 Metaspace       used 78839K, capacity 80793K, committed 81052K, reserved 1120256K
  class space    used 10109K, capacity 10783K, committed 10956K, reserved 1048576K
}
Event: 29.140 GC heap after
{Heap after GC invocations=35 (full 0):
 garbage-first heap   total 187392K, used 88212K [0x0000000080000000, 0x0000000100000000)
  region size 1024K, 1 young (1024K), 1 survivors (1024K)
 Metaspace       used 78839K, capacity 80793K, committed 81052K, reserved 1120256K
  class space    used 10109K, capacity 10783K, committed 10956K, reserved 1048576K
}
Event: 29.955 GC heap before
{Heap before GC invocations=35 (full 0):
 garbage-first heap   total 187392K, used 127124K [0x0000000080000000, 0x0000000100000000)
  region size 1024K, 41 young (41984K), 1 survivors (1024K)
 Metaspace       used 80161K, capacity 82210K, committed 82460K, reserved 1120256K
  class space    used 10286K, capacity 10989K, committed 11084K, reserved 1048576K
}
Event: 29.962 GC heap after
{Heap after GC invocations=36 (full 0):
 garbage-first heap   total 187392K, used 89888K [0x0000000080000000, 0x0000000100000000)
  region size 1024K, 3 young (3072K), 3 survivors (3072K)
 Metaspace       used 80161K, capacity 82210K, committed 82460K, reserved 1120256K
  class space    used 10286K, capacity 10989K, committed 11084K, reserved 1048576K
}
Event: 30.250 GC heap before
{Heap before GC invocations=37 (full 0):
 garbage-first heap   total 187392K, used 127776K [0x0000000080000000, 0x0000000100000000)
  region size 1024K, 31 young (31744K), 3 survivors (3072K)
 Metaspace       used 82560K, capacity 84731K, committed 84892K, reserved 1122304K
  class space    used 10641K, capacity 11377K, committed 11468K, reserved 1048576K
}
Event: 30.261 GC heap after
{Heap after GC invocations=38 (full 0):
 garbage-first heap   total 187392K, used 105948K [0x0000000080000000, 0x0000000100000000)
  region size 1024K, 8 young (8192K), 8 survivors (8192K)
 Metaspace       used 82560K, capacity 84731K, committed 84892K, reserved 1122304K
  class space    used 10641K, capacity 11377K, committed 11468K, reserved 1048576K
}
Event: 30.467 GC heap before
{Heap before GC invocations=39 (full 0):
 garbage-first heap   total 215040K, used 135644K [0x0000000080000000, 0x0000000100000000)
  region size 1024K, 29 young (29696K), 8 survivors (8192K)
 Metaspace       used 83415K, capacity 85592K, committed 85788K, reserved 1124352K
  class space    used 10755K, capacity 11493K, committed 11596K, reserved 1048576K
}
Event: 30.497 GC heap after
{Heap after GC invocations=40 (full 0):
 garbage-first heap   total 215040K, used 118407K [0x0000000080000000, 0x0000000100000000)
  region size 1024K, 7 young (7168K), 7 survivors (7168K)
 Metaspace       used 83415K, capacity 85592K, committed 85788K, reserved 1124352K
  class space    used 10755K, capacity 11493K, committed 11596K, reserved 1048576K
}

Deoptimization events (20 events):
Event: 30.536 Thread 0x000001a8f8f39000 DEOPT PACKING pc=0x000001a8de285102 sp=0x000000839aafda30
Event: 30.537 Thread 0x000001a8f8f39000 DEOPT UNPACKING pc=0x000001a8dd62964e sp=0x000000839aafcf70 mode 0
Event: 30.540 Thread 0x000001a8f8f36800 Uncommon trap: trap_request=0xffffff45 fr.pc=0x000001a8e515a21c relative=0x000000000000095c
Event: 30.540 Thread 0x000001a8f8f36800 Uncommon trap: reason=unstable_if action=reinterpret pc=0x000001a8e515a21c method=com.android.tools.r8.B.a.a.f.a(II[C)Ljava/lang/String; @ 59 c2
Event: 30.540 Thread 0x000001a8f8f36800 DEOPT PACKING pc=0x000001a8e515a21c sp=0x000000839a6fd4b0
Event: 30.540 Thread 0x000001a8f8f36800 DEOPT UNPACKING pc=0x000001a8dd62912f sp=0x000000839a6fd468 mode 2
Event: 30.540 Thread 0x000001a8f8f36800 Uncommon trap: trap_request=0xffffff45 fr.pc=0x000001a8e515b360 relative=0x0000000000000a20
Event: 30.540 Thread 0x000001a8f8f36800 Uncommon trap: reason=unstable_if action=reinterpret pc=0x000001a8e515b360 method=com.android.tools.r8.graph.e0.a(C)I @ 16 c2
Event: 30.540 Thread 0x000001a8f8f36800 DEOPT PACKING pc=0x000001a8e515b360 sp=0x000000839a6fd4a0
Event: 30.540 Thread 0x000001a8f8f36800 DEOPT UNPACKING pc=0x000001a8dd62912f sp=0x000000839a6fd3e0 mode 2
Event: 30.548 Thread 0x000001a8f8f2f000 DEOPT PACKING pc=0x000001a8df42387e sp=0x000000839a2fd150
Event: 30.548 Thread 0x000001a8f8f2f000 DEOPT UNPACKING pc=0x000001a8dd62964e sp=0x000000839a2fc6e8 mode 0
Event: 30.569 Thread 0x000001a8f8f34800 DEOPT PACKING pc=0x000001a8de2309ad sp=0x000000839a1fd440
Event: 30.569 Thread 0x000001a8f8f34800 DEOPT UNPACKING pc=0x000001a8dd62964e sp=0x000000839a1fc928 mode 0
Event: 30.571 Thread 0x000001a8f8f34800 DEOPT PACKING pc=0x000001a8de2309ad sp=0x000000839a1fd440
Event: 30.571 Thread 0x000001a8f8f34800 DEOPT UNPACKING pc=0x000001a8dd62964e sp=0x000000839a1fc928 mode 0
Event: 30.573 Thread 0x000001a8f8f34800 DEOPT PACKING pc=0x000001a8de2309ad sp=0x000000839a1fd440
Event: 30.573 Thread 0x000001a8f8f34800 DEOPT UNPACKING pc=0x000001a8dd62964e sp=0x000000839a1fc928 mode 0
Event: 30.631 Thread 0x000001a8f8f36800 DEOPT PACKING pc=0x000001a8de3a45b9 sp=0x000000839a6fdac0
Event: 30.631 Thread 0x000001a8f8f36800 DEOPT UNPACKING pc=0x000001a8dd62964e sp=0x000000839a6fcfe8 mode 0

Classes unloaded (20 events):
Event: 12.676 Thread 0x000001a8f404f800 Unloading class 0x000000080141d040 'org/gradle/api/internal/artifacts/transform/TransformationStep$$Lambda$560'
Event: 12.676 Thread 0x000001a8f404f800 Unloading class 0x000000080141cc40 'org/gradle/api/internal/artifacts/transform/TransformationStep$$Lambda$551'
Event: 12.676 Thread 0x000001a8f404f800 Unloading class 0x000000080141c840 'org/gradle/api/internal/artifacts/transform/TransformationStep$$Lambda$559'
Event: 12.676 Thread 0x000001a8f404f800 Unloading class 0x000000080141c440 'org/gradle/api/internal/artifacts/transform/TransformationStep$$Lambda$558'
Event: 12.676 Thread 0x000001a8f404f800 Unloading class 0x000000080141c040 'org/gradle/api/internal/artifacts/transform/TransformationStep$$Lambda$557'
Event: 12.676 Thread 0x000001a8f404f800 Unloading class 0x000000080141b840 'org/gradle/api/internal/artifacts/transform/TransformationStep$$Lambda$555'
Event: 12.676 Thread 0x000001a8f404f800 Unloading class 0x000000080141b440 'org/gradle/api/internal/artifacts/transform/TransformationStep$$Lambda$554'
Event: 12.676 Thread 0x000001a8f404f800 Unloading class 0x000000080141b040 'org/gradle/api/internal/artifacts/transform/TransformationStep$$Lambda$553'
Event: 12.676 Thread 0x000001a8f404f800 Unloading class 0x000000080141a840 'org/gradle/api/internal/artifacts/transform/TransformationStep$$Lambda$550'
Event: 12.676 Thread 0x000001a8f404f800 Unloading class 0x000000080141a440 'org/gradle/api/internal/artifacts/transform/TransformationStep$$Lambda$549'
Event: 12.676 Thread 0x000001a8f404f800 Unloading class 0x0000000801419840 'org/gradle/execution/plan/DefaultPlanExecutor$ExecutorWorker$$Lambda$546'
Event: 12.676 Thread 0x000001a8f404f800 Unloading class 0x0000000801419440 'org/gradle/execution/plan/DefaultPlanExecutor$ExecutorWorker$$Lambda$545'
Event: 12.676 Thread 0x000001a8f404f800 Unloading class 0x0000000801419040 'org/gradle/execution/plan/DefaultPlanExecutor$ExecutorWorker$$Lambda$541'
Event: 12.676 Thread 0x000001a8f404f800 Unloading class 0x0000000801418c40 'org/gradle/execution/plan/DefaultPlanExecutor$ExecutorWorker$$Lambda$544'
Event: 12.676 Thread 0x000001a8f404f800 Unloading class 0x0000000801418840 'org/gradle/execution/plan/DefaultPlanExecutor$ExecutorWorker$$Lambda$542'
Event: 12.676 Thread 0x000001a8f404f800 Unloading class 0x0000000801418440 'org/gradle/execution/plan/DefaultPlanExecutor$ExecutorWorker$$Lambda$543'
Event: 12.676 Thread 0x000001a8f404f800 Unloading class 0x0000000801418040 'org/gradle/execution/plan/DefaultPlanExecutor$ExecutorWorker$$Lambda$539'
Event: 12.676 Thread 0x000001a8f404f800 Unloading class 0x00000008013f2040 'org/gradle/execution/plan/DefaultPlanExecutor$ExecutorWorker$$Lambda$538'
Event: 12.676 Thread 0x000001a8f404f800 Unloading class 0x00000008013f2c40 'org/gradle/execution/plan/DefaultPlanExecutor$ExecutorWorker$$Lambda$536'
Event: 12.676 Thread 0x000001a8f404f800 Unloading class 0x00000008013f3440 'org/gradle/execution/plan/DefaultPlanExecutor$ExecutorWorker$$Lambda$535'

Classes redefined (0 events):
No events

Internal exceptions (20 events):
Event: 29.079 Thread 0x000001a8f6233000 Exception <a 'sun/nio/fs/WindowsException'{0x000000008b4d4eb8}> (0x000000008b4d4eb8) 
thrown [t:/workspace/open/src/hotspot/share/prims/jni.cpp, line 598]
Event: 29.145 Thread 0x000001a8f6233000 Exception <a 'sun/nio/fs/WindowsException'{0x000000008b6324c0}> (0x000000008b6324c0) 
thrown [t:/workspace/open/src/hotspot/share/prims/jni.cpp, line 598]
Event: 29.145 Thread 0x000001a8f6233000 Exception <a 'sun/nio/fs/WindowsException'{0x000000008b6335a0}> (0x000000008b6335a0) 
thrown [t:/workspace/open/src/hotspot/share/prims/jni.cpp, line 598]
Event: 29.146 Thread 0x000001a8f6233000 Exception <a 'sun/nio/fs/WindowsException'{0x000000008b634700}> (0x000000008b634700) 
thrown [t:/workspace/open/src/hotspot/share/prims/jni.cpp, line 598]
Event: 29.290 Thread 0x000001a8f8f2c800 Exception <a 'sun/nio/fs/WindowsException'{0x000000008a8fa1b8}> (0x000000008a8fa1b8) 
thrown [t:/workspace/open/src/hotspot/share/prims/jni.cpp, line 598]
Event: 29.290 Thread 0x000001a8f8f2c800 Exception <a 'sun/nio/fs/WindowsException'{0x000000008a8fb050}> (0x000000008a8fb050) 
thrown [t:/workspace/open/src/hotspot/share/prims/jni.cpp, line 598]
Event: 29.300 Thread 0x000001a8f8f2c800 Exception <a 'java/lang/NoSuchMethodError'{0x000000008a738a58}: static Lcom/android/build/gradle/internal/tasks/MergeJavaResRunnable$Params;.<clinit>()V> (0x000000008a738a58) 
thrown [t:/workspace/open/src/hotspot/share/prims/jni.cpp, line 1347]
Event: 29.304 Thread 0x000001a8f8f2c800 Exception <a 'java/lang/NoSuchMethodError'{0x000000008a75dd98}: static Lcom/android/build/gradle/internal/packaging/SerializablePackagingOptions;.<clinit>()V> (0x000000008a75dd98) 
thrown [t:/workspace/open/src/hotspot/share/prims/jni.cpp, line 1347]
Event: 29.348 Thread 0x000001a8f8f2f000 Exception <a 'sun/nio/fs/WindowsException'{0x000000008a654a30}> (0x000000008a654a30) 
thrown [t:/workspace/open/src/hotspot/share/prims/jni.cpp, line 598]
Event: 29.860 Thread 0x000001a8f8f30000 Exception <a 'java/lang/NoSuchMethodError'{0x00000000893449d8}: static Lcom/android/build/gradle/internal/tasks/DexMergingParams;.<clinit>()V> (0x00000000893449d8) 
thrown [t:/workspace/open/src/hotspot/share/prims/jni.cpp, line 1347]
Event: 30.032 Thread 0x000001a8f6233000 Exception <a 'java/lang/NoSuchMethodError'{0x000000008b3fc968}: static Lcom/android/build/gradle/internal/tasks/DexArchiveBuilderTaskDelegate$ClasspathServiceKey;.<clinit>()V> (0x000000008b3fc968) 
thrown [t:/workspace/open/src/hotspot/share/prims/jni.cpp, line 1347]
Event: 30.075 Thread 0x000001a8f8f31800 Exception <a 'sun/nio/fs/WindowsException'{0x000000008adfb598}> (0x000000008adfb598) 
thrown [t:/workspace/open/src/hotspot/share/prims/jni.cpp, line 598]
Event: 30.079 Thread 0x000001a8f8f38000 Exception <a 'sun/nio/fs/WindowsException'{0x000000008aec0b30}> (0x000000008aec0b30) 
thrown [t:/workspace/open/src/hotspot/share/prims/jni.cpp, line 598]
Event: 30.108 Thread 0x000001a8f8f36800 Exception <a 'sun/nio/fs/WindowsException'{0x000000008a8366a8}> (0x000000008a8366a8) 
thrown [t:/workspace/open/src/hotspot/share/prims/jni.cpp, line 598]
Event: 30.210 Thread 0x000001a8f8f34800 Exception <a 'sun/nio/fs/WindowsException'{0x000000008a0cb568}> (0x000000008a0cb568) 
thrown [t:/workspace/open/src/hotspot/share/prims/jni.cpp, line 598]
Event: 30.232 Thread 0x000001a8f8f31800 Exception <a 'java/lang/NoSuchMethodError'{0x0000000089e8cb90}: 'java.lang.Object java.lang.invoke.DirectMethodHandle$Holder.invokeStatic(java.lang.Object, java.lang.Object, java.lang.Object, java.lang.Object, java.lang.Object, java.lang.Object, java.lang.Object, java.lang.Object, java.lang.Object, java.lang.Object, java.lang.Object, java.lang.Object, java.lang.Object, java.lang.Object, java.lang.Object, java.lang.Object, java.lang.Object, int, java.lang.Object)'> (0x0000000089e8cb90) 
thrown [t:/workspace
Event: 30.232 Thread 0x000001a8f8f31800 Exception <a 'java/lang/NoSuchMethodError'{0x0000000089e915a8}: 'java.lang.Object java.lang.invoke.DirectMethodHandle$Holder.invokeStaticInit(java.lang.Object, java.lang.Object, java.lang.Object, java.lang.Object, java.lang.Object, java.lang.Object, java.lang.Object, java.lang.Object, java.lang.Object, java.lang.Object, java.lang.Object, java.lang.Object, java.lang.Object, java.lang.Object, java.lang.Object, java.lang.Object, java.lang.Object, int, java.lang.Object)'> (0x0000000089e915a8) 
thrown [t:/works
Event: 30.617 Thread 0x000001a8f8fae800 Exception <a 'java/lang/NoSuchMethodError'{0x000000008bfe4578}: 'void java.lang.invoke.DirectMethodHandle$Holder.invokeStaticInit(java.lang.Object, java.lang.Object, java.lang.Object, java.lang.Object)'> (0x000000008bfe4578) 
thrown [t:/workspace/open/src/hotspot/share/interpreter/linkResolver.cpp, line 767]
Event: 30.623 Thread 0x000001a8f8f39000 Exception <a 'java/lang/NoSuchMethodError'{0x000000008bfb7020}: 'void java.lang.invoke.DirectMethodHandle$Holder.invokeStaticInit(java.lang.Object, java.lang.Object, java.lang.Object, java.lang.Object)'> (0x000000008bfb7020) 
thrown [t:/workspace/open/src/hotspot/share/interpreter/linkResolver.cpp, line 767]
Event: 30.623 Thread 0x000001a8f8f36800 Exception <a 'java/lang/NoSuchMethodError'{0x000000008bf3d0c0}: 'void java.lang.invoke.DirectMethodHandle$Holder.invokeStaticInit(java.lang.Object, java.lang.Object, java.lang.Object, java.lang.Object)'> (0x000000008bf3d0c0) 
thrown [t:/workspace/open/src/hotspot/share/interpreter/linkResolver.cpp, line 767]

Events (20 events):
Event: 30.630 loading class com/android/tools/r8/u/c/b$h
Event: 30.630 loading class com/android/tools/r8/u/c/b$h done
Event: 30.630 loading class com/android/tools/r8/u/c/b$h
Event: 30.630 loading class com/android/tools/r8/u/c/b$h done
Event: 30.630 loading class com/android/tools/r8/utils/g0
Event: 30.630 loading class com/android/tools/r8/utils/g0 done
Event: 30.630 loading class com/android/tools/r8/utils/g0
Event: 30.630 loading class com/android/tools/r8/utils/g0 done
Event: 30.630 loading class com/android/tools/r8/s/a/b/l/d$c
Event: 30.630 loading class java/util/Collections$CopiesList
Event: 30.630 loading class com/android/tools/r8/s/a/b/l/d$c done
Event: 30.631 loading class com/android/tools/r8/dex/n
Event: 30.631 loading class com/android/tools/r8/dex/n done
Event: 30.631 loading class com/android/tools/r8/graph/g0
Event: 30.631 loading class com/android/tools/r8/graph/g0 done
Event: 30.631 loading class com/android/tools/r8/graph/g0
Event: 30.631 loading class com/android/tools/r8/graph/g0 done
Event: 30.632 loading class com/android/tools/r8/graph/B
Event: 30.632 loading class com/android/tools/r8/graph/B done
Event: 30.634 Executing VM operation: G1Concurrent


Dynamic libraries:
0x00007ff7e6160000 - 0x00007ff7e616f000 	C:\Program Files\Java\jdk-13.0.2\bin\java.exe
0x00007fffc2f00000 - 0x00007fffc30f0000 	C:\WINDOWS\SYSTEM32\ntdll.dll
0x00007fffb81d0000 - 0x00007fffb81e2000 	C:\Program Files\AVAST Software\Avast\aswhook.dll
0x00007fffc2c10000 - 0x00007fffc2cc2000 	C:\WINDOWS\System32\KERNEL32.DLL
0x00007fffc0380000 - 0x00007fffc0625000 	C:\WINDOWS\System32\KERNELBASE.dll
0x00007fffc06e0000 - 0x00007fffc07da000 	C:\WINDOWS\System32\ucrtbase.dll
0x00007fffb0c30000 - 0x00007fffb0c48000 	C:\Program Files\Java\jdk-13.0.2\bin\jli.dll
0x00007fffc2780000 - 0x00007fffc2823000 	C:\WINDOWS\System32\ADVAPI32.dll
0x00007fffc2520000 - 0x00007fffc25be000 	C:\WINDOWS\System32\msvcrt.dll
0x00007fffc26e0000 - 0x00007fffc2777000 	C:\WINDOWS\System32\sechost.dll
0x00007fffc2af0000 - 0x00007fffc2c10000 	C:\WINDOWS\System32\RPCRT4.dll
0x00007fffc28f0000 - 0x00007fffc2a85000 	C:\WINDOWS\System32\USER32.dll
0x00007fffc0f60000 - 0x00007fffc0f81000 	C:\WINDOWS\System32\win32u.dll
0x00007fffc2e90000 - 0x00007fffc2eb6000 	C:\WINDOWS\System32\GDI32.dll
0x00007fffc01e0000 - 0x00007fffc0376000 	C:\WINDOWS\System32\gdi32full.dll
0x00007fffbfee0000 - 0x00007fffbff7e000 	C:\WINDOWS\System32\msvcp_win.dll
0x00007fffac1f0000 - 0x00007fffac205000 	C:\Program Files\Java\jdk-13.0.2\bin\VCRUNTIME140.dll
0x00007fffa9e30000 - 0x00007fffaa0b4000 	C:\WINDOWS\WinSxS\amd64_microsoft.windows.common-controls_6595b64144ccf1df_6.0.18362.1082_none_9e8193e1e45b25c1\COMCTL32.dll
0x00007fffc1a50000 - 0x00007fffc1d85000 	C:\WINDOWS\System32\combase.dll
0x00007fffc0660000 - 0x00007fffc06e0000 	C:\WINDOWS\System32\bcryptPrimitives.dll
0x00007fffbede0000 - 0x00007fffbedea000 	C:\WINDOWS\SYSTEM32\VERSION.dll
0x00007fffc2630000 - 0x00007fffc265e000 	C:\WINDOWS\System32\IMM32.DLL
0x00007fffa7410000 - 0x00007fffa74ab000 	C:\Program Files\Java\jdk-13.0.2\bin\msvcp140.dll
0x00007fff32640000 - 0x00007fff3319d000 	C:\Program Files\Java\jdk-13.0.2\bin\server\jvm.dll
0x00007fffc0fb0000 - 0x00007fffc0fb8000 	C:\WINDOWS\System32\PSAPI.DLL
0x00007fffa7b40000 - 0x00007fffa7b49000 	C:\WINDOWS\SYSTEM32\WSOCK32.dll
0x00007fffc25c0000 - 0x00007fffc262f000 	C:\WINDOWS\System32\WS2_32.dll
0x00007fffb84b0000 - 0x00007fffb84d4000 	C:\WINDOWS\SYSTEM32\WINMM.dll
0x00007fffb8480000 - 0x00007fffb84ad000 	C:\WINDOWS\SYSTEM32\WINMMBASE.dll
0x00007fffbfe90000 - 0x00007fffbfeda000 	C:\WINDOWS\System32\cfgmgr32.dll
0x00007fffbfdf0000 - 0x00007fffbfe01000 	C:\WINDOWS\System32\kernel.appcore.dll
0x00007fffb5620000 - 0x00007fffb5630000 	C:\Program Files\Java\jdk-13.0.2\bin\verify.dll
0x00007fffbe580000 - 0x00007fffbe774000 	C:\WINDOWS\SYSTEM32\DBGHELP.DLL
0x00007fffb2ad0000 - 0x00007fffb2afa000 	C:\WINDOWS\SYSTEM32\dbgcore.DLL
0x00007fffaad40000 - 0x00007fffaad66000 	C:\Program Files\Java\jdk-13.0.2\bin\java.dll
0x00007fffa8440000 - 0x00007fffa8457000 	C:\Program Files\Java\jdk-13.0.2\bin\zip.dll
0x00007fffad1a0000 - 0x00007fffad1aa000 	C:\Program Files\Java\jdk-13.0.2\bin\jimage.dll
0x00007fffc1090000 - 0x00007fffc1777000 	C:\WINDOWS\System32\SHELL32.dll
0x00007fffc2830000 - 0x00007fffc28d9000 	C:\WINDOWS\System32\shcore.dll
0x00007fffc07e0000 - 0x00007fffc0f60000 	C:\WINDOWS\System32\windows.storage.dll
0x00007fffbfe60000 - 0x00007fffbfe83000 	C:\WINDOWS\System32\profapi.dll
0x00007fffbfe10000 - 0x00007fffbfe5a000 	C:\WINDOWS\System32\powrprof.dll
0x00007fffbfdc0000 - 0x00007fffbfdd0000 	C:\WINDOWS\System32\UMPDC.dll
0x00007fffc2a90000 - 0x00007fffc2ae2000 	C:\WINDOWS\System32\shlwapi.dll
0x00007fffc0f90000 - 0x00007fffc0fa7000 	C:\WINDOWS\System32\cryptsp.dll
0x00007fffa83b0000 - 0x00007fffa83c9000 	C:\Program Files\Java\jdk-13.0.2\bin\net.dll
0x00007fffab2d0000 - 0x00007fffab3c0000 	C:\WINDOWS\SYSTEM32\WINHTTP.dll
0x00007fffbf610000 - 0x00007fffbf677000 	C:\WINDOWS\system32\mswsock.dll
0x00007fffa73f0000 - 0x00007fffa7403000 	C:\Program Files\Java\jdk-13.0.2\bin\nio.dll
0x00007fffada50000 - 0x00007fffada76000 	C:\Users\User\.gradle\native\31\windows-amd64\native-platform.dll
0x00007fffaab80000 - 0x00007fffaab89000 	C:\Program Files\Java\jdk-13.0.2\bin\management.dll
0x00007fffaaa40000 - 0x00007fffaaa4b000 	C:\Program Files\Java\jdk-13.0.2\bin\management_ext.dll
0x00007fffbf180000 - 0x00007fffbf1b3000 	C:\WINDOWS\system32\rsaenh.dll
0x00007fffc0630000 - 0x00007fffc0656000 	C:\WINDOWS\System32\bcrypt.dll
0x00007fffbfce0000 - 0x00007fffbfd05000 	C:\WINDOWS\SYSTEM32\USERENV.dll
0x00007fffbf7e0000 - 0x00007fffbf7ec000 	C:\WINDOWS\SYSTEM32\CRYPTBASE.dll
0x00007fffbf320000 - 0x00007fffbf35a000 	C:\WINDOWS\SYSTEM32\IPHLPAPI.DLL
0x00007fffc2e80000 - 0x00007fffc2e88000 	C:\WINDOWS\System32\NSI.dll
0x00007fffb81f0000 - 0x00007fffb8206000 	C:\WINDOWS\SYSTEM32\dhcpcsvc6.DLL
0x00007fffb81a0000 - 0x00007fffb81bc000 	C:\WINDOWS\SYSTEM32\dhcpcsvc.DLL
0x00007fffbf360000 - 0x00007fffbf42b000 	C:\WINDOWS\SYSTEM32\DNSAPI.dll

dbghelp: loaded successfully - version: 4.0.5 - missing functions: none
symbol engine: initialized successfully - sym options: 0x614 - pdb path: .;C:\Program Files\Java\jdk-13.0.2\bin;C:\WINDOWS\SYSTEM32;C:\Program Files\AVAST Software\Avast;C:\WINDOWS\WinSxS\amd64_microsoft.windows.common-controls_6595b64144ccf1df_6.0.18362.1082_none_9e8193e1e45b25c1;C:\Program Files\Java\jdk-13.0.2\bin\server;C:\Users\User\.gradle\native\31\windows-amd64

VM Arguments:
jvm_args: --add-opens=java.base/java.util=ALL-UNNAMED --add-opens=java.base/java.lang=ALL-UNNAMED --add-opens=java.base/java.lang.invoke=ALL-UNNAMED --add-opens=java.prefs/java.util.prefs=ALL-UNNAMED -Xmx2048m -Dfile.encoding=windows-1251 -Duser.country=RU -Duser.language=ru -Duser.variant 
java_command: org.gradle.launcher.daemon.bootstrap.GradleDaemon 6.1.1
java_class_path (initial): C:\Users\User\.gradle\wrapper\dists\gradle-6.1.1-all\cfmwm155h49vnt3hynmlrsdst\gradle-6.1.1\lib\gradle-launcher-6.1.1.jar
Launcher Type: SUN_STANDARD

[Global flags]
     intx CICompilerCount                          = 4                                         {product} {ergonomic}
     uint ConcGCThreads                            = 2                                         {product} {ergonomic}
     uint G1ConcRefinementThreads                  = 8                                         {product} {ergonomic}
   size_t G1HeapRegionSize                         = 1048576                                   {product} {ergonomic}
    uintx GCDrainStackTargetSize                   = 64                                        {product} {ergonomic}
   size_t InitialHeapSize                          = 134217728                                 {product} {ergonomic}
   size_t MarkStackSize                            = 4194304                                   {product} {ergonomic}
   size_t MaxHeapSize                              = 2147483648                                {product} {command line}
   size_t MaxNewSize                               = 1287651328                                {product} {ergonomic}
   size_t MinHeapDeltaBytes                        = 1048576                                   {product} {ergonomic}
   size_t MinHeapSize                              = 8388608                                   {product} {ergonomic}
    uintx NonNMethodCodeHeapSize                   = 5839372                                {pd product} {ergonomic}
    uintx NonProfiledCodeHeapSize                  = 122909434                              {pd product} {ergonomic}
    uintx ProfiledCodeHeapSize                     = 122909434                              {pd product} {ergonomic}
    uintx ReservedCodeCacheSize                    = 251658240                              {pd product} {ergonomic}
     bool SegmentedCodeCache                       = true                                      {product} {ergonomic}
   size_t SoftMaxHeapSize                          = 2147483648                             {manageable} {ergonomic}
     bool UseCompressedClassPointers               = true                                 {lp64_product} {ergonomic}
     bool UseCompressedOops                        = true                                 {lp64_product} {ergonomic}
     bool UseG1GC                                  = true                                      {product} {ergonomic}
     bool UseLargePagesIndividualAllocation        = false                                  {pd product} {ergonomic}

Logging:
Log output configuration:
 #0: stdout all=warning uptime,level,tags
 #1: stderr all=off uptime,level,tags

Environment Variables:
JAVA_HOME=C:\Program Files\Java\jdk-13.0.2\
PATH=C:\Program Files\Intel\WiFi\bin\;C:\Program Files\Common Files\Intel\WirelessCommon\;C:\WINDOWS\system32;C:\WINDOWS;C:\WINDOWS\System32\Wbem;C:\WINDOWS\System32\WindowsPowerShell\v1.0\;C:\WINDOWS\System32\OpenSSH\;C:\Program Files\Java\jdk-13.0.2\bin;E:\Olya\Programming\Programms\Git\Git\cmd;C:\Users\User\AppData\Local\Microsoft\WindowsApps;C:\Program Files\JetBrains\IntelliJ IDEA Community Edition 2019.3.4\bin;;
USERNAME=User
OS=Windows_NT
PROCESSOR_IDENTIFIER=Intel64 Family 6 Model 142 Stepping 10, GenuineIntel



---------------  S Y S T E M  ---------------

OS: Windows 10 , 64 bit Build 18362 (10.0.18362.1082)

CPU:total 8 (initial active 8) (4 cores per cpu, 2 threads per core) family 6 model 142 stepping 10, cmov, cx8, fxsr, mmx, sse, sse2, sse3, ssse3, sse4.1, sse4.2, popcnt, avx, avx2, aes, clmul, erms, 3dnowpref, lzcnt, ht, tsc, tscinvbit, bmi1, bmi2, adx, fma

Memory: 4k page, system-wide physical 8087M (330M free)
TotalPageFile size 20375M (AvailPageFile size 9M)
current process WorkingSet (physical memory assigned to process): 356M, peak: 387M
current process commit charge ("private bytes"): 492M, peak: 511M

vm_info: Java HotSpot(TM) 64-Bit Server VM (13.0.2+8) for windows-amd64 JRE (13.0.2+8), built on Dec 11 2019 09:20:33 by "mach5one" with unknown MS VC++:1916

END.
